[1.676s] Invoking command in '/home/faps/hand-gesture_ws/src/jetbot_ros': PYTHONPATH=/home/faps/hand-gesture_ws/build/jetbot_ros/prefix_override:/home/faps/hand-gesture_ws/install/jetbot_ros/lib/python3.8/site-packages:${PYTHONPATH} /usr/bin/python3 setup.py egg_info --egg-base ../../build/jetbot_ros build --build-base /home/faps/hand-gesture_ws/build/jetbot_ros/build install --record /home/faps/hand-gesture_ws/build/jetbot_ros/install.log --install-scripts $base/lib/jetbot_ros --single-version-externally-managed
[1.955s] running egg_info
[1.955s] writing ../../build/jetbot_ros/jetbot_ros.egg-info/PKG-INFO
[1.956s] writing dependency_links to ../../build/jetbot_ros/jetbot_ros.egg-info/dependency_links.txt
[1.957s] writing entry points to ../../build/jetbot_ros/jetbot_ros.egg-info/entry_points.txt
[1.957s] writing requirements to ../../build/jetbot_ros/jetbot_ros.egg-info/requires.txt
[1.957s] writing top-level names to ../../build/jetbot_ros/jetbot_ros.egg-info/top_level.txt
[1.992s] reading manifest file '../../build/jetbot_ros/jetbot_ros.egg-info/SOURCES.txt'
[1.993s] writing manifest file '../../build/jetbot_ros/jetbot_ros.egg-info/SOURCES.txt'
[1.993s] running build
[1.993s] running build_py
[1.993s] running install
[1.996s] running install_lib
[1.998s] running install_data
[2.006s] running install_egg_info
[2.023s] removing '/home/faps/hand-gesture_ws/install/jetbot_ros/lib/python3.8/site-packages/jetbot_ros-0.0.0-py3.8.egg-info' (and everything under it)
[2.023s] Copying ../../build/jetbot_ros/jetbot_ros.egg-info to /home/faps/hand-gesture_ws/install/jetbot_ros/lib/python3.8/site-packages/jetbot_ros-0.0.0-py3.8.egg-info
[2.024s] running install_scripts
[2.046s] Installing data_collection script to /home/faps/hand-gesture_ws/install/jetbot_ros/lib/jetbot_ros
[2.047s] Installing gazebo_spawn script to /home/faps/hand-gesture_ws/install/jetbot_ros/lib/jetbot_ros
[2.050s] Installing motors_nvidia script to /home/faps/hand-gesture_ws/install/jetbot_ros/lib/jetbot_ros
[2.050s] Installing motors_sparkfun script to /home/faps/hand-gesture_ws/install/jetbot_ros/lib/jetbot_ros
[2.051s] Installing motors_waveshare script to /home/faps/hand-gesture_ws/install/jetbot_ros/lib/jetbot_ros
[2.051s] Installing nav_model script to /home/faps/hand-gesture_ws/install/jetbot_ros/lib/jetbot_ros
[2.051s] Installing oled_ssd1306 script to /home/faps/hand-gesture_ws/install/jetbot_ros/lib/jetbot_ros
[2.051s] Installing teleop_keyboard script to /home/faps/hand-gesture_ws/install/jetbot_ros/lib/jetbot_ros
[2.052s] writing list of installed files to '/home/faps/hand-gesture_ws/build/jetbot_ros/install.log'
[2.207s] Invoked command in '/home/faps/hand-gesture_ws/src/jetbot_ros' returned '0': PYTHONPATH=/home/faps/hand-gesture_ws/build/jetbot_ros/prefix_override:/home/faps/hand-gesture_ws/install/jetbot_ros/lib/python3.8/site-packages:${PYTHONPATH} /usr/bin/python3 setup.py egg_info --egg-base ../../build/jetbot_ros build --build-base /home/faps/hand-gesture_ws/build/jetbot_ros/build install --record /home/faps/hand-gesture_ws/build/jetbot_ros/install.log --install-scripts $base/lib/jetbot_ros --single-version-externally-managed
