-- Install configuration: ""
-- Installing: /home/faps/hand-gesture_ws/install/hand_gesture_control/lib/hand_gesture_control/hand_gesture_node.py
-- Up-to-date: /home/faps/hand-gesture_ws/install/hand_gesture_control/lib/hand_gesture_control/train.py
-- Up-to-date: /home/faps/hand-gesture_ws/install/hand_gesture_control/lib/hand_gesture_control/utils
-- Up-to-date: /home/faps/hand-gesture_ws/install/hand_gesture_control/lib/hand_gesture_control/utils/__init__.py
-- Installing: /home/faps/hand-gesture_ws/install/hand_gesture_control/lib/hand_gesture_control/utils/box_utils.py
-- Up-to-date: /home/faps/hand-gesture_ws/install/hand_gesture_control/lib/hand_gesture_control/utils/__pycache__
-- Up-to-date: /home/faps/hand-gesture_ws/install/hand_gesture_control/lib/hand_gesture_control/utils/__pycache__/__init__.cpython-310.pyc
-- Up-to-date: /home/faps/hand-gesture_ws/install/hand_gesture_control/lib/hand_gesture_control/utils/__pycache__/cvfpscalc.cpython-310.pyc
-- Installing: /home/faps/hand-gesture_ws/install/hand_gesture_control/lib/hand_gesture_control/utils/__pycache__/box_utils.cpython-38.pyc
-- Up-to-date: /home/faps/hand-gesture_ws/install/hand_gesture_control/lib/hand_gesture_control/utils/__pycache__/model_keypoint.cpython-310.pyc
-- Up-to-date: /home/faps/hand-gesture_ws/install/hand_gesture_control/lib/hand_gesture_control/utils/__pycache__/__init__.cpython-38.pyc
-- Up-to-date: /home/faps/hand-gesture_ws/install/hand_gesture_control/lib/hand_gesture_control/utils/__pycache__/model_keypoint.cpython-38.pyc
-- Up-to-date: /home/faps/hand-gesture_ws/install/hand_gesture_control/lib/hand_gesture_control/utils/__pycache__/cvfpscalc.cpython-38.pyc
-- Up-to-date: /home/faps/hand-gesture_ws/install/hand_gesture_control/lib/hand_gesture_control/utils/cvfpscalc.py
-- Up-to-date: /home/faps/hand-gesture_ws/install/hand_gesture_control/lib/hand_gesture_control/utils/model_keypoint.py
-- Up-to-date: /home/faps/hand-gesture_ws/install/hand_gesture_control/lib/hand_gesture_control/model
-- Up-to-date: /home/faps/hand-gesture_ws/install/hand_gesture_control/lib/hand_gesture_control/model/keypoint_classifier
-- Up-to-date: /home/faps/hand-gesture_ws/install/hand_gesture_control/lib/hand_gesture_control/model/keypoint_classifier/keypoint.csv
-- Up-to-date: /home/faps/hand-gesture_ws/install/hand_gesture_control/lib/hand_gesture_control/model/keypoint_classifier/keypoint_classifier_label.csv
-- Up-to-date: /home/faps/hand-gesture_ws/install/hand_gesture_control/lib/hand_gesture_control/model/keypoint_classifier/pytorch_keypoint_classifier.pth
-- Up-to-date: /home/faps/hand-gesture_ws/install/hand_gesture_control/lib/hand_gesture_control/model/keypoint_classifier/keypoint_classifier.py
-- Up-to-date: /home/faps/hand-gesture_ws/install/hand_gesture_control/lib/hand_gesture_control/model/keypoint_classifier/__pycache__
-- Up-to-date: /home/faps/hand-gesture_ws/install/hand_gesture_control/lib/hand_gesture_control/model/keypoint_classifier/__pycache__/__init__.cpython-310.pyc
-- Up-to-date: /home/faps/hand-gesture_ws/install/hand_gesture_control/lib/hand_gesture_control/model/keypoint_classifier/__pycache__/keypoint_classifier.cpython-310.pyc
-- Up-to-date: /home/faps/hand-gesture_ws/install/hand_gesture_control/lib/hand_gesture_control/model/keypoint_classifier/__pycache__/keypoint_classifier.cpython-38.pyc
-- Up-to-date: /home/faps/hand-gesture_ws/install/hand_gesture_control/lib/hand_gesture_control/model/keypoint_classifier/__pycache__/model_keypoint.cpython-310.pyc
-- Up-to-date: /home/faps/hand-gesture_ws/install/hand_gesture_control/lib/hand_gesture_control/model/__init__.py
-- Up-to-date: /home/faps/hand-gesture_ws/install/hand_gesture_control/lib/hand_gesture_control/model/__pycache__
-- Up-to-date: /home/faps/hand-gesture_ws/install/hand_gesture_control/lib/hand_gesture_control/model/__pycache__/__init__.cpython-310.pyc
-- Up-to-date: /home/faps/hand-gesture_ws/install/hand_gesture_control/lib/hand_gesture_control/model/__pycache__/__init__.cpython-38.pyc
-- Up-to-date: /home/faps/hand-gesture_ws/install/hand_gesture_control/share/hand_gesture_control/launch
-- Up-to-date: /home/faps/hand-gesture_ws/install/hand_gesture_control/share/hand_gesture_control/launch/launch_gesture_control.py
-- Up-to-date: /home/faps/hand-gesture_ws/install/hand_gesture_control/share/ament_index/resource_index/package_run_dependencies/hand_gesture_control
-- Up-to-date: /home/faps/hand-gesture_ws/install/hand_gesture_control/share/ament_index/resource_index/parent_prefix_path/hand_gesture_control
-- Up-to-date: /home/faps/hand-gesture_ws/install/hand_gesture_control/share/hand_gesture_control/environment/ament_prefix_path.sh
-- Up-to-date: /home/faps/hand-gesture_ws/install/hand_gesture_control/share/hand_gesture_control/environment/ament_prefix_path.dsv
-- Up-to-date: /home/faps/hand-gesture_ws/install/hand_gesture_control/share/hand_gesture_control/environment/path.sh
-- Up-to-date: /home/faps/hand-gesture_ws/install/hand_gesture_control/share/hand_gesture_control/environment/path.dsv
-- Up-to-date: /home/faps/hand-gesture_ws/install/hand_gesture_control/share/hand_gesture_control/local_setup.bash
-- Up-to-date: /home/faps/hand-gesture_ws/install/hand_gesture_control/share/hand_gesture_control/local_setup.sh
-- Up-to-date: /home/faps/hand-gesture_ws/install/hand_gesture_control/share/hand_gesture_control/local_setup.zsh
-- Up-to-date: /home/faps/hand-gesture_ws/install/hand_gesture_control/share/hand_gesture_control/local_setup.dsv
-- Installing: /home/faps/hand-gesture_ws/install/hand_gesture_control/share/hand_gesture_control/package.dsv
-- Up-to-date: /home/faps/hand-gesture_ws/install/hand_gesture_control/share/ament_index/resource_index/packages/hand_gesture_control
-- Up-to-date: /home/faps/hand-gesture_ws/install/hand_gesture_control/share/hand_gesture_control/cmake/hand_gesture_controlConfig.cmake
-- Up-to-date: /home/faps/hand-gesture_ws/install/hand_gesture_control/share/hand_gesture_control/cmake/hand_gesture_controlConfig-version.cmake
-- Up-to-date: /home/faps/hand-gesture_ws/install/hand_gesture_control/share/hand_gesture_control/package.xml
