[2.465s] DEBUG:colcon:Command line arguments: ['/usr/bin/colcon', 'build']
[2.465s] DEBUG:colcon:Parsed command line arguments: Namespace(allow_overriding=[], ament_cmake_args=None, base_paths=['.'], build_base='build', catkin_cmake_args=None, catkin_skip_building_tests=False, cmake_args=None, cmake_clean_cache=False, cmake_clean_first=False, cmake_force_configure=False, cmake_target=None, cmake_target_skip_unavailable=False, continue_on_error=False, event_handlers=None, executor='parallel', ignore_user_meta=False, install_base='install', log_base=None, log_level=None, main=<bound method BuildVerb.main of <colcon_core.verb.build.BuildVerb object at 0x7f6d05d9d4f0>>, merge_install=False, metas=['./colcon.meta'], packages_above=None, packages_above_and_dependencies=None, packages_above_depth=None, packages_end=None, packages_ignore=None, packages_ignore_regex=None, packages_select=None, packages_select_build_failed=False, packages_select_by_dep=None, packages_select_regex=None, packages_select_test_failures=False, packages_skip=None, packages_skip_build_finished=False, packages_skip_by_dep=None, packages_skip_regex=None, packages_skip_test_passed=False, packages_skip_up_to=None, packages_start=None, packages_up_to=None, packages_up_to_regex=None, parallel_workers=2, paths=None, symlink_install=False, test_result_base=None, verb_extension=<colcon_core.verb.build.BuildVerb object at 0x7f6d05d9d4f0>, verb_name='build', verb_parser=<colcon_defaults.argument_parser.defaults.DefaultArgumentsDecorator object at 0x7f6d05d95730>)
[2.553s] Level 1:colcon.colcon_core.package_discovery:discover_packages(colcon_meta) check parameters
[2.553s] Level 1:colcon.colcon_core.package_discovery:discover_packages(recursive) check parameters
[2.553s] Level 1:colcon.colcon_core.package_discovery:discover_packages(ignore) check parameters
[2.553s] Level 1:colcon.colcon_core.package_discovery:discover_packages(path) check parameters
[2.553s] Level 1:colcon.colcon_core.package_discovery:discover_packages(colcon_meta) discover
[2.553s] Level 1:colcon.colcon_core.package_discovery:discover_packages(recursive) discover
[2.553s] INFO:colcon.colcon_core.package_discovery:Crawling recursively for packages in '/home/faps/hand-gesture_ws'
[2.554s] Level 1:colcon.colcon_core.package_identification:_identify(.) by extensions ['ignore', 'ignore_ament_install']
[2.554s] Level 1:colcon.colcon_core.package_identification:_identify(.) by extension 'ignore'
[2.554s] Level 1:colcon.colcon_core.package_identification:_identify(.) by extension 'ignore_ament_install'
[2.554s] Level 1:colcon.colcon_core.package_identification:_identify(.) by extensions ['colcon_pkg']
[2.554s] Level 1:colcon.colcon_core.package_identification:_identify(.) by extension 'colcon_pkg'
[2.554s] Level 1:colcon.colcon_core.package_identification:_identify(.) by extensions ['colcon_meta']
[2.554s] Level 1:colcon.colcon_core.package_identification:_identify(.) by extension 'colcon_meta'
[2.554s] Level 1:colcon.colcon_core.package_identification:_identify(.) by extensions ['ros']
[2.554s] Level 1:colcon.colcon_core.package_identification:_identify(.) by extension 'ros'
[2.564s] Level 1:colcon.colcon_core.package_identification:_identify(.) by extensions ['cmake', 'python']
[2.564s] Level 1:colcon.colcon_core.package_identification:_identify(.) by extension 'cmake'
[2.564s] Level 1:colcon.colcon_core.package_identification:_identify(.) by extension 'python'
[2.564s] Level 1:colcon.colcon_core.package_identification:_identify(.) by extensions ['python_setup_py']
[2.564s] Level 1:colcon.colcon_core.package_identification:_identify(.) by extension 'python_setup_py'
[2.564s] Level 1:colcon.colcon_core.package_identification:_identify(build) by extensions ['ignore', 'ignore_ament_install']
[2.564s] Level 1:colcon.colcon_core.package_identification:_identify(build) by extension 'ignore'
[2.564s] Level 1:colcon.colcon_core.package_identification:_identify(build) ignored
[2.564s] Level 1:colcon.colcon_core.package_identification:_identify(install) by extensions ['ignore', 'ignore_ament_install']
[2.564s] Level 1:colcon.colcon_core.package_identification:_identify(install) by extension 'ignore'
[2.564s] Level 1:colcon.colcon_core.package_identification:_identify(install) ignored
[2.565s] Level 1:colcon.colcon_core.package_identification:_identify(log) by extensions ['ignore', 'ignore_ament_install']
[2.565s] Level 1:colcon.colcon_core.package_identification:_identify(log) by extension 'ignore'
[2.565s] Level 1:colcon.colcon_core.package_identification:_identify(log) ignored
[2.565s] Level 1:colcon.colcon_core.package_identification:_identify(src) by extensions ['ignore', 'ignore_ament_install']
[2.565s] Level 1:colcon.colcon_core.package_identification:_identify(src) by extension 'ignore'
[2.565s] Level 1:colcon.colcon_core.package_identification:_identify(src) by extension 'ignore_ament_install'
[2.565s] Level 1:colcon.colcon_core.package_identification:_identify(src) by extensions ['colcon_pkg']
[2.565s] Level 1:colcon.colcon_core.package_identification:_identify(src) by extension 'colcon_pkg'
[2.565s] Level 1:colcon.colcon_core.package_identification:_identify(src) by extensions ['colcon_meta']
[2.565s] Level 1:colcon.colcon_core.package_identification:_identify(src) by extension 'colcon_meta'
[2.565s] Level 1:colcon.colcon_core.package_identification:_identify(src) by extensions ['ros']
[2.565s] Level 1:colcon.colcon_core.package_identification:_identify(src) by extension 'ros'
[2.565s] Level 1:colcon.colcon_core.package_identification:_identify(src) by extensions ['cmake', 'python']
[2.565s] Level 1:colcon.colcon_core.package_identification:_identify(src) by extension 'cmake'
[2.565s] Level 1:colcon.colcon_core.package_identification:_identify(src) by extension 'python'
[2.565s] Level 1:colcon.colcon_core.package_identification:_identify(src) by extensions ['python_setup_py']
[2.565s] Level 1:colcon.colcon_core.package_identification:_identify(src) by extension 'python_setup_py'
[2.565s] Level 1:colcon.colcon_core.package_identification:_identify(src/hand_gesture_control) by extensions ['ignore', 'ignore_ament_install']
[2.565s] Level 1:colcon.colcon_core.package_identification:_identify(src/hand_gesture_control) by extension 'ignore'
[2.565s] Level 1:colcon.colcon_core.package_identification:_identify(src/hand_gesture_control) by extension 'ignore_ament_install'
[2.566s] Level 1:colcon.colcon_core.package_identification:_identify(src/hand_gesture_control) by extensions ['colcon_pkg']
[2.566s] Level 1:colcon.colcon_core.package_identification:_identify(src/hand_gesture_control) by extension 'colcon_pkg'
[2.566s] Level 1:colcon.colcon_core.package_identification:_identify(src/hand_gesture_control) by extensions ['colcon_meta']
[2.566s] Level 1:colcon.colcon_core.package_identification:_identify(src/hand_gesture_control) by extension 'colcon_meta'
[2.566s] Level 1:colcon.colcon_core.package_identification:_identify(src/hand_gesture_control) by extensions ['ros']
[2.566s] Level 1:colcon.colcon_core.package_identification:_identify(src/hand_gesture_control) by extension 'ros'
[2.568s] DEBUG:colcon.colcon_core.package_identification:Package 'src/hand_gesture_control' with type 'ros.ament_cmake' and name 'hand_gesture_control'
[2.568s] Level 1:colcon.colcon_core.package_identification:_identify(src/jetbot_navigation) by extensions ['ignore', 'ignore_ament_install']
[2.568s] Level 1:colcon.colcon_core.package_identification:_identify(src/jetbot_navigation) by extension 'ignore'
[2.568s] Level 1:colcon.colcon_core.package_identification:_identify(src/jetbot_navigation) by extension 'ignore_ament_install'
[2.568s] Level 1:colcon.colcon_core.package_identification:_identify(src/jetbot_navigation) by extensions ['colcon_pkg']
[2.568s] Level 1:colcon.colcon_core.package_identification:_identify(src/jetbot_navigation) by extension 'colcon_pkg'
[2.568s] Level 1:colcon.colcon_core.package_identification:_identify(src/jetbot_navigation) by extensions ['colcon_meta']
[2.568s] Level 1:colcon.colcon_core.package_identification:_identify(src/jetbot_navigation) by extension 'colcon_meta'
[2.568s] Level 1:colcon.colcon_core.package_identification:_identify(src/jetbot_navigation) by extensions ['ros']
[2.568s] Level 1:colcon.colcon_core.package_identification:_identify(src/jetbot_navigation) by extension 'ros'
[2.569s] DEBUG:colcon.colcon_core.package_identification:Package 'src/jetbot_navigation' with type 'ros.ament_python' and name 'jetbot_navigation'
[2.569s] Level 1:colcon.colcon_core.package_identification:_identify(src/jetbot_ros) by extensions ['ignore', 'ignore_ament_install']
[2.569s] Level 1:colcon.colcon_core.package_identification:_identify(src/jetbot_ros) by extension 'ignore'
[2.569s] Level 1:colcon.colcon_core.package_identification:_identify(src/jetbot_ros) by extension 'ignore_ament_install'
[2.569s] Level 1:colcon.colcon_core.package_identification:_identify(src/jetbot_ros) by extensions ['colcon_pkg']
[2.569s] Level 1:colcon.colcon_core.package_identification:_identify(src/jetbot_ros) by extension 'colcon_pkg'
[2.569s] Level 1:colcon.colcon_core.package_identification:_identify(src/jetbot_ros) by extensions ['colcon_meta']
[2.569s] Level 1:colcon.colcon_core.package_identification:_identify(src/jetbot_ros) by extension 'colcon_meta'
[2.569s] Level 1:colcon.colcon_core.package_identification:_identify(src/jetbot_ros) by extensions ['ros']
[2.569s] Level 1:colcon.colcon_core.package_identification:_identify(src/jetbot_ros) by extension 'ros'
[2.569s] DEBUG:colcon.colcon_core.package_identification:Package 'src/jetbot_ros' with type 'ros.ament_python' and name 'jetbot_ros'
[2.569s] Level 1:colcon.colcon_core.package_identification:_identify(src/robot_control) by extensions ['ignore', 'ignore_ament_install']
[2.569s] Level 1:colcon.colcon_core.package_identification:_identify(src/robot_control) by extension 'ignore'
[2.570s] Level 1:colcon.colcon_core.package_identification:_identify(src/robot_control) by extension 'ignore_ament_install'
[2.570s] Level 1:colcon.colcon_core.package_identification:_identify(src/robot_control) by extensions ['colcon_pkg']
[2.570s] Level 1:colcon.colcon_core.package_identification:_identify(src/robot_control) by extension 'colcon_pkg'
[2.570s] Level 1:colcon.colcon_core.package_identification:_identify(src/robot_control) by extensions ['colcon_meta']
[2.570s] Level 1:colcon.colcon_core.package_identification:_identify(src/robot_control) by extension 'colcon_meta'
[2.570s] Level 1:colcon.colcon_core.package_identification:_identify(src/robot_control) by extensions ['ros']
[2.570s] Level 1:colcon.colcon_core.package_identification:_identify(src/robot_control) by extension 'ros'
[2.570s] DEBUG:colcon.colcon_core.package_identification:Package 'src/robot_control' with type 'ros.ament_cmake' and name 'robot_control'
[2.570s] Level 1:colcon.colcon_core.package_identification:_identify(src/robot_description) by extensions ['ignore', 'ignore_ament_install']
[2.570s] Level 1:colcon.colcon_core.package_identification:_identify(src/robot_description) by extension 'ignore'
[2.571s] Level 1:colcon.colcon_core.package_identification:_identify(src/robot_description) by extension 'ignore_ament_install'
[2.571s] Level 1:colcon.colcon_core.package_identification:_identify(src/robot_description) by extensions ['colcon_pkg']
[2.571s] Level 1:colcon.colcon_core.package_identification:_identify(src/robot_description) by extension 'colcon_pkg'
[2.571s] Level 1:colcon.colcon_core.package_identification:_identify(src/robot_description) by extensions ['colcon_meta']
[2.571s] Level 1:colcon.colcon_core.package_identification:_identify(src/robot_description) by extension 'colcon_meta'
[2.571s] Level 1:colcon.colcon_core.package_identification:_identify(src/robot_description) by extensions ['ros']
[2.571s] Level 1:colcon.colcon_core.package_identification:_identify(src/robot_description) by extension 'ros'
[2.571s] DEBUG:colcon.colcon_core.package_identification:Package 'src/robot_description' with type 'ros.ament_cmake' and name 'robot_description'
[2.571s] Level 1:colcon.colcon_core.package_discovery:discover_packages(recursive) using defaults
[2.571s] Level 1:colcon.colcon_core.package_discovery:discover_packages(ignore) discover
[2.571s] Level 1:colcon.colcon_core.package_discovery:discover_packages(ignore) using defaults
[2.571s] Level 1:colcon.colcon_core.package_discovery:discover_packages(path) discover
[2.571s] Level 1:colcon.colcon_core.package_discovery:discover_packages(path) using defaults
[2.779s] Level 1:colcon.colcon_core.package_discovery:discover_packages(prefix_path) check parameters
[2.779s] Level 1:colcon.colcon_core.package_discovery:discover_packages(prefix_path) discover
[2.855s] DEBUG:colcon.colcon_installed_package_information.package_discovery:Found 5 installed packages in /home/faps/hand-gesture_ws/install
[2.900s] DEBUG:colcon.colcon_installed_package_information.package_discovery:Found 304 installed packages in /opt/ros/foxy
[2.902s] Level 1:colcon.colcon_core.package_discovery:discover_packages(prefix_path) using defaults
[3.069s] Level 5:colcon.colcon_core.verb:set package 'hand_gesture_control' build argument 'cmake_args' from command line to 'None'
[3.069s] Level 5:colcon.colcon_core.verb:set package 'hand_gesture_control' build argument 'cmake_target' from command line to 'None'
[3.069s] Level 5:colcon.colcon_core.verb:set package 'hand_gesture_control' build argument 'cmake_target_skip_unavailable' from command line to 'False'
[3.069s] Level 5:colcon.colcon_core.verb:set package 'hand_gesture_control' build argument 'cmake_clean_cache' from command line to 'False'
[3.069s] Level 5:colcon.colcon_core.verb:set package 'hand_gesture_control' build argument 'cmake_clean_first' from command line to 'False'
[3.069s] Level 5:colcon.colcon_core.verb:set package 'hand_gesture_control' build argument 'cmake_force_configure' from command line to 'False'
[3.069s] Level 5:colcon.colcon_core.verb:set package 'hand_gesture_control' build argument 'ament_cmake_args' from command line to 'None'
[3.069s] Level 5:colcon.colcon_core.verb:set package 'hand_gesture_control' build argument 'catkin_cmake_args' from command line to 'None'
[3.069s] Level 5:colcon.colcon_core.verb:set package 'hand_gesture_control' build argument 'catkin_skip_building_tests' from command line to 'False'
[3.069s] DEBUG:colcon.colcon_core.verb:Building package 'hand_gesture_control' with the following arguments: {'ament_cmake_args': None, 'build_base': '/home/faps/hand-gesture_ws/build/hand_gesture_control', 'catkin_cmake_args': None, 'catkin_skip_building_tests': False, 'cmake_args': None, 'cmake_clean_cache': False, 'cmake_clean_first': False, 'cmake_force_configure': False, 'cmake_target': None, 'cmake_target_skip_unavailable': False, 'install_base': '/home/faps/hand-gesture_ws/install/hand_gesture_control', 'merge_install': False, 'path': '/home/faps/hand-gesture_ws/src/hand_gesture_control', 'symlink_install': False, 'test_result_base': None}
[3.124s] Level 5:colcon.colcon_core.verb:set package 'jetbot_navigation' build argument 'cmake_args' from command line to 'None'
[3.124s] Level 5:colcon.colcon_core.verb:set package 'jetbot_navigation' build argument 'cmake_target' from command line to 'None'
[3.124s] Level 5:colcon.colcon_core.verb:set package 'jetbot_navigation' build argument 'cmake_target_skip_unavailable' from command line to 'False'
[3.124s] Level 5:colcon.colcon_core.verb:set package 'jetbot_navigation' build argument 'cmake_clean_cache' from command line to 'False'
[3.124s] Level 5:colcon.colcon_core.verb:set package 'jetbot_navigation' build argument 'cmake_clean_first' from command line to 'False'
[3.124s] Level 5:colcon.colcon_core.verb:set package 'jetbot_navigation' build argument 'cmake_force_configure' from command line to 'False'
[3.124s] Level 5:colcon.colcon_core.verb:set package 'jetbot_navigation' build argument 'ament_cmake_args' from command line to 'None'
[3.124s] Level 5:colcon.colcon_core.verb:set package 'jetbot_navigation' build argument 'catkin_cmake_args' from command line to 'None'
[3.124s] Level 5:colcon.colcon_core.verb:set package 'jetbot_navigation' build argument 'catkin_skip_building_tests' from command line to 'False'
[3.124s] DEBUG:colcon.colcon_core.verb:Building package 'jetbot_navigation' with the following arguments: {'ament_cmake_args': None, 'build_base': '/home/faps/hand-gesture_ws/build/jetbot_navigation', 'catkin_cmake_args': None, 'catkin_skip_building_tests': False, 'cmake_args': None, 'cmake_clean_cache': False, 'cmake_clean_first': False, 'cmake_force_configure': False, 'cmake_target': None, 'cmake_target_skip_unavailable': False, 'install_base': '/home/faps/hand-gesture_ws/install/jetbot_navigation', 'merge_install': False, 'path': '/home/faps/hand-gesture_ws/src/jetbot_navigation', 'symlink_install': False, 'test_result_base': None}
[3.161s] Level 5:colcon.colcon_core.verb:set package 'jetbot_ros' build argument 'cmake_args' from command line to 'None'
[3.161s] Level 5:colcon.colcon_core.verb:set package 'jetbot_ros' build argument 'cmake_target' from command line to 'None'
[3.161s] Level 5:colcon.colcon_core.verb:set package 'jetbot_ros' build argument 'cmake_target_skip_unavailable' from command line to 'False'
[3.161s] Level 5:colcon.colcon_core.verb:set package 'jetbot_ros' build argument 'cmake_clean_cache' from command line to 'False'
[3.161s] Level 5:colcon.colcon_core.verb:set package 'jetbot_ros' build argument 'cmake_clean_first' from command line to 'False'
[3.161s] Level 5:colcon.colcon_core.verb:set package 'jetbot_ros' build argument 'cmake_force_configure' from command line to 'False'
[3.161s] Level 5:colcon.colcon_core.verb:set package 'jetbot_ros' build argument 'ament_cmake_args' from command line to 'None'
[3.161s] Level 5:colcon.colcon_core.verb:set package 'jetbot_ros' build argument 'catkin_cmake_args' from command line to 'None'
[3.161s] Level 5:colcon.colcon_core.verb:set package 'jetbot_ros' build argument 'catkin_skip_building_tests' from command line to 'False'
[3.161s] DEBUG:colcon.colcon_core.verb:Building package 'jetbot_ros' with the following arguments: {'ament_cmake_args': None, 'build_base': '/home/faps/hand-gesture_ws/build/jetbot_ros', 'catkin_cmake_args': None, 'catkin_skip_building_tests': False, 'cmake_args': None, 'cmake_clean_cache': False, 'cmake_clean_first': False, 'cmake_force_configure': False, 'cmake_target': None, 'cmake_target_skip_unavailable': False, 'install_base': '/home/faps/hand-gesture_ws/install/jetbot_ros', 'merge_install': False, 'path': '/home/faps/hand-gesture_ws/src/jetbot_ros', 'symlink_install': False, 'test_result_base': None}
[3.204s] Level 5:colcon.colcon_core.verb:set package 'robot_control' build argument 'cmake_args' from command line to 'None'
[3.204s] Level 5:colcon.colcon_core.verb:set package 'robot_control' build argument 'cmake_target' from command line to 'None'
[3.204s] Level 5:colcon.colcon_core.verb:set package 'robot_control' build argument 'cmake_target_skip_unavailable' from command line to 'False'
[3.204s] Level 5:colcon.colcon_core.verb:set package 'robot_control' build argument 'cmake_clean_cache' from command line to 'False'
[3.204s] Level 5:colcon.colcon_core.verb:set package 'robot_control' build argument 'cmake_clean_first' from command line to 'False'
[3.204s] Level 5:colcon.colcon_core.verb:set package 'robot_control' build argument 'cmake_force_configure' from command line to 'False'
[3.204s] Level 5:colcon.colcon_core.verb:set package 'robot_control' build argument 'ament_cmake_args' from command line to 'None'
[3.204s] Level 5:colcon.colcon_core.verb:set package 'robot_control' build argument 'catkin_cmake_args' from command line to 'None'
[3.204s] Level 5:colcon.colcon_core.verb:set package 'robot_control' build argument 'catkin_skip_building_tests' from command line to 'False'
[3.204s] DEBUG:colcon.colcon_core.verb:Building package 'robot_control' with the following arguments: {'ament_cmake_args': None, 'build_base': '/home/faps/hand-gesture_ws/build/robot_control', 'catkin_cmake_args': None, 'catkin_skip_building_tests': False, 'cmake_args': None, 'cmake_clean_cache': False, 'cmake_clean_first': False, 'cmake_force_configure': False, 'cmake_target': None, 'cmake_target_skip_unavailable': False, 'install_base': '/home/faps/hand-gesture_ws/install/robot_control', 'merge_install': False, 'path': '/home/faps/hand-gesture_ws/src/robot_control', 'symlink_install': False, 'test_result_base': None}
[3.256s] Level 5:colcon.colcon_core.verb:set package 'robot_description' build argument 'cmake_args' from command line to 'None'
[3.256s] Level 5:colcon.colcon_core.verb:set package 'robot_description' build argument 'cmake_target' from command line to 'None'
[3.256s] Level 5:colcon.colcon_core.verb:set package 'robot_description' build argument 'cmake_target_skip_unavailable' from command line to 'False'
[3.256s] Level 5:colcon.colcon_core.verb:set package 'robot_description' build argument 'cmake_clean_cache' from command line to 'False'
[3.256s] Level 5:colcon.colcon_core.verb:set package 'robot_description' build argument 'cmake_clean_first' from command line to 'False'
[3.256s] Level 5:colcon.colcon_core.verb:set package 'robot_description' build argument 'cmake_force_configure' from command line to 'False'
[3.256s] Level 5:colcon.colcon_core.verb:set package 'robot_description' build argument 'ament_cmake_args' from command line to 'None'
[3.256s] Level 5:colcon.colcon_core.verb:set package 'robot_description' build argument 'catkin_cmake_args' from command line to 'None'
[3.256s] Level 5:colcon.colcon_core.verb:set package 'robot_description' build argument 'catkin_skip_building_tests' from command line to 'False'
[3.256s] DEBUG:colcon.colcon_core.verb:Building package 'robot_description' with the following arguments: {'ament_cmake_args': None, 'build_base': '/home/faps/hand-gesture_ws/build/robot_description', 'catkin_cmake_args': None, 'catkin_skip_building_tests': False, 'cmake_args': None, 'cmake_clean_cache': False, 'cmake_clean_first': False, 'cmake_force_configure': False, 'cmake_target': None, 'cmake_target_skip_unavailable': False, 'install_base': '/home/faps/hand-gesture_ws/install/robot_description', 'merge_install': False, 'path': '/home/faps/hand-gesture_ws/src/robot_description', 'symlink_install': False, 'test_result_base': None}
[3.294s] INFO:colcon.colcon_core.executor:Executing jobs using 'parallel' executor
[3.333s] DEBUG:colcon.colcon_parallel_executor.executor.parallel:run_until_complete
[3.334s] INFO:colcon.colcon_ros.task.ament_cmake.build:Building ROS package in '/home/faps/hand-gesture_ws/src/hand_gesture_control' with build type 'ament_cmake'
[3.334s] INFO:colcon.colcon_cmake.task.cmake.build:Building CMake package in '/home/faps/hand-gesture_ws/src/hand_gesture_control'
[3.382s] INFO:colcon.colcon_core.plugin_system:Skipping extension 'colcon_core.shell.bat': Not used on non-Windows systems
[3.382s] INFO:colcon.colcon_core.shell:Skip shell extension 'powershell' for command environment: Not usable outside of PowerShell
[3.382s] DEBUG:colcon.colcon_core.shell:Skip shell extension 'dsv' for command environment
[3.503s] INFO:colcon.colcon_ros.task.ament_python.build:Building ROS package in '/home/faps/hand-gesture_ws/src/jetbot_navigation' with build type 'ament_python'
[3.503s] Level 1:colcon.colcon_core.shell:create_environment_hook('jetbot_navigation', 'ament_prefix_path')
[3.547s] INFO:colcon.colcon_core.shell:Creating environment hook '/home/faps/hand-gesture_ws/install/jetbot_navigation/share/jetbot_navigation/hook/ament_prefix_path.ps1'
[3.548s] INFO:colcon.colcon_core.shell:Creating environment descriptor '/home/faps/hand-gesture_ws/install/jetbot_navigation/share/jetbot_navigation/hook/ament_prefix_path.dsv'
[3.548s] INFO:colcon.colcon_core.shell:Creating environment hook '/home/faps/hand-gesture_ws/install/jetbot_navigation/share/jetbot_navigation/hook/ament_prefix_path.sh'
[3.588s] INFO:colcon.colcon_core.shell:Skip shell extension 'powershell' for command environment: Not usable outside of PowerShell
[3.588s] DEBUG:colcon.colcon_core.shell:Skip shell extension 'dsv' for command environment
[3.711s] DEBUG:colcon.colcon_core.event_handler.log_command:Invoking command in '/home/faps/hand-gesture_ws/build/hand_gesture_control': CMAKE_PREFIX_PATH=${CMAKE_PREFIX_PATH}:/home/faps/hand-gesture_ws/install/jetbot_ros:/home/faps/hand-gesture_ws/install/jetbot_navigation:/opt/ros/foxy /usr/bin/cmake --build /home/faps/hand-gesture_ws/build/hand_gesture_control -- -j2 -l2
[3.942s] INFO:colcon.colcon_core.task.python.build:Building Python package in '/home/faps/hand-gesture_ws/src/jetbot_navigation'
[3.985s] INFO:colcon.colcon_core.shell:Skip shell extension 'powershell' for command environment: Not usable outside of PowerShell
[3.985s] DEBUG:colcon.colcon_core.shell:Skip shell extension 'dsv' for command environment
[4.108s] DEBUG:colcon.colcon_core.event_handler.log_command:Invoked command in '/home/faps/hand-gesture_ws/build/hand_gesture_control' returned '0': CMAKE_PREFIX_PATH=${CMAKE_PREFIX_PATH}:/home/faps/hand-gesture_ws/install/jetbot_ros:/home/faps/hand-gesture_ws/install/jetbot_navigation:/opt/ros/foxy /usr/bin/cmake --build /home/faps/hand-gesture_ws/build/hand_gesture_control -- -j2 -l2
[4.152s] DEBUG:colcon.colcon_core.event_handler.log_command:Invoking command in '/home/faps/hand-gesture_ws/build/hand_gesture_control': CMAKE_PREFIX_PATH=${CMAKE_PREFIX_PATH}:/home/faps/hand-gesture_ws/install/jetbot_ros:/home/faps/hand-gesture_ws/install/jetbot_navigation:/opt/ros/foxy /usr/bin/cmake --install /home/faps/hand-gesture_ws/build/hand_gesture_control
[4.183s] Level 1:colcon.colcon_core.environment:create_environment_scripts_only(hand_gesture_control)
[4.183s] DEBUG:colcon.colcon_core.event_handler.log_command:Invoked command in '/home/faps/hand-gesture_ws/build/hand_gesture_control' returned '0': CMAKE_PREFIX_PATH=${CMAKE_PREFIX_PATH}:/home/faps/hand-gesture_ws/install/jetbot_ros:/home/faps/hand-gesture_ws/install/jetbot_navigation:/opt/ros/foxy /usr/bin/cmake --install /home/faps/hand-gesture_ws/build/hand_gesture_control
[4.233s] Level 1:colcon.colcon_core.environment:checking '/home/faps/hand-gesture_ws/install/hand_gesture_control' for CMake module files
[4.233s] Level 1:colcon.colcon_core.environment:checking '/home/faps/hand-gesture_ws/install/hand_gesture_control' for CMake config files
[4.233s] Level 1:colcon.colcon_core.shell:create_environment_hook('hand_gesture_control', 'cmake_prefix_path')
[4.289s] INFO:colcon.colcon_core.shell:Creating environment hook '/home/faps/hand-gesture_ws/install/hand_gesture_control/share/hand_gesture_control/hook/cmake_prefix_path.ps1'
[4.289s] INFO:colcon.colcon_core.shell:Creating environment descriptor '/home/faps/hand-gesture_ws/install/hand_gesture_control/share/hand_gesture_control/hook/cmake_prefix_path.dsv'
[4.290s] INFO:colcon.colcon_core.shell:Creating environment hook '/home/faps/hand-gesture_ws/install/hand_gesture_control/share/hand_gesture_control/hook/cmake_prefix_path.sh'
[4.290s] Level 1:colcon.colcon_core.environment:checking '/home/faps/hand-gesture_ws/install/hand_gesture_control/lib'
[4.291s] Level 1:colcon.colcon_core.environment:checking '/home/faps/hand-gesture_ws/install/hand_gesture_control/bin'
[4.291s] Level 1:colcon.colcon_core.environment:checking '/home/faps/hand-gesture_ws/install/hand_gesture_control/lib/pkgconfig/hand_gesture_control.pc'
[4.291s] Level 1:colcon.colcon_core.environment:checking '/home/faps/hand-gesture_ws/install/hand_gesture_control/lib/python3.8/site-packages'
[4.291s] Level 1:colcon.colcon_core.environment:checking '/home/faps/hand-gesture_ws/install/hand_gesture_control/bin'
[4.332s] INFO:colcon.colcon_core.shell:Creating package script '/home/faps/hand-gesture_ws/install/hand_gesture_control/share/hand_gesture_control/package.ps1'
[4.333s] INFO:colcon.colcon_core.shell:Creating package descriptor '/home/faps/hand-gesture_ws/install/hand_gesture_control/share/hand_gesture_control/package.dsv'
[4.333s] INFO:colcon.colcon_core.shell:Creating package script '/home/faps/hand-gesture_ws/install/hand_gesture_control/share/hand_gesture_control/package.sh'
[4.334s] INFO:colcon.colcon_core.shell:Creating package script '/home/faps/hand-gesture_ws/install/hand_gesture_control/share/hand_gesture_control/package.bash'
[4.335s] INFO:colcon.colcon_core.shell:Creating package script '/home/faps/hand-gesture_ws/install/hand_gesture_control/share/hand_gesture_control/package.zsh'
[4.335s] Level 1:colcon.colcon_core.environment:create_file_with_runtime_dependencies(/home/faps/hand-gesture_ws/install/hand_gesture_control/share/colcon-core/packages/hand_gesture_control)
[4.410s] Level 1:colcon.colcon_core.environment:create_environment_scripts_only(hand_gesture_control)
[4.457s] Level 1:colcon.colcon_core.environment:checking '/home/faps/hand-gesture_ws/install/hand_gesture_control' for CMake module files
[4.458s] Level 1:colcon.colcon_core.environment:checking '/home/faps/hand-gesture_ws/install/hand_gesture_control' for CMake config files
[4.458s] Level 1:colcon.colcon_core.shell:create_environment_hook('hand_gesture_control', 'cmake_prefix_path')
[4.507s] INFO:colcon.colcon_core.shell:Creating environment hook '/home/faps/hand-gesture_ws/install/hand_gesture_control/share/hand_gesture_control/hook/cmake_prefix_path.ps1'
[4.508s] INFO:colcon.colcon_core.shell:Creating environment descriptor '/home/faps/hand-gesture_ws/install/hand_gesture_control/share/hand_gesture_control/hook/cmake_prefix_path.dsv'
[4.508s] INFO:colcon.colcon_core.shell:Creating environment hook '/home/faps/hand-gesture_ws/install/hand_gesture_control/share/hand_gesture_control/hook/cmake_prefix_path.sh'
[4.509s] Level 1:colcon.colcon_core.environment:checking '/home/faps/hand-gesture_ws/install/hand_gesture_control/lib'
[4.509s] Level 1:colcon.colcon_core.environment:checking '/home/faps/hand-gesture_ws/install/hand_gesture_control/bin'
[4.509s] Level 1:colcon.colcon_core.environment:checking '/home/faps/hand-gesture_ws/install/hand_gesture_control/lib/pkgconfig/hand_gesture_control.pc'
[4.510s] Level 1:colcon.colcon_core.environment:checking '/home/faps/hand-gesture_ws/install/hand_gesture_control/lib/python3.8/site-packages'
[4.510s] Level 1:colcon.colcon_core.environment:checking '/home/faps/hand-gesture_ws/install/hand_gesture_control/bin'
[4.567s] INFO:colcon.colcon_core.shell:Creating package script '/home/faps/hand-gesture_ws/install/hand_gesture_control/share/hand_gesture_control/package.ps1'
[4.568s] INFO:colcon.colcon_core.shell:Creating package descriptor '/home/faps/hand-gesture_ws/install/hand_gesture_control/share/hand_gesture_control/package.dsv'
[4.569s] INFO:colcon.colcon_core.shell:Creating package script '/home/faps/hand-gesture_ws/install/hand_gesture_control/share/hand_gesture_control/package.sh'
[4.570s] INFO:colcon.colcon_core.shell:Creating package script '/home/faps/hand-gesture_ws/install/hand_gesture_control/share/hand_gesture_control/package.bash'
[4.570s] INFO:colcon.colcon_core.shell:Creating package script '/home/faps/hand-gesture_ws/install/hand_gesture_control/share/hand_gesture_control/package.zsh'
[4.571s] Level 1:colcon.colcon_core.environment:create_file_with_runtime_dependencies(/home/faps/hand-gesture_ws/install/hand_gesture_control/share/colcon-core/packages/hand_gesture_control)
[4.572s] INFO:colcon.colcon_ros.task.ament_python.build:Building ROS package in '/home/faps/hand-gesture_ws/src/jetbot_ros' with build type 'ament_python'
[4.572s] Level 1:colcon.colcon_core.shell:create_environment_hook('jetbot_ros', 'ament_prefix_path')
[4.620s] INFO:colcon.colcon_core.shell:Creating environment hook '/home/faps/hand-gesture_ws/install/jetbot_ros/share/jetbot_ros/hook/ament_prefix_path.ps1'
[4.620s] INFO:colcon.colcon_core.shell:Creating environment descriptor '/home/faps/hand-gesture_ws/install/jetbot_ros/share/jetbot_ros/hook/ament_prefix_path.dsv'
[4.621s] INFO:colcon.colcon_core.shell:Creating environment hook '/home/faps/hand-gesture_ws/install/jetbot_ros/share/jetbot_ros/hook/ament_prefix_path.sh'
[4.670s] INFO:colcon.colcon_core.shell:Skip shell extension 'powershell' for command environment: Not usable outside of PowerShell
[4.671s] DEBUG:colcon.colcon_core.shell:Skip shell extension 'dsv' for command environment
[4.825s] DEBUG:colcon.colcon_core.event_handler.log_command:Invoking command in '/home/faps/hand-gesture_ws/src/jetbot_navigation': PYTHONPATH=/home/faps/hand-gesture_ws/build/jetbot_navigation/prefix_override:/home/faps/hand-gesture_ws/install/jetbot_navigation/lib/python3.8/site-packages:${PYTHONPATH} /usr/bin/python3 setup.py egg_info --egg-base ../../build/jetbot_navigation build --build-base /home/faps/hand-gesture_ws/build/jetbot_navigation/build install --record /home/faps/hand-gesture_ws/build/jetbot_navigation/install.log --install-scripts $base/lib/jetbot_navigation --single-version-externally-managed
[5.090s] INFO:colcon.colcon_core.task.python.build:Building Python package in '/home/faps/hand-gesture_ws/src/jetbot_ros'
[5.147s] INFO:colcon.colcon_core.shell:Skip shell extension 'powershell' for command environment: Not usable outside of PowerShell
[5.147s] DEBUG:colcon.colcon_core.shell:Skip shell extension 'dsv' for command environment
[5.287s] DEBUG:colcon.colcon_core.event_handler.log_command:Invoked command in '/home/faps/hand-gesture_ws/src/jetbot_navigation' returned '0': PYTHONPATH=/home/faps/hand-gesture_ws/build/jetbot_navigation/prefix_override:/home/faps/hand-gesture_ws/install/jetbot_navigation/lib/python3.8/site-packages:${PYTHONPATH} /usr/bin/python3 setup.py egg_info --egg-base ../../build/jetbot_navigation build --build-base /home/faps/hand-gesture_ws/build/jetbot_navigation/build install --record /home/faps/hand-gesture_ws/build/jetbot_navigation/install.log --install-scripts $base/lib/jetbot_navigation --single-version-externally-managed
[5.327s] Level 1:colcon.colcon_core.environment:checking '/home/faps/hand-gesture_ws/install/jetbot_navigation' for CMake module files
[5.328s] Level 1:colcon.colcon_core.environment:checking '/home/faps/hand-gesture_ws/install/jetbot_navigation' for CMake config files
[5.328s] Level 1:colcon.colcon_core.environment:checking '/home/faps/hand-gesture_ws/install/jetbot_navigation/lib'
[5.329s] Level 1:colcon.colcon_core.environment:checking '/home/faps/hand-gesture_ws/install/jetbot_navigation/bin'
[5.329s] Level 1:colcon.colcon_core.environment:checking '/home/faps/hand-gesture_ws/install/jetbot_navigation/lib/pkgconfig/jetbot_navigation.pc'
[5.329s] Level 1:colcon.colcon_core.environment:checking '/home/faps/hand-gesture_ws/install/jetbot_navigation/lib/python3.8/site-packages'
[5.329s] Level 1:colcon.colcon_core.shell:create_environment_hook('jetbot_navigation', 'pythonpath')
[5.368s] INFO:colcon.colcon_core.shell:Creating environment hook '/home/faps/hand-gesture_ws/install/jetbot_navigation/share/jetbot_navigation/hook/pythonpath.ps1'
[5.369s] INFO:colcon.colcon_core.shell:Creating environment descriptor '/home/faps/hand-gesture_ws/install/jetbot_navigation/share/jetbot_navigation/hook/pythonpath.dsv'
[5.369s] INFO:colcon.colcon_core.shell:Creating environment hook '/home/faps/hand-gesture_ws/install/jetbot_navigation/share/jetbot_navigation/hook/pythonpath.sh'
[5.369s] Level 1:colcon.colcon_core.environment:checking '/home/faps/hand-gesture_ws/install/jetbot_navigation/bin'
[5.370s] Level 1:colcon.colcon_core.environment:create_environment_scripts_only(jetbot_navigation)
[5.407s] INFO:colcon.colcon_core.shell:Creating package script '/home/faps/hand-gesture_ws/install/jetbot_navigation/share/jetbot_navigation/package.ps1'
[5.408s] INFO:colcon.colcon_core.shell:Creating package descriptor '/home/faps/hand-gesture_ws/install/jetbot_navigation/share/jetbot_navigation/package.dsv'
[5.409s] INFO:colcon.colcon_core.shell:Creating package script '/home/faps/hand-gesture_ws/install/jetbot_navigation/share/jetbot_navigation/package.sh'
[5.409s] INFO:colcon.colcon_core.shell:Creating package script '/home/faps/hand-gesture_ws/install/jetbot_navigation/share/jetbot_navigation/package.bash'
[5.409s] INFO:colcon.colcon_core.shell:Creating package script '/home/faps/hand-gesture_ws/install/jetbot_navigation/share/jetbot_navigation/package.zsh'
[5.410s] Level 1:colcon.colcon_core.environment:create_file_with_runtime_dependencies(/home/faps/hand-gesture_ws/install/jetbot_navigation/share/colcon-core/packages/jetbot_navigation)
[5.411s] INFO:colcon.colcon_ros.task.ament_cmake.build:Building ROS package in '/home/faps/hand-gesture_ws/src/robot_control' with build type 'ament_cmake'
[5.411s] INFO:colcon.colcon_cmake.task.cmake.build:Building CMake package in '/home/faps/hand-gesture_ws/src/robot_control'
[5.449s] INFO:colcon.colcon_core.shell:Skip shell extension 'powershell' for command environment: Not usable outside of PowerShell
[5.450s] DEBUG:colcon.colcon_core.shell:Skip shell extension 'dsv' for command environment
[5.580s] DEBUG:colcon.colcon_core.event_handler.log_command:Invoking command in '/home/faps/hand-gesture_ws/build/robot_control': CMAKE_PREFIX_PATH=${CMAKE_PREFIX_PATH}:/home/faps/hand-gesture_ws/install/jetbot_ros:/home/faps/hand-gesture_ws/install/jetbot_navigation:/opt/ros/foxy /usr/bin/cmake --build /home/faps/hand-gesture_ws/build/robot_control -- -j2 -l2
[5.641s] DEBUG:colcon.colcon_core.event_handler.log_command:Invoked command in '/home/faps/hand-gesture_ws/build/robot_control' returned '0': CMAKE_PREFIX_PATH=${CMAKE_PREFIX_PATH}:/home/faps/hand-gesture_ws/install/jetbot_ros:/home/faps/hand-gesture_ws/install/jetbot_navigation:/opt/ros/foxy /usr/bin/cmake --build /home/faps/hand-gesture_ws/build/robot_control -- -j2 -l2
[5.675s] DEBUG:colcon.colcon_core.event_handler.log_command:Invoking command in '/home/faps/hand-gesture_ws/build/robot_control': CMAKE_PREFIX_PATH=${CMAKE_PREFIX_PATH}:/home/faps/hand-gesture_ws/install/jetbot_ros:/home/faps/hand-gesture_ws/install/jetbot_navigation:/opt/ros/foxy /usr/bin/cmake --install /home/faps/hand-gesture_ws/build/robot_control
[5.690s] Level 1:colcon.colcon_core.environment:create_environment_scripts_only(robot_control)
[5.690s] DEBUG:colcon.colcon_core.event_handler.log_command:Invoked command in '/home/faps/hand-gesture_ws/build/robot_control' returned '0': CMAKE_PREFIX_PATH=${CMAKE_PREFIX_PATH}:/home/faps/hand-gesture_ws/install/jetbot_ros:/home/faps/hand-gesture_ws/install/jetbot_navigation:/opt/ros/foxy /usr/bin/cmake --install /home/faps/hand-gesture_ws/build/robot_control
[5.744s] Level 1:colcon.colcon_core.environment:checking '/home/faps/hand-gesture_ws/install/robot_control' for CMake module files
[5.745s] Level 1:colcon.colcon_core.environment:checking '/home/faps/hand-gesture_ws/install/robot_control' for CMake config files
[5.745s] Level 1:colcon.colcon_core.shell:create_environment_hook('robot_control', 'cmake_prefix_path')
[5.788s] INFO:colcon.colcon_core.shell:Creating environment hook '/home/faps/hand-gesture_ws/install/robot_control/share/robot_control/hook/cmake_prefix_path.ps1'
[5.789s] INFO:colcon.colcon_core.shell:Creating environment descriptor '/home/faps/hand-gesture_ws/install/robot_control/share/robot_control/hook/cmake_prefix_path.dsv'
[5.790s] INFO:colcon.colcon_core.shell:Creating environment hook '/home/faps/hand-gesture_ws/install/robot_control/share/robot_control/hook/cmake_prefix_path.sh'
[5.791s] Level 1:colcon.colcon_core.environment:checking '/home/faps/hand-gesture_ws/install/robot_control/lib'
[5.791s] Level 1:colcon.colcon_core.environment:checking '/home/faps/hand-gesture_ws/install/robot_control/bin'
[5.791s] Level 1:colcon.colcon_core.environment:checking '/home/faps/hand-gesture_ws/install/robot_control/lib/pkgconfig/robot_control.pc'
[5.791s] Level 1:colcon.colcon_core.environment:checking '/home/faps/hand-gesture_ws/install/robot_control/lib/python3.8/site-packages'
[5.792s] Level 1:colcon.colcon_core.environment:checking '/home/faps/hand-gesture_ws/install/robot_control/bin'
[5.839s] INFO:colcon.colcon_core.shell:Creating package script '/home/faps/hand-gesture_ws/install/robot_control/share/robot_control/package.ps1'
[5.840s] INFO:colcon.colcon_core.shell:Creating package descriptor '/home/faps/hand-gesture_ws/install/robot_control/share/robot_control/package.dsv'
[5.840s] INFO:colcon.colcon_core.shell:Creating package script '/home/faps/hand-gesture_ws/install/robot_control/share/robot_control/package.sh'
[5.841s] INFO:colcon.colcon_core.shell:Creating package script '/home/faps/hand-gesture_ws/install/robot_control/share/robot_control/package.bash'
[5.841s] INFO:colcon.colcon_core.shell:Creating package script '/home/faps/hand-gesture_ws/install/robot_control/share/robot_control/package.zsh'
[5.842s] Level 1:colcon.colcon_core.environment:create_file_with_runtime_dependencies(/home/faps/hand-gesture_ws/install/robot_control/share/colcon-core/packages/robot_control)
[5.923s] Level 1:colcon.colcon_core.environment:create_environment_scripts_only(robot_control)
[5.971s] Level 1:colcon.colcon_core.environment:checking '/home/faps/hand-gesture_ws/install/robot_control' for CMake module files
[5.972s] Level 1:colcon.colcon_core.environment:checking '/home/faps/hand-gesture_ws/install/robot_control' for CMake config files
[5.972s] Level 1:colcon.colcon_core.shell:create_environment_hook('robot_control', 'cmake_prefix_path')
[6.027s] INFO:colcon.colcon_core.shell:Creating environment hook '/home/faps/hand-gesture_ws/install/robot_control/share/robot_control/hook/cmake_prefix_path.ps1'
[6.028s] INFO:colcon.colcon_core.shell:Creating environment descriptor '/home/faps/hand-gesture_ws/install/robot_control/share/robot_control/hook/cmake_prefix_path.dsv'
[6.029s] INFO:colcon.colcon_core.shell:Creating environment hook '/home/faps/hand-gesture_ws/install/robot_control/share/robot_control/hook/cmake_prefix_path.sh'
[6.030s] Level 1:colcon.colcon_core.environment:checking '/home/faps/hand-gesture_ws/install/robot_control/lib'
[6.030s] Level 1:colcon.colcon_core.environment:checking '/home/faps/hand-gesture_ws/install/robot_control/bin'
[6.030s] Level 1:colcon.colcon_core.environment:checking '/home/faps/hand-gesture_ws/install/robot_control/lib/pkgconfig/robot_control.pc'
[6.030s] Level 1:colcon.colcon_core.environment:checking '/home/faps/hand-gesture_ws/install/robot_control/lib/python3.8/site-packages'
[6.030s] Level 1:colcon.colcon_core.environment:checking '/home/faps/hand-gesture_ws/install/robot_control/bin'
[6.078s] INFO:colcon.colcon_core.shell:Creating package script '/home/faps/hand-gesture_ws/install/robot_control/share/robot_control/package.ps1'
[6.079s] INFO:colcon.colcon_core.shell:Creating package descriptor '/home/faps/hand-gesture_ws/install/robot_control/share/robot_control/package.dsv'
[6.079s] INFO:colcon.colcon_core.shell:Creating package script '/home/faps/hand-gesture_ws/install/robot_control/share/robot_control/package.sh'
[6.080s] INFO:colcon.colcon_core.shell:Creating package script '/home/faps/hand-gesture_ws/install/robot_control/share/robot_control/package.bash'
[6.080s] INFO:colcon.colcon_core.shell:Creating package script '/home/faps/hand-gesture_ws/install/robot_control/share/robot_control/package.zsh'
[6.081s] Level 1:colcon.colcon_core.environment:create_file_with_runtime_dependencies(/home/faps/hand-gesture_ws/install/robot_control/share/colcon-core/packages/robot_control)
[6.082s] INFO:colcon.colcon_ros.task.ament_cmake.build:Building ROS package in '/home/faps/hand-gesture_ws/src/robot_description' with build type 'ament_cmake'
[6.082s] INFO:colcon.colcon_cmake.task.cmake.build:Building CMake package in '/home/faps/hand-gesture_ws/src/robot_description'
[6.124s] INFO:colcon.colcon_core.shell:Skip shell extension 'powershell' for command environment: Not usable outside of PowerShell
[6.125s] DEBUG:colcon.colcon_core.shell:Skip shell extension 'dsv' for command environment
[6.248s] DEBUG:colcon.colcon_core.event_handler.log_command:Invoking command in '/home/faps/hand-gesture_ws/src/jetbot_ros': PYTHONPATH=/home/faps/hand-gesture_ws/build/jetbot_ros/prefix_override:/home/faps/hand-gesture_ws/install/jetbot_ros/lib/python3.8/site-packages:${PYTHONPATH} /usr/bin/python3 setup.py egg_info --egg-base ../../build/jetbot_ros build --build-base /home/faps/hand-gesture_ws/build/jetbot_ros/build install --record /home/faps/hand-gesture_ws/build/jetbot_ros/install.log --install-scripts $base/lib/jetbot_ros --single-version-externally-managed
[6.257s] DEBUG:colcon.colcon_core.event_handler.log_command:Invoking command in '/home/faps/hand-gesture_ws/build/robot_description': CMAKE_PREFIX_PATH=${CMAKE_PREFIX_PATH}:/home/faps/hand-gesture_ws/install/jetbot_ros:/home/faps/hand-gesture_ws/install/jetbot_navigation:/opt/ros/foxy /usr/bin/cmake --build /home/faps/hand-gesture_ws/build/robot_description -- -j2 -l2
[6.307s] DEBUG:colcon.colcon_core.event_handler.log_command:Invoked command in '/home/faps/hand-gesture_ws/build/robot_description' returned '0': CMAKE_PREFIX_PATH=${CMAKE_PREFIX_PATH}:/home/faps/hand-gesture_ws/install/jetbot_ros:/home/faps/hand-gesture_ws/install/jetbot_navigation:/opt/ros/foxy /usr/bin/cmake --build /home/faps/hand-gesture_ws/build/robot_description -- -j2 -l2
[6.346s] DEBUG:colcon.colcon_core.event_handler.log_command:Invoking command in '/home/faps/hand-gesture_ws/build/robot_description': CMAKE_PREFIX_PATH=${CMAKE_PREFIX_PATH}:/home/faps/hand-gesture_ws/install/jetbot_ros:/home/faps/hand-gesture_ws/install/jetbot_navigation:/opt/ros/foxy /usr/bin/cmake --install /home/faps/hand-gesture_ws/build/robot_description
[6.361s] Level 1:colcon.colcon_core.environment:create_environment_scripts_only(robot_description)
[6.361s] DEBUG:colcon.colcon_core.event_handler.log_command:Invoked command in '/home/faps/hand-gesture_ws/build/robot_description' returned '0': CMAKE_PREFIX_PATH=${CMAKE_PREFIX_PATH}:/home/faps/hand-gesture_ws/install/jetbot_ros:/home/faps/hand-gesture_ws/install/jetbot_navigation:/opt/ros/foxy /usr/bin/cmake --install /home/faps/hand-gesture_ws/build/robot_description
[6.412s] Level 1:colcon.colcon_core.environment:checking '/home/faps/hand-gesture_ws/install/robot_description' for CMake module files
[6.413s] Level 1:colcon.colcon_core.environment:checking '/home/faps/hand-gesture_ws/install/robot_description' for CMake config files
[6.413s] Level 1:colcon.colcon_core.shell:create_environment_hook('robot_description', 'cmake_prefix_path')
[6.461s] INFO:colcon.colcon_core.shell:Creating environment hook '/home/faps/hand-gesture_ws/install/robot_description/share/robot_description/hook/cmake_prefix_path.ps1'
[6.462s] INFO:colcon.colcon_core.shell:Creating environment descriptor '/home/faps/hand-gesture_ws/install/robot_description/share/robot_description/hook/cmake_prefix_path.dsv'
[6.463s] INFO:colcon.colcon_core.shell:Creating environment hook '/home/faps/hand-gesture_ws/install/robot_description/share/robot_description/hook/cmake_prefix_path.sh'
[6.463s] Level 1:colcon.colcon_core.environment:checking '/home/faps/hand-gesture_ws/install/robot_description/bin'
[6.463s] Level 1:colcon.colcon_core.environment:checking '/home/faps/hand-gesture_ws/install/robot_description/lib/pkgconfig/robot_description.pc'
[6.463s] Level 1:colcon.colcon_core.environment:checking '/home/faps/hand-gesture_ws/install/robot_description/lib/python3.8/site-packages'
[6.464s] Level 1:colcon.colcon_core.environment:checking '/home/faps/hand-gesture_ws/install/robot_description/bin'
[6.503s] INFO:colcon.colcon_core.shell:Creating package script '/home/faps/hand-gesture_ws/install/robot_description/share/robot_description/package.ps1'
[6.503s] INFO:colcon.colcon_core.shell:Creating package descriptor '/home/faps/hand-gesture_ws/install/robot_description/share/robot_description/package.dsv'
[6.504s] INFO:colcon.colcon_core.shell:Creating package script '/home/faps/hand-gesture_ws/install/robot_description/share/robot_description/package.sh'
[6.504s] INFO:colcon.colcon_core.shell:Creating package script '/home/faps/hand-gesture_ws/install/robot_description/share/robot_description/package.bash'
[6.505s] INFO:colcon.colcon_core.shell:Creating package script '/home/faps/hand-gesture_ws/install/robot_description/share/robot_description/package.zsh'
[6.505s] Level 1:colcon.colcon_core.environment:create_file_with_runtime_dependencies(/home/faps/hand-gesture_ws/install/robot_description/share/colcon-core/packages/robot_description)
[6.600s] Level 1:colcon.colcon_core.environment:create_environment_scripts_only(robot_description)
[6.652s] Level 1:colcon.colcon_core.environment:checking '/home/faps/hand-gesture_ws/install/robot_description' for CMake module files
[6.652s] Level 1:colcon.colcon_core.environment:checking '/home/faps/hand-gesture_ws/install/robot_description' for CMake config files
[6.653s] Level 1:colcon.colcon_core.shell:create_environment_hook('robot_description', 'cmake_prefix_path')
[6.697s] INFO:colcon.colcon_core.shell:Creating environment hook '/home/faps/hand-gesture_ws/install/robot_description/share/robot_description/hook/cmake_prefix_path.ps1'
[6.698s] INFO:colcon.colcon_core.shell:Creating environment descriptor '/home/faps/hand-gesture_ws/install/robot_description/share/robot_description/hook/cmake_prefix_path.dsv'
[6.698s] INFO:colcon.colcon_core.shell:Creating environment hook '/home/faps/hand-gesture_ws/install/robot_description/share/robot_description/hook/cmake_prefix_path.sh'
[6.699s] Level 1:colcon.colcon_core.environment:checking '/home/faps/hand-gesture_ws/install/robot_description/bin'
[6.699s] Level 1:colcon.colcon_core.environment:checking '/home/faps/hand-gesture_ws/install/robot_description/lib/pkgconfig/robot_description.pc'
[6.699s] Level 1:colcon.colcon_core.environment:checking '/home/faps/hand-gesture_ws/install/robot_description/lib/python3.8/site-packages'
[6.699s] Level 1:colcon.colcon_core.environment:checking '/home/faps/hand-gesture_ws/install/robot_description/bin'
[6.738s] INFO:colcon.colcon_core.shell:Creating package script '/home/faps/hand-gesture_ws/install/robot_description/share/robot_description/package.ps1'
[6.738s] INFO:colcon.colcon_core.shell:Creating package descriptor '/home/faps/hand-gesture_ws/install/robot_description/share/robot_description/package.dsv'
[6.739s] INFO:colcon.colcon_core.shell:Creating package script '/home/faps/hand-gesture_ws/install/robot_description/share/robot_description/package.sh'
[6.739s] INFO:colcon.colcon_core.shell:Creating package script '/home/faps/hand-gesture_ws/install/robot_description/share/robot_description/package.bash'
[6.740s] INFO:colcon.colcon_core.shell:Creating package script '/home/faps/hand-gesture_ws/install/robot_description/share/robot_description/package.zsh'
[6.740s] Level 1:colcon.colcon_core.environment:create_file_with_runtime_dependencies(/home/faps/hand-gesture_ws/install/robot_description/share/colcon-core/packages/robot_description)
[6.742s] DEBUG:colcon.colcon_core.event_handler.log_command:Invoked command in '/home/faps/hand-gesture_ws/src/jetbot_ros' returned '0': PYTHONPATH=/home/faps/hand-gesture_ws/build/jetbot_ros/prefix_override:/home/faps/hand-gesture_ws/install/jetbot_ros/lib/python3.8/site-packages:${PYTHONPATH} /usr/bin/python3 setup.py egg_info --egg-base ../../build/jetbot_ros build --build-base /home/faps/hand-gesture_ws/build/jetbot_ros/build install --record /home/faps/hand-gesture_ws/build/jetbot_ros/install.log --install-scripts $base/lib/jetbot_ros --single-version-externally-managed
[6.783s] Level 1:colcon.colcon_core.environment:checking '/home/faps/hand-gesture_ws/install/jetbot_ros' for CMake module files
[6.784s] Level 1:colcon.colcon_core.environment:checking '/home/faps/hand-gesture_ws/install/jetbot_ros' for CMake config files
[6.784s] Level 1:colcon.colcon_core.environment:checking '/home/faps/hand-gesture_ws/install/jetbot_ros/lib'
[6.785s] Level 1:colcon.colcon_core.environment:checking '/home/faps/hand-gesture_ws/install/jetbot_ros/bin'
[6.785s] Level 1:colcon.colcon_core.environment:checking '/home/faps/hand-gesture_ws/install/jetbot_ros/lib/pkgconfig/jetbot_ros.pc'
[6.785s] Level 1:colcon.colcon_core.environment:checking '/home/faps/hand-gesture_ws/install/jetbot_ros/lib/python3.8/site-packages'
[6.785s] Level 1:colcon.colcon_core.shell:create_environment_hook('jetbot_ros', 'pythonpath')
[6.825s] INFO:colcon.colcon_core.shell:Creating environment hook '/home/faps/hand-gesture_ws/install/jetbot_ros/share/jetbot_ros/hook/pythonpath.ps1'
[6.826s] INFO:colcon.colcon_core.shell:Creating environment descriptor '/home/faps/hand-gesture_ws/install/jetbot_ros/share/jetbot_ros/hook/pythonpath.dsv'
[6.826s] INFO:colcon.colcon_core.shell:Creating environment hook '/home/faps/hand-gesture_ws/install/jetbot_ros/share/jetbot_ros/hook/pythonpath.sh'
[6.827s] Level 1:colcon.colcon_core.environment:checking '/home/faps/hand-gesture_ws/install/jetbot_ros/bin'
[6.827s] Level 1:colcon.colcon_core.environment:create_environment_scripts_only(jetbot_ros)
[6.863s] INFO:colcon.colcon_core.shell:Creating package script '/home/faps/hand-gesture_ws/install/jetbot_ros/share/jetbot_ros/package.ps1'
[6.864s] INFO:colcon.colcon_core.shell:Creating package descriptor '/home/faps/hand-gesture_ws/install/jetbot_ros/share/jetbot_ros/package.dsv'
[6.864s] INFO:colcon.colcon_core.shell:Creating package script '/home/faps/hand-gesture_ws/install/jetbot_ros/share/jetbot_ros/package.sh'
[6.865s] INFO:colcon.colcon_core.shell:Creating package script '/home/faps/hand-gesture_ws/install/jetbot_ros/share/jetbot_ros/package.bash'
[6.865s] INFO:colcon.colcon_core.shell:Creating package script '/home/faps/hand-gesture_ws/install/jetbot_ros/share/jetbot_ros/package.zsh'
[6.866s] Level 1:colcon.colcon_core.environment:create_file_with_runtime_dependencies(/home/faps/hand-gesture_ws/install/jetbot_ros/share/colcon-core/packages/jetbot_ros)
[6.866s] DEBUG:colcon.colcon_parallel_executor.executor.parallel:closing loop
[6.866s] DEBUG:colcon.colcon_parallel_executor.executor.parallel:loop closed
[6.866s] DEBUG:colcon.colcon_parallel_executor.executor.parallel:run_until_complete finished with '0'
[6.866s] DEBUG:colcon.colcon_core.event_reactor:joining thread
[6.918s] INFO:colcon.colcon_core.plugin_system:Skipping extension 'colcon_notification.desktop_notification.terminal_notifier': Not used on non-Darwin systems
[6.919s] INFO:colcon.colcon_core.plugin_system:Skipping extension 'colcon_notification.desktop_notification.win32': Not used on non-Windows systems
[6.919s] INFO:colcon.colcon_notification.desktop_notification:Sending desktop notification using 'notify2'
[6.934s] DEBUG:colcon.colcon_core.event_reactor:joined thread
[6.979s] INFO:colcon.colcon_core.shell:Creating prefix script '/home/faps/hand-gesture_ws/install/local_setup.ps1'
[6.980s] INFO:colcon.colcon_core.shell:Creating prefix util module '/home/faps/hand-gesture_ws/install/_local_setup_util_ps1.py'
[6.982s] INFO:colcon.colcon_core.shell:Creating prefix chain script '/home/faps/hand-gesture_ws/install/setup.ps1'
[7.024s] INFO:colcon.colcon_core.shell:Creating prefix script '/home/faps/hand-gesture_ws/install/local_setup.sh'
[7.025s] INFO:colcon.colcon_core.shell:Creating prefix util module '/home/faps/hand-gesture_ws/install/_local_setup_util_sh.py'
[7.025s] INFO:colcon.colcon_core.shell:Creating prefix chain script '/home/faps/hand-gesture_ws/install/setup.sh'
[7.067s] INFO:colcon.colcon_core.shell:Creating prefix script '/home/faps/hand-gesture_ws/install/local_setup.bash'
[7.068s] INFO:colcon.colcon_core.shell:Creating prefix chain script '/home/faps/hand-gesture_ws/install/setup.bash'
[7.109s] INFO:colcon.colcon_core.shell:Creating prefix script '/home/faps/hand-gesture_ws/install/local_setup.zsh'
[7.110s] INFO:colcon.colcon_core.shell:Creating prefix chain script '/home/faps/hand-gesture_ws/install/setup.zsh'
