[2.252s] DEBUG:colcon:Command line arguments: ['/usr/bin/colcon', 'build']
[2.252s] DEBUG:colcon:Parsed command line arguments: Namespace(allow_overriding=[], ament_cmake_args=None, base_paths=['.'], build_base='build', catkin_cmake_args=None, catkin_skip_building_tests=False, cmake_args=None, cmake_clean_cache=False, cmake_clean_first=False, cmake_force_configure=False, cmake_target=None, cmake_target_skip_unavailable=False, continue_on_error=False, event_handlers=None, executor='parallel', ignore_user_meta=False, install_base='install', log_base=None, log_level=None, main=<bound method BuildVerb.main of <colcon_core.verb.build.BuildVerb object at 0x7f83fb379760>>, merge_install=False, metas=['./colcon.meta'], packages_above=None, packages_above_and_dependencies=None, packages_above_depth=None, packages_end=None, packages_ignore=None, packages_ignore_regex=None, packages_select=None, packages_select_build_failed=False, packages_select_by_dep=None, packages_select_regex=None, packages_select_test_failures=False, packages_skip=None, packages_skip_build_finished=False, packages_skip_by_dep=None, packages_skip_regex=None, packages_skip_test_passed=False, packages_skip_up_to=None, packages_start=None, packages_up_to=None, packages_up_to_regex=None, parallel_workers=2, paths=None, symlink_install=False, test_result_base=None, verb_extension=<colcon_core.verb.build.BuildVerb object at 0x7f83fb379760>, verb_name='build', verb_parser=<colcon_defaults.argument_parser.defaults.DefaultArgumentsDecorator object at 0x7f83fb379250>)
[2.363s] Level 1:colcon.colcon_core.package_discovery:discover_packages(colcon_meta) check parameters
[2.363s] Level 1:colcon.colcon_core.package_discovery:discover_packages(recursive) check parameters
[2.363s] Level 1:colcon.colcon_core.package_discovery:discover_packages(ignore) check parameters
[2.363s] Level 1:colcon.colcon_core.package_discovery:discover_packages(path) check parameters
[2.363s] Level 1:colcon.colcon_core.package_discovery:discover_packages(colcon_meta) discover
[2.363s] Level 1:colcon.colcon_core.package_discovery:discover_packages(recursive) discover
[2.363s] INFO:colcon.colcon_core.package_discovery:Crawling recursively for packages in '/home/faps/hand-gesture_ws'
[2.363s] Level 1:colcon.colcon_core.package_identification:_identify(.) by extensions ['ignore', 'ignore_ament_install']
[2.363s] Level 1:colcon.colcon_core.package_identification:_identify(.) by extension 'ignore'
[2.363s] Level 1:colcon.colcon_core.package_identification:_identify(.) by extension 'ignore_ament_install'
[2.363s] Level 1:colcon.colcon_core.package_identification:_identify(.) by extensions ['colcon_pkg']
[2.363s] Level 1:colcon.colcon_core.package_identification:_identify(.) by extension 'colcon_pkg'
[2.363s] Level 1:colcon.colcon_core.package_identification:_identify(.) by extensions ['colcon_meta']
[2.364s] Level 1:colcon.colcon_core.package_identification:_identify(.) by extension 'colcon_meta'
[2.364s] Level 1:colcon.colcon_core.package_identification:_identify(.) by extensions ['ros']
[2.364s] Level 1:colcon.colcon_core.package_identification:_identify(.) by extension 'ros'
[2.383s] Level 1:colcon.colcon_core.package_identification:_identify(.) by extensions ['cmake', 'python']
[2.383s] Level 1:colcon.colcon_core.package_identification:_identify(.) by extension 'cmake'
[2.384s] Level 1:colcon.colcon_core.package_identification:_identify(.) by extension 'python'
[2.384s] Level 1:colcon.colcon_core.package_identification:_identify(.) by extensions ['python_setup_py']
[2.384s] Level 1:colcon.colcon_core.package_identification:_identify(.) by extension 'python_setup_py'
[2.384s] Level 1:colcon.colcon_core.package_identification:_identify(build) by extensions ['ignore', 'ignore_ament_install']
[2.384s] Level 1:colcon.colcon_core.package_identification:_identify(build) by extension 'ignore'
[2.384s] Level 1:colcon.colcon_core.package_identification:_identify(build) ignored
[2.384s] Level 1:colcon.colcon_core.package_identification:_identify(install) by extensions ['ignore', 'ignore_ament_install']
[2.384s] Level 1:colcon.colcon_core.package_identification:_identify(install) by extension 'ignore'
[2.384s] Level 1:colcon.colcon_core.package_identification:_identify(install) ignored
[2.384s] Level 1:colcon.colcon_core.package_identification:_identify(log) by extensions ['ignore', 'ignore_ament_install']
[2.385s] Level 1:colcon.colcon_core.package_identification:_identify(log) by extension 'ignore'
[2.385s] Level 1:colcon.colcon_core.package_identification:_identify(log) ignored
[2.385s] Level 1:colcon.colcon_core.package_identification:_identify(src) by extensions ['ignore', 'ignore_ament_install']
[2.385s] Level 1:colcon.colcon_core.package_identification:_identify(src) by extension 'ignore'
[2.385s] Level 1:colcon.colcon_core.package_identification:_identify(src) by extension 'ignore_ament_install'
[2.385s] Level 1:colcon.colcon_core.package_identification:_identify(src) by extensions ['colcon_pkg']
[2.385s] Level 1:colcon.colcon_core.package_identification:_identify(src) by extension 'colcon_pkg'
[2.385s] Level 1:colcon.colcon_core.package_identification:_identify(src) by extensions ['colcon_meta']
[2.385s] Level 1:colcon.colcon_core.package_identification:_identify(src) by extension 'colcon_meta'
[2.385s] Level 1:colcon.colcon_core.package_identification:_identify(src) by extensions ['ros']
[2.385s] Level 1:colcon.colcon_core.package_identification:_identify(src) by extension 'ros'
[2.385s] Level 1:colcon.colcon_core.package_identification:_identify(src) by extensions ['cmake', 'python']
[2.385s] Level 1:colcon.colcon_core.package_identification:_identify(src) by extension 'cmake'
[2.385s] Level 1:colcon.colcon_core.package_identification:_identify(src) by extension 'python'
[2.385s] Level 1:colcon.colcon_core.package_identification:_identify(src) by extensions ['python_setup_py']
[2.385s] Level 1:colcon.colcon_core.package_identification:_identify(src) by extension 'python_setup_py'
[2.385s] Level 1:colcon.colcon_core.package_identification:_identify(src/hand_gesture_control) by extensions ['ignore', 'ignore_ament_install']
[2.386s] Level 1:colcon.colcon_core.package_identification:_identify(src/hand_gesture_control) by extension 'ignore'
[2.386s] Level 1:colcon.colcon_core.package_identification:_identify(src/hand_gesture_control) by extension 'ignore_ament_install'
[2.386s] Level 1:colcon.colcon_core.package_identification:_identify(src/hand_gesture_control) by extensions ['colcon_pkg']
[2.386s] Level 1:colcon.colcon_core.package_identification:_identify(src/hand_gesture_control) by extension 'colcon_pkg'
[2.386s] Level 1:colcon.colcon_core.package_identification:_identify(src/hand_gesture_control) by extensions ['colcon_meta']
[2.386s] Level 1:colcon.colcon_core.package_identification:_identify(src/hand_gesture_control) by extension 'colcon_meta'
[2.386s] Level 1:colcon.colcon_core.package_identification:_identify(src/hand_gesture_control) by extensions ['ros']
[2.386s] Level 1:colcon.colcon_core.package_identification:_identify(src/hand_gesture_control) by extension 'ros'
[2.389s] DEBUG:colcon.colcon_core.package_identification:Package 'src/hand_gesture_control' with type 'ros.ament_cmake' and name 'hand_gesture_control'
[2.390s] Level 1:colcon.colcon_core.package_identification:_identify(src/jetbot_navigation) by extensions ['ignore', 'ignore_ament_install']
[2.390s] Level 1:colcon.colcon_core.package_identification:_identify(src/jetbot_navigation) by extension 'ignore'
[2.390s] Level 1:colcon.colcon_core.package_identification:_identify(src/jetbot_navigation) by extension 'ignore_ament_install'
[2.390s] Level 1:colcon.colcon_core.package_identification:_identify(src/jetbot_navigation) by extensions ['colcon_pkg']
[2.390s] Level 1:colcon.colcon_core.package_identification:_identify(src/jetbot_navigation) by extension 'colcon_pkg'
[2.390s] Level 1:colcon.colcon_core.package_identification:_identify(src/jetbot_navigation) by extensions ['colcon_meta']
[2.390s] Level 1:colcon.colcon_core.package_identification:_identify(src/jetbot_navigation) by extension 'colcon_meta'
[2.390s] Level 1:colcon.colcon_core.package_identification:_identify(src/jetbot_navigation) by extensions ['ros']
[2.390s] Level 1:colcon.colcon_core.package_identification:_identify(src/jetbot_navigation) by extension 'ros'
[2.391s] DEBUG:colcon.colcon_core.package_identification:Package 'src/jetbot_navigation' with type 'ros.ament_python' and name 'jetbot_navigation'
[2.391s] Level 1:colcon.colcon_core.package_identification:_identify(src/jetbot_ros) by extensions ['ignore', 'ignore_ament_install']
[2.391s] Level 1:colcon.colcon_core.package_identification:_identify(src/jetbot_ros) by extension 'ignore'
[2.391s] Level 1:colcon.colcon_core.package_identification:_identify(src/jetbot_ros) by extension 'ignore_ament_install'
[2.391s] Level 1:colcon.colcon_core.package_identification:_identify(src/jetbot_ros) by extensions ['colcon_pkg']
[2.391s] Level 1:colcon.colcon_core.package_identification:_identify(src/jetbot_ros) by extension 'colcon_pkg'
[2.391s] Level 1:colcon.colcon_core.package_identification:_identify(src/jetbot_ros) by extensions ['colcon_meta']
[2.391s] Level 1:colcon.colcon_core.package_identification:_identify(src/jetbot_ros) by extension 'colcon_meta'
[2.392s] Level 1:colcon.colcon_core.package_identification:_identify(src/jetbot_ros) by extensions ['ros']
[2.392s] Level 1:colcon.colcon_core.package_identification:_identify(src/jetbot_ros) by extension 'ros'
[2.392s] DEBUG:colcon.colcon_core.package_identification:Package 'src/jetbot_ros' with type 'ros.ament_python' and name 'jetbot_ros'
[2.393s] Level 1:colcon.colcon_core.package_identification:_identify(src/robot_control) by extensions ['ignore', 'ignore_ament_install']
[2.393s] Level 1:colcon.colcon_core.package_identification:_identify(src/robot_control) by extension 'ignore'
[2.393s] Level 1:colcon.colcon_core.package_identification:_identify(src/robot_control) by extension 'ignore_ament_install'
[2.393s] Level 1:colcon.colcon_core.package_identification:_identify(src/robot_control) by extensions ['colcon_pkg']
[2.393s] Level 1:colcon.colcon_core.package_identification:_identify(src/robot_control) by extension 'colcon_pkg'
[2.393s] Level 1:colcon.colcon_core.package_identification:_identify(src/robot_control) by extensions ['colcon_meta']
[2.393s] Level 1:colcon.colcon_core.package_identification:_identify(src/robot_control) by extension 'colcon_meta'
[2.393s] Level 1:colcon.colcon_core.package_identification:_identify(src/robot_control) by extensions ['ros']
[2.393s] Level 1:colcon.colcon_core.package_identification:_identify(src/robot_control) by extension 'ros'
[2.394s] DEBUG:colcon.colcon_core.package_identification:Package 'src/robot_control' with type 'ros.ament_cmake' and name 'robot_control'
[2.394s] Level 1:colcon.colcon_core.package_identification:_identify(src/robot_description) by extensions ['ignore', 'ignore_ament_install']
[2.394s] Level 1:colcon.colcon_core.package_identification:_identify(src/robot_description) by extension 'ignore'
[2.394s] Level 1:colcon.colcon_core.package_identification:_identify(src/robot_description) by extension 'ignore_ament_install'
[2.394s] Level 1:colcon.colcon_core.package_identification:_identify(src/robot_description) by extensions ['colcon_pkg']
[2.394s] Level 1:colcon.colcon_core.package_identification:_identify(src/robot_description) by extension 'colcon_pkg'
[2.394s] Level 1:colcon.colcon_core.package_identification:_identify(src/robot_description) by extensions ['colcon_meta']
[2.394s] Level 1:colcon.colcon_core.package_identification:_identify(src/robot_description) by extension 'colcon_meta'
[2.394s] Level 1:colcon.colcon_core.package_identification:_identify(src/robot_description) by extensions ['ros']
[2.394s] Level 1:colcon.colcon_core.package_identification:_identify(src/robot_description) by extension 'ros'
[2.395s] DEBUG:colcon.colcon_core.package_identification:Package 'src/robot_description' with type 'ros.ament_cmake' and name 'robot_description'
[2.395s] Level 1:colcon.colcon_core.package_discovery:discover_packages(recursive) using defaults
[2.395s] Level 1:colcon.colcon_core.package_discovery:discover_packages(ignore) discover
[2.395s] Level 1:colcon.colcon_core.package_discovery:discover_packages(ignore) using defaults
[2.395s] Level 1:colcon.colcon_core.package_discovery:discover_packages(path) discover
[2.395s] Level 1:colcon.colcon_core.package_discovery:discover_packages(path) using defaults
[2.647s] Level 1:colcon.colcon_core.package_discovery:discover_packages(prefix_path) check parameters
[2.647s] Level 1:colcon.colcon_core.package_discovery:discover_packages(prefix_path) discover
[2.754s] DEBUG:colcon.colcon_installed_package_information.package_discovery:Found 5 installed packages in /home/faps/hand-gesture_ws/install
[2.798s] DEBUG:colcon.colcon_installed_package_information.package_discovery:Found 304 installed packages in /opt/ros/foxy
[2.800s] Level 1:colcon.colcon_core.package_discovery:discover_packages(prefix_path) using defaults
[2.942s] Level 5:colcon.colcon_core.verb:set package 'hand_gesture_control' build argument 'cmake_args' from command line to 'None'
[2.942s] Level 5:colcon.colcon_core.verb:set package 'hand_gesture_control' build argument 'cmake_target' from command line to 'None'
[2.942s] Level 5:colcon.colcon_core.verb:set package 'hand_gesture_control' build argument 'cmake_target_skip_unavailable' from command line to 'False'
[2.942s] Level 5:colcon.colcon_core.verb:set package 'hand_gesture_control' build argument 'cmake_clean_cache' from command line to 'False'
[2.942s] Level 5:colcon.colcon_core.verb:set package 'hand_gesture_control' build argument 'cmake_clean_first' from command line to 'False'
[2.942s] Level 5:colcon.colcon_core.verb:set package 'hand_gesture_control' build argument 'cmake_force_configure' from command line to 'False'
[2.942s] Level 5:colcon.colcon_core.verb:set package 'hand_gesture_control' build argument 'ament_cmake_args' from command line to 'None'
[2.942s] Level 5:colcon.colcon_core.verb:set package 'hand_gesture_control' build argument 'catkin_cmake_args' from command line to 'None'
[2.942s] Level 5:colcon.colcon_core.verb:set package 'hand_gesture_control' build argument 'catkin_skip_building_tests' from command line to 'False'
[2.942s] DEBUG:colcon.colcon_core.verb:Building package 'hand_gesture_control' with the following arguments: {'ament_cmake_args': None, 'build_base': '/home/faps/hand-gesture_ws/build/hand_gesture_control', 'catkin_cmake_args': None, 'catkin_skip_building_tests': False, 'cmake_args': None, 'cmake_clean_cache': False, 'cmake_clean_first': False, 'cmake_force_configure': False, 'cmake_target': None, 'cmake_target_skip_unavailable': False, 'install_base': '/home/faps/hand-gesture_ws/install/hand_gesture_control', 'merge_install': False, 'path': '/home/faps/hand-gesture_ws/src/hand_gesture_control', 'symlink_install': False, 'test_result_base': None}
[2.992s] Level 5:colcon.colcon_core.verb:set package 'jetbot_navigation' build argument 'cmake_args' from command line to 'None'
[2.992s] Level 5:colcon.colcon_core.verb:set package 'jetbot_navigation' build argument 'cmake_target' from command line to 'None'
[2.992s] Level 5:colcon.colcon_core.verb:set package 'jetbot_navigation' build argument 'cmake_target_skip_unavailable' from command line to 'False'
[2.992s] Level 5:colcon.colcon_core.verb:set package 'jetbot_navigation' build argument 'cmake_clean_cache' from command line to 'False'
[2.992s] Level 5:colcon.colcon_core.verb:set package 'jetbot_navigation' build argument 'cmake_clean_first' from command line to 'False'
[2.992s] Level 5:colcon.colcon_core.verb:set package 'jetbot_navigation' build argument 'cmake_force_configure' from command line to 'False'
[2.992s] Level 5:colcon.colcon_core.verb:set package 'jetbot_navigation' build argument 'ament_cmake_args' from command line to 'None'
[2.992s] Level 5:colcon.colcon_core.verb:set package 'jetbot_navigation' build argument 'catkin_cmake_args' from command line to 'None'
[2.992s] Level 5:colcon.colcon_core.verb:set package 'jetbot_navigation' build argument 'catkin_skip_building_tests' from command line to 'False'
[2.992s] DEBUG:colcon.colcon_core.verb:Building package 'jetbot_navigation' with the following arguments: {'ament_cmake_args': None, 'build_base': '/home/faps/hand-gesture_ws/build/jetbot_navigation', 'catkin_cmake_args': None, 'catkin_skip_building_tests': False, 'cmake_args': None, 'cmake_clean_cache': False, 'cmake_clean_first': False, 'cmake_force_configure': False, 'cmake_target': None, 'cmake_target_skip_unavailable': False, 'install_base': '/home/faps/hand-gesture_ws/install/jetbot_navigation', 'merge_install': False, 'path': '/home/faps/hand-gesture_ws/src/jetbot_navigation', 'symlink_install': False, 'test_result_base': None}
[3.029s] Level 5:colcon.colcon_core.verb:set package 'jetbot_ros' build argument 'cmake_args' from command line to 'None'
[3.029s] Level 5:colcon.colcon_core.verb:set package 'jetbot_ros' build argument 'cmake_target' from command line to 'None'
[3.029s] Level 5:colcon.colcon_core.verb:set package 'jetbot_ros' build argument 'cmake_target_skip_unavailable' from command line to 'False'
[3.029s] Level 5:colcon.colcon_core.verb:set package 'jetbot_ros' build argument 'cmake_clean_cache' from command line to 'False'
[3.029s] Level 5:colcon.colcon_core.verb:set package 'jetbot_ros' build argument 'cmake_clean_first' from command line to 'False'
[3.029s] Level 5:colcon.colcon_core.verb:set package 'jetbot_ros' build argument 'cmake_force_configure' from command line to 'False'
[3.029s] Level 5:colcon.colcon_core.verb:set package 'jetbot_ros' build argument 'ament_cmake_args' from command line to 'None'
[3.029s] Level 5:colcon.colcon_core.verb:set package 'jetbot_ros' build argument 'catkin_cmake_args' from command line to 'None'
[3.029s] Level 5:colcon.colcon_core.verb:set package 'jetbot_ros' build argument 'catkin_skip_building_tests' from command line to 'False'
[3.029s] DEBUG:colcon.colcon_core.verb:Building package 'jetbot_ros' with the following arguments: {'ament_cmake_args': None, 'build_base': '/home/faps/hand-gesture_ws/build/jetbot_ros', 'catkin_cmake_args': None, 'catkin_skip_building_tests': False, 'cmake_args': None, 'cmake_clean_cache': False, 'cmake_clean_first': False, 'cmake_force_configure': False, 'cmake_target': None, 'cmake_target_skip_unavailable': False, 'install_base': '/home/faps/hand-gesture_ws/install/jetbot_ros', 'merge_install': False, 'path': '/home/faps/hand-gesture_ws/src/jetbot_ros', 'symlink_install': False, 'test_result_base': None}
[3.068s] Level 5:colcon.colcon_core.verb:set package 'robot_control' build argument 'cmake_args' from command line to 'None'
[3.068s] Level 5:colcon.colcon_core.verb:set package 'robot_control' build argument 'cmake_target' from command line to 'None'
[3.068s] Level 5:colcon.colcon_core.verb:set package 'robot_control' build argument 'cmake_target_skip_unavailable' from command line to 'False'
[3.068s] Level 5:colcon.colcon_core.verb:set package 'robot_control' build argument 'cmake_clean_cache' from command line to 'False'
[3.068s] Level 5:colcon.colcon_core.verb:set package 'robot_control' build argument 'cmake_clean_first' from command line to 'False'
[3.068s] Level 5:colcon.colcon_core.verb:set package 'robot_control' build argument 'cmake_force_configure' from command line to 'False'
[3.068s] Level 5:colcon.colcon_core.verb:set package 'robot_control' build argument 'ament_cmake_args' from command line to 'None'
[3.068s] Level 5:colcon.colcon_core.verb:set package 'robot_control' build argument 'catkin_cmake_args' from command line to 'None'
[3.068s] Level 5:colcon.colcon_core.verb:set package 'robot_control' build argument 'catkin_skip_building_tests' from command line to 'False'
[3.068s] DEBUG:colcon.colcon_core.verb:Building package 'robot_control' with the following arguments: {'ament_cmake_args': None, 'build_base': '/home/faps/hand-gesture_ws/build/robot_control', 'catkin_cmake_args': None, 'catkin_skip_building_tests': False, 'cmake_args': None, 'cmake_clean_cache': False, 'cmake_clean_first': False, 'cmake_force_configure': False, 'cmake_target': None, 'cmake_target_skip_unavailable': False, 'install_base': '/home/faps/hand-gesture_ws/install/robot_control', 'merge_install': False, 'path': '/home/faps/hand-gesture_ws/src/robot_control', 'symlink_install': False, 'test_result_base': None}
[3.109s] Level 5:colcon.colcon_core.verb:set package 'robot_description' build argument 'cmake_args' from command line to 'None'
[3.109s] Level 5:colcon.colcon_core.verb:set package 'robot_description' build argument 'cmake_target' from command line to 'None'
[3.109s] Level 5:colcon.colcon_core.verb:set package 'robot_description' build argument 'cmake_target_skip_unavailable' from command line to 'False'
[3.109s] Level 5:colcon.colcon_core.verb:set package 'robot_description' build argument 'cmake_clean_cache' from command line to 'False'
[3.109s] Level 5:colcon.colcon_core.verb:set package 'robot_description' build argument 'cmake_clean_first' from command line to 'False'
[3.109s] Level 5:colcon.colcon_core.verb:set package 'robot_description' build argument 'cmake_force_configure' from command line to 'False'
[3.110s] Level 5:colcon.colcon_core.verb:set package 'robot_description' build argument 'ament_cmake_args' from command line to 'None'
[3.110s] Level 5:colcon.colcon_core.verb:set package 'robot_description' build argument 'catkin_cmake_args' from command line to 'None'
[3.110s] Level 5:colcon.colcon_core.verb:set package 'robot_description' build argument 'catkin_skip_building_tests' from command line to 'False'
[3.110s] DEBUG:colcon.colcon_core.verb:Building package 'robot_description' with the following arguments: {'ament_cmake_args': None, 'build_base': '/home/faps/hand-gesture_ws/build/robot_description', 'catkin_cmake_args': None, 'catkin_skip_building_tests': False, 'cmake_args': None, 'cmake_clean_cache': False, 'cmake_clean_first': False, 'cmake_force_configure': False, 'cmake_target': None, 'cmake_target_skip_unavailable': False, 'install_base': '/home/faps/hand-gesture_ws/install/robot_description', 'merge_install': False, 'path': '/home/faps/hand-gesture_ws/src/robot_description', 'symlink_install': False, 'test_result_base': None}
[3.148s] INFO:colcon.colcon_core.executor:Executing jobs using 'parallel' executor
[3.185s] DEBUG:colcon.colcon_parallel_executor.executor.parallel:run_until_complete
[3.185s] INFO:colcon.colcon_ros.task.ament_cmake.build:Building ROS package in '/home/faps/hand-gesture_ws/src/hand_gesture_control' with build type 'ament_cmake'
[3.185s] INFO:colcon.colcon_cmake.task.cmake.build:Building CMake package in '/home/faps/hand-gesture_ws/src/hand_gesture_control'
[3.225s] INFO:colcon.colcon_core.plugin_system:Skipping extension 'colcon_core.shell.bat': Not used on non-Windows systems
[3.225s] INFO:colcon.colcon_core.shell:Skip shell extension 'powershell' for command environment: Not usable outside of PowerShell
[3.225s] DEBUG:colcon.colcon_core.shell:Skip shell extension 'dsv' for command environment
[3.348s] INFO:colcon.colcon_ros.task.ament_python.build:Building ROS package in '/home/faps/hand-gesture_ws/src/jetbot_navigation' with build type 'ament_python'
[3.349s] Level 1:colcon.colcon_core.shell:create_environment_hook('jetbot_navigation', 'ament_prefix_path')
[3.395s] INFO:colcon.colcon_core.shell:Creating environment hook '/home/faps/hand-gesture_ws/install/jetbot_navigation/share/jetbot_navigation/hook/ament_prefix_path.ps1'
[3.396s] INFO:colcon.colcon_core.shell:Creating environment descriptor '/home/faps/hand-gesture_ws/install/jetbot_navigation/share/jetbot_navigation/hook/ament_prefix_path.dsv'
[3.397s] INFO:colcon.colcon_core.shell:Creating environment hook '/home/faps/hand-gesture_ws/install/jetbot_navigation/share/jetbot_navigation/hook/ament_prefix_path.sh'
[3.447s] INFO:colcon.colcon_core.shell:Skip shell extension 'powershell' for command environment: Not usable outside of PowerShell
[3.447s] DEBUG:colcon.colcon_core.shell:Skip shell extension 'dsv' for command environment
[3.609s] DEBUG:colcon.colcon_core.event_handler.log_command:Invoking command in '/home/faps/hand-gesture_ws/build/hand_gesture_control': CMAKE_PREFIX_PATH=${CMAKE_PREFIX_PATH}:/home/faps/hand-gesture_ws/install/jetbot_ros:/home/faps/hand-gesture_ws/install/jetbot_navigation:/opt/ros/foxy /usr/bin/cmake --build /home/faps/hand-gesture_ws/build/hand_gesture_control -- -j2 -l2
[3.874s] INFO:colcon.colcon_core.task.python.build:Building Python package in '/home/faps/hand-gesture_ws/src/jetbot_navigation'
[3.919s] INFO:colcon.colcon_core.shell:Skip shell extension 'powershell' for command environment: Not usable outside of PowerShell
[3.919s] DEBUG:colcon.colcon_core.shell:Skip shell extension 'dsv' for command environment
[4.059s] DEBUG:colcon.colcon_core.event_handler.log_command:Invoked command in '/home/faps/hand-gesture_ws/build/hand_gesture_control' returned '0': CMAKE_PREFIX_PATH=${CMAKE_PREFIX_PATH}:/home/faps/hand-gesture_ws/install/jetbot_ros:/home/faps/hand-gesture_ws/install/jetbot_navigation:/opt/ros/foxy /usr/bin/cmake --build /home/faps/hand-gesture_ws/build/hand_gesture_control -- -j2 -l2
[4.119s] DEBUG:colcon.colcon_core.event_handler.log_command:Invoking command in '/home/faps/hand-gesture_ws/build/hand_gesture_control': CMAKE_PREFIX_PATH=${CMAKE_PREFIX_PATH}:/home/faps/hand-gesture_ws/install/jetbot_ros:/home/faps/hand-gesture_ws/install/jetbot_navigation:/opt/ros/foxy /usr/bin/cmake --install /home/faps/hand-gesture_ws/build/hand_gesture_control
[4.142s] Level 1:colcon.colcon_core.environment:create_environment_scripts_only(hand_gesture_control)
[4.152s] DEBUG:colcon.colcon_core.event_handler.log_command:Invoked command in '/home/faps/hand-gesture_ws/build/hand_gesture_control' returned '0': CMAKE_PREFIX_PATH=${CMAKE_PREFIX_PATH}:/home/faps/hand-gesture_ws/install/jetbot_ros:/home/faps/hand-gesture_ws/install/jetbot_navigation:/opt/ros/foxy /usr/bin/cmake --install /home/faps/hand-gesture_ws/build/hand_gesture_control
[4.207s] Level 1:colcon.colcon_core.environment:checking '/home/faps/hand-gesture_ws/install/hand_gesture_control' for CMake module files
[4.208s] Level 1:colcon.colcon_core.environment:checking '/home/faps/hand-gesture_ws/install/hand_gesture_control' for CMake config files
[4.208s] Level 1:colcon.colcon_core.shell:create_environment_hook('hand_gesture_control', 'cmake_prefix_path')
[4.259s] INFO:colcon.colcon_core.shell:Creating environment hook '/home/faps/hand-gesture_ws/install/hand_gesture_control/share/hand_gesture_control/hook/cmake_prefix_path.ps1'
[4.260s] INFO:colcon.colcon_core.shell:Creating environment descriptor '/home/faps/hand-gesture_ws/install/hand_gesture_control/share/hand_gesture_control/hook/cmake_prefix_path.dsv'
[4.260s] INFO:colcon.colcon_core.shell:Creating environment hook '/home/faps/hand-gesture_ws/install/hand_gesture_control/share/hand_gesture_control/hook/cmake_prefix_path.sh'
[4.261s] Level 1:colcon.colcon_core.environment:checking '/home/faps/hand-gesture_ws/install/hand_gesture_control/lib'
[4.261s] Level 1:colcon.colcon_core.environment:checking '/home/faps/hand-gesture_ws/install/hand_gesture_control/bin'
[4.261s] Level 1:colcon.colcon_core.environment:checking '/home/faps/hand-gesture_ws/install/hand_gesture_control/lib/pkgconfig/hand_gesture_control.pc'
[4.262s] Level 1:colcon.colcon_core.environment:checking '/home/faps/hand-gesture_ws/install/hand_gesture_control/lib/python3.8/site-packages'
[4.262s] Level 1:colcon.colcon_core.environment:checking '/home/faps/hand-gesture_ws/install/hand_gesture_control/bin'
[4.304s] INFO:colcon.colcon_core.shell:Creating package script '/home/faps/hand-gesture_ws/install/hand_gesture_control/share/hand_gesture_control/package.ps1'
[4.305s] INFO:colcon.colcon_core.shell:Creating package descriptor '/home/faps/hand-gesture_ws/install/hand_gesture_control/share/hand_gesture_control/package.dsv'
[4.306s] INFO:colcon.colcon_core.shell:Creating package script '/home/faps/hand-gesture_ws/install/hand_gesture_control/share/hand_gesture_control/package.sh'
[4.307s] INFO:colcon.colcon_core.shell:Creating package script '/home/faps/hand-gesture_ws/install/hand_gesture_control/share/hand_gesture_control/package.bash'
[4.307s] INFO:colcon.colcon_core.shell:Creating package script '/home/faps/hand-gesture_ws/install/hand_gesture_control/share/hand_gesture_control/package.zsh'
[4.308s] Level 1:colcon.colcon_core.environment:create_file_with_runtime_dependencies(/home/faps/hand-gesture_ws/install/hand_gesture_control/share/colcon-core/packages/hand_gesture_control)
[4.395s] Level 1:colcon.colcon_core.environment:create_environment_scripts_only(hand_gesture_control)
[4.440s] Level 1:colcon.colcon_core.environment:checking '/home/faps/hand-gesture_ws/install/hand_gesture_control' for CMake module files
[4.441s] Level 1:colcon.colcon_core.environment:checking '/home/faps/hand-gesture_ws/install/hand_gesture_control' for CMake config files
[4.441s] Level 1:colcon.colcon_core.shell:create_environment_hook('hand_gesture_control', 'cmake_prefix_path')
[4.489s] INFO:colcon.colcon_core.shell:Creating environment hook '/home/faps/hand-gesture_ws/install/hand_gesture_control/share/hand_gesture_control/hook/cmake_prefix_path.ps1'
[4.489s] INFO:colcon.colcon_core.shell:Creating environment descriptor '/home/faps/hand-gesture_ws/install/hand_gesture_control/share/hand_gesture_control/hook/cmake_prefix_path.dsv'
[4.490s] INFO:colcon.colcon_core.shell:Creating environment hook '/home/faps/hand-gesture_ws/install/hand_gesture_control/share/hand_gesture_control/hook/cmake_prefix_path.sh'
[4.491s] Level 1:colcon.colcon_core.environment:checking '/home/faps/hand-gesture_ws/install/hand_gesture_control/lib'
[4.491s] Level 1:colcon.colcon_core.environment:checking '/home/faps/hand-gesture_ws/install/hand_gesture_control/bin'
[4.491s] Level 1:colcon.colcon_core.environment:checking '/home/faps/hand-gesture_ws/install/hand_gesture_control/lib/pkgconfig/hand_gesture_control.pc'
[4.491s] Level 1:colcon.colcon_core.environment:checking '/home/faps/hand-gesture_ws/install/hand_gesture_control/lib/python3.8/site-packages'
[4.491s] Level 1:colcon.colcon_core.environment:checking '/home/faps/hand-gesture_ws/install/hand_gesture_control/bin'
[4.535s] INFO:colcon.colcon_core.shell:Creating package script '/home/faps/hand-gesture_ws/install/hand_gesture_control/share/hand_gesture_control/package.ps1'
[4.536s] INFO:colcon.colcon_core.shell:Creating package descriptor '/home/faps/hand-gesture_ws/install/hand_gesture_control/share/hand_gesture_control/package.dsv'
[4.536s] INFO:colcon.colcon_core.shell:Creating package script '/home/faps/hand-gesture_ws/install/hand_gesture_control/share/hand_gesture_control/package.sh'
[4.537s] INFO:colcon.colcon_core.shell:Creating package script '/home/faps/hand-gesture_ws/install/hand_gesture_control/share/hand_gesture_control/package.bash'
[4.537s] INFO:colcon.colcon_core.shell:Creating package script '/home/faps/hand-gesture_ws/install/hand_gesture_control/share/hand_gesture_control/package.zsh'
[4.538s] Level 1:colcon.colcon_core.environment:create_file_with_runtime_dependencies(/home/faps/hand-gesture_ws/install/hand_gesture_control/share/colcon-core/packages/hand_gesture_control)
[4.539s] INFO:colcon.colcon_ros.task.ament_python.build:Building ROS package in '/home/faps/hand-gesture_ws/src/jetbot_ros' with build type 'ament_python'
[4.539s] Level 1:colcon.colcon_core.shell:create_environment_hook('jetbot_ros', 'ament_prefix_path')
[4.589s] INFO:colcon.colcon_core.shell:Creating environment hook '/home/faps/hand-gesture_ws/install/jetbot_ros/share/jetbot_ros/hook/ament_prefix_path.ps1'
[4.590s] INFO:colcon.colcon_core.shell:Creating environment descriptor '/home/faps/hand-gesture_ws/install/jetbot_ros/share/jetbot_ros/hook/ament_prefix_path.dsv'
[4.590s] INFO:colcon.colcon_core.shell:Creating environment hook '/home/faps/hand-gesture_ws/install/jetbot_ros/share/jetbot_ros/hook/ament_prefix_path.sh'
[4.636s] INFO:colcon.colcon_core.shell:Skip shell extension 'powershell' for command environment: Not usable outside of PowerShell
[4.637s] DEBUG:colcon.colcon_core.shell:Skip shell extension 'dsv' for command environment
[4.801s] DEBUG:colcon.colcon_core.event_handler.log_command:Invoking command in '/home/faps/hand-gesture_ws/src/jetbot_navigation': PYTHONPATH=/home/faps/hand-gesture_ws/build/jetbot_navigation/prefix_override:/home/faps/hand-gesture_ws/install/jetbot_navigation/lib/python3.8/site-packages:${PYTHONPATH} /usr/bin/python3 setup.py egg_info --egg-base ../../build/jetbot_navigation build --build-base /home/faps/hand-gesture_ws/build/jetbot_navigation/build install --record /home/faps/hand-gesture_ws/build/jetbot_navigation/install.log --install-scripts $base/lib/jetbot_navigation --single-version-externally-managed
[5.140s] INFO:colcon.colcon_core.task.python.build:Building Python package in '/home/faps/hand-gesture_ws/src/jetbot_ros'
[5.198s] INFO:colcon.colcon_core.shell:Skip shell extension 'powershell' for command environment: Not usable outside of PowerShell
[5.198s] DEBUG:colcon.colcon_core.shell:Skip shell extension 'dsv' for command environment
[5.358s] DEBUG:colcon.colcon_core.event_handler.log_command:Invoked command in '/home/faps/hand-gesture_ws/src/jetbot_navigation' returned '0': PYTHONPATH=/home/faps/hand-gesture_ws/build/jetbot_navigation/prefix_override:/home/faps/hand-gesture_ws/install/jetbot_navigation/lib/python3.8/site-packages:${PYTHONPATH} /usr/bin/python3 setup.py egg_info --egg-base ../../build/jetbot_navigation build --build-base /home/faps/hand-gesture_ws/build/jetbot_navigation/build install --record /home/faps/hand-gesture_ws/build/jetbot_navigation/install.log --install-scripts $base/lib/jetbot_navigation --single-version-externally-managed
[5.405s] Level 1:colcon.colcon_core.environment:checking '/home/faps/hand-gesture_ws/install/jetbot_navigation' for CMake module files
[5.405s] Level 1:colcon.colcon_core.environment:checking '/home/faps/hand-gesture_ws/install/jetbot_navigation' for CMake config files
[5.406s] Level 1:colcon.colcon_core.environment:checking '/home/faps/hand-gesture_ws/install/jetbot_navigation/lib'
[5.406s] Level 1:colcon.colcon_core.environment:checking '/home/faps/hand-gesture_ws/install/jetbot_navigation/bin'
[5.406s] Level 1:colcon.colcon_core.environment:checking '/home/faps/hand-gesture_ws/install/jetbot_navigation/lib/pkgconfig/jetbot_navigation.pc'
[5.406s] Level 1:colcon.colcon_core.environment:checking '/home/faps/hand-gesture_ws/install/jetbot_navigation/lib/python3.8/site-packages'
[5.406s] Level 1:colcon.colcon_core.shell:create_environment_hook('jetbot_navigation', 'pythonpath')
[5.450s] INFO:colcon.colcon_core.shell:Creating environment hook '/home/faps/hand-gesture_ws/install/jetbot_navigation/share/jetbot_navigation/hook/pythonpath.ps1'
[5.451s] INFO:colcon.colcon_core.shell:Creating environment descriptor '/home/faps/hand-gesture_ws/install/jetbot_navigation/share/jetbot_navigation/hook/pythonpath.dsv'
[5.452s] INFO:colcon.colcon_core.shell:Creating environment hook '/home/faps/hand-gesture_ws/install/jetbot_navigation/share/jetbot_navigation/hook/pythonpath.sh'
[5.452s] Level 1:colcon.colcon_core.environment:checking '/home/faps/hand-gesture_ws/install/jetbot_navigation/bin'
[5.452s] Level 1:colcon.colcon_core.environment:create_environment_scripts_only(jetbot_navigation)
[5.497s] INFO:colcon.colcon_core.shell:Creating package script '/home/faps/hand-gesture_ws/install/jetbot_navigation/share/jetbot_navigation/package.ps1'
[5.498s] INFO:colcon.colcon_core.shell:Creating package descriptor '/home/faps/hand-gesture_ws/install/jetbot_navigation/share/jetbot_navigation/package.dsv'
[5.498s] INFO:colcon.colcon_core.shell:Creating package script '/home/faps/hand-gesture_ws/install/jetbot_navigation/share/jetbot_navigation/package.sh'
[5.499s] INFO:colcon.colcon_core.shell:Creating package script '/home/faps/hand-gesture_ws/install/jetbot_navigation/share/jetbot_navigation/package.bash'
[5.499s] INFO:colcon.colcon_core.shell:Creating package script '/home/faps/hand-gesture_ws/install/jetbot_navigation/share/jetbot_navigation/package.zsh'
[5.500s] Level 1:colcon.colcon_core.environment:create_file_with_runtime_dependencies(/home/faps/hand-gesture_ws/install/jetbot_navigation/share/colcon-core/packages/jetbot_navigation)
[5.501s] INFO:colcon.colcon_ros.task.ament_cmake.build:Building ROS package in '/home/faps/hand-gesture_ws/src/robot_control' with build type 'ament_cmake'
[5.501s] INFO:colcon.colcon_cmake.task.cmake.build:Building CMake package in '/home/faps/hand-gesture_ws/src/robot_control'
[5.543s] INFO:colcon.colcon_core.shell:Skip shell extension 'powershell' for command environment: Not usable outside of PowerShell
[5.543s] DEBUG:colcon.colcon_core.shell:Skip shell extension 'dsv' for command environment
[5.669s] DEBUG:colcon.colcon_core.event_handler.log_command:Invoking command in '/home/faps/hand-gesture_ws/build/robot_control': CMAKE_PREFIX_PATH=${CMAKE_PREFIX_PATH}:/home/faps/hand-gesture_ws/install/jetbot_ros:/home/faps/hand-gesture_ws/install/jetbot_navigation:/opt/ros/foxy /usr/bin/cmake --build /home/faps/hand-gesture_ws/build/robot_control -- -j2 -l2
[5.729s] DEBUG:colcon.colcon_core.event_handler.log_command:Invoked command in '/home/faps/hand-gesture_ws/build/robot_control' returned '0': CMAKE_PREFIX_PATH=${CMAKE_PREFIX_PATH}:/home/faps/hand-gesture_ws/install/jetbot_ros:/home/faps/hand-gesture_ws/install/jetbot_navigation:/opt/ros/foxy /usr/bin/cmake --build /home/faps/hand-gesture_ws/build/robot_control -- -j2 -l2
[5.765s] DEBUG:colcon.colcon_core.event_handler.log_command:Invoking command in '/home/faps/hand-gesture_ws/build/robot_control': CMAKE_PREFIX_PATH=${CMAKE_PREFIX_PATH}:/home/faps/hand-gesture_ws/install/jetbot_ros:/home/faps/hand-gesture_ws/install/jetbot_navigation:/opt/ros/foxy /usr/bin/cmake --install /home/faps/hand-gesture_ws/build/robot_control
[5.787s] Level 1:colcon.colcon_core.environment:create_environment_scripts_only(robot_control)
[5.794s] DEBUG:colcon.colcon_core.event_handler.log_command:Invoked command in '/home/faps/hand-gesture_ws/build/robot_control' returned '0': CMAKE_PREFIX_PATH=${CMAKE_PREFIX_PATH}:/home/faps/hand-gesture_ws/install/jetbot_ros:/home/faps/hand-gesture_ws/install/jetbot_navigation:/opt/ros/foxy /usr/bin/cmake --install /home/faps/hand-gesture_ws/build/robot_control
[5.839s] Level 1:colcon.colcon_core.environment:checking '/home/faps/hand-gesture_ws/install/robot_control' for CMake module files
[5.840s] Level 1:colcon.colcon_core.environment:checking '/home/faps/hand-gesture_ws/install/robot_control' for CMake config files
[5.841s] Level 1:colcon.colcon_core.shell:create_environment_hook('robot_control', 'cmake_prefix_path')
[5.890s] INFO:colcon.colcon_core.shell:Creating environment hook '/home/faps/hand-gesture_ws/install/robot_control/share/robot_control/hook/cmake_prefix_path.ps1'
[5.891s] INFO:colcon.colcon_core.shell:Creating environment descriptor '/home/faps/hand-gesture_ws/install/robot_control/share/robot_control/hook/cmake_prefix_path.dsv'
[5.891s] INFO:colcon.colcon_core.shell:Creating environment hook '/home/faps/hand-gesture_ws/install/robot_control/share/robot_control/hook/cmake_prefix_path.sh'
[5.892s] Level 1:colcon.colcon_core.environment:checking '/home/faps/hand-gesture_ws/install/robot_control/lib'
[5.892s] Level 1:colcon.colcon_core.environment:checking '/home/faps/hand-gesture_ws/install/robot_control/bin'
[5.892s] Level 1:colcon.colcon_core.environment:checking '/home/faps/hand-gesture_ws/install/robot_control/lib/pkgconfig/robot_control.pc'
[5.893s] Level 1:colcon.colcon_core.environment:checking '/home/faps/hand-gesture_ws/install/robot_control/lib/python3.8/site-packages'
[5.893s] Level 1:colcon.colcon_core.environment:checking '/home/faps/hand-gesture_ws/install/robot_control/bin'
[5.944s] INFO:colcon.colcon_core.shell:Creating package script '/home/faps/hand-gesture_ws/install/robot_control/share/robot_control/package.ps1'
[5.944s] INFO:colcon.colcon_core.shell:Creating package descriptor '/home/faps/hand-gesture_ws/install/robot_control/share/robot_control/package.dsv'
[5.945s] INFO:colcon.colcon_core.shell:Creating package script '/home/faps/hand-gesture_ws/install/robot_control/share/robot_control/package.sh'
[5.945s] INFO:colcon.colcon_core.shell:Creating package script '/home/faps/hand-gesture_ws/install/robot_control/share/robot_control/package.bash'
[5.946s] INFO:colcon.colcon_core.shell:Creating package script '/home/faps/hand-gesture_ws/install/robot_control/share/robot_control/package.zsh'
[5.946s] Level 1:colcon.colcon_core.environment:create_file_with_runtime_dependencies(/home/faps/hand-gesture_ws/install/robot_control/share/colcon-core/packages/robot_control)
[6.030s] Level 1:colcon.colcon_core.environment:create_environment_scripts_only(robot_control)
[6.074s] Level 1:colcon.colcon_core.environment:checking '/home/faps/hand-gesture_ws/install/robot_control' for CMake module files
[6.075s] Level 1:colcon.colcon_core.environment:checking '/home/faps/hand-gesture_ws/install/robot_control' for CMake config files
[6.075s] Level 1:colcon.colcon_core.shell:create_environment_hook('robot_control', 'cmake_prefix_path')
[6.120s] INFO:colcon.colcon_core.shell:Creating environment hook '/home/faps/hand-gesture_ws/install/robot_control/share/robot_control/hook/cmake_prefix_path.ps1'
[6.120s] INFO:colcon.colcon_core.shell:Creating environment descriptor '/home/faps/hand-gesture_ws/install/robot_control/share/robot_control/hook/cmake_prefix_path.dsv'
[6.121s] INFO:colcon.colcon_core.shell:Creating environment hook '/home/faps/hand-gesture_ws/install/robot_control/share/robot_control/hook/cmake_prefix_path.sh'
[6.123s] Level 1:colcon.colcon_core.environment:checking '/home/faps/hand-gesture_ws/install/robot_control/lib'
[6.123s] Level 1:colcon.colcon_core.environment:checking '/home/faps/hand-gesture_ws/install/robot_control/bin'
[6.123s] Level 1:colcon.colcon_core.environment:checking '/home/faps/hand-gesture_ws/install/robot_control/lib/pkgconfig/robot_control.pc'
[6.123s] Level 1:colcon.colcon_core.environment:checking '/home/faps/hand-gesture_ws/install/robot_control/lib/python3.8/site-packages'
[6.123s] Level 1:colcon.colcon_core.environment:checking '/home/faps/hand-gesture_ws/install/robot_control/bin'
[6.183s] INFO:colcon.colcon_core.shell:Creating package script '/home/faps/hand-gesture_ws/install/robot_control/share/robot_control/package.ps1'
[6.184s] INFO:colcon.colcon_core.shell:Creating package descriptor '/home/faps/hand-gesture_ws/install/robot_control/share/robot_control/package.dsv'
[6.184s] INFO:colcon.colcon_core.shell:Creating package script '/home/faps/hand-gesture_ws/install/robot_control/share/robot_control/package.sh'
[6.185s] INFO:colcon.colcon_core.shell:Creating package script '/home/faps/hand-gesture_ws/install/robot_control/share/robot_control/package.bash'
[6.185s] INFO:colcon.colcon_core.shell:Creating package script '/home/faps/hand-gesture_ws/install/robot_control/share/robot_control/package.zsh'
[6.186s] Level 1:colcon.colcon_core.environment:create_file_with_runtime_dependencies(/home/faps/hand-gesture_ws/install/robot_control/share/colcon-core/packages/robot_control)
[6.188s] INFO:colcon.colcon_ros.task.ament_cmake.build:Building ROS package in '/home/faps/hand-gesture_ws/src/robot_description' with build type 'ament_cmake'
[6.189s] INFO:colcon.colcon_cmake.task.cmake.build:Building CMake package in '/home/faps/hand-gesture_ws/src/robot_description'
[6.246s] INFO:colcon.colcon_core.shell:Skip shell extension 'powershell' for command environment: Not usable outside of PowerShell
[6.246s] DEBUG:colcon.colcon_core.shell:Skip shell extension 'dsv' for command environment
[6.436s] DEBUG:colcon.colcon_core.event_handler.log_command:Invoking command in '/home/faps/hand-gesture_ws/src/jetbot_ros': PYTHONPATH=/home/faps/hand-gesture_ws/build/jetbot_ros/prefix_override:/home/faps/hand-gesture_ws/install/jetbot_ros/lib/python3.8/site-packages:${PYTHONPATH} /usr/bin/python3 setup.py egg_info --egg-base ../../build/jetbot_ros build --build-base /home/faps/hand-gesture_ws/build/jetbot_ros/build install --record /home/faps/hand-gesture_ws/build/jetbot_ros/install.log --install-scripts $base/lib/jetbot_ros --single-version-externally-managed
[6.459s] DEBUG:colcon.colcon_core.event_handler.log_command:Invoking command in '/home/faps/hand-gesture_ws/build/robot_description': CMAKE_PREFIX_PATH=${CMAKE_PREFIX_PATH}:/home/faps/hand-gesture_ws/install/jetbot_ros:/home/faps/hand-gesture_ws/install/jetbot_navigation:/opt/ros/foxy /usr/bin/cmake --build /home/faps/hand-gesture_ws/build/robot_description -- -j2 -l2
[6.533s] DEBUG:colcon.colcon_core.event_handler.log_command:Invoked command in '/home/faps/hand-gesture_ws/build/robot_description' returned '0': CMAKE_PREFIX_PATH=${CMAKE_PREFIX_PATH}:/home/faps/hand-gesture_ws/install/jetbot_ros:/home/faps/hand-gesture_ws/install/jetbot_navigation:/opt/ros/foxy /usr/bin/cmake --build /home/faps/hand-gesture_ws/build/robot_description -- -j2 -l2
[6.565s] DEBUG:colcon.colcon_core.event_handler.log_command:Invoking command in '/home/faps/hand-gesture_ws/build/robot_description': CMAKE_PREFIX_PATH=${CMAKE_PREFIX_PATH}:/home/faps/hand-gesture_ws/install/jetbot_ros:/home/faps/hand-gesture_ws/install/jetbot_navigation:/opt/ros/foxy /usr/bin/cmake --install /home/faps/hand-gesture_ws/build/robot_description
[6.590s] Level 1:colcon.colcon_core.environment:create_environment_scripts_only(robot_description)
[6.597s] DEBUG:colcon.colcon_core.event_handler.log_command:Invoked command in '/home/faps/hand-gesture_ws/build/robot_description' returned '0': CMAKE_PREFIX_PATH=${CMAKE_PREFIX_PATH}:/home/faps/hand-gesture_ws/install/jetbot_ros:/home/faps/hand-gesture_ws/install/jetbot_navigation:/opt/ros/foxy /usr/bin/cmake --install /home/faps/hand-gesture_ws/build/robot_description
[6.647s] Level 1:colcon.colcon_core.environment:checking '/home/faps/hand-gesture_ws/install/robot_description' for CMake module files
[6.648s] Level 1:colcon.colcon_core.environment:checking '/home/faps/hand-gesture_ws/install/robot_description' for CMake config files
[6.649s] Level 1:colcon.colcon_core.shell:create_environment_hook('robot_description', 'cmake_prefix_path')
[6.704s] INFO:colcon.colcon_core.shell:Creating environment hook '/home/faps/hand-gesture_ws/install/robot_description/share/robot_description/hook/cmake_prefix_path.ps1'
[6.704s] INFO:colcon.colcon_core.shell:Creating environment descriptor '/home/faps/hand-gesture_ws/install/robot_description/share/robot_description/hook/cmake_prefix_path.dsv'
[6.705s] INFO:colcon.colcon_core.shell:Creating environment hook '/home/faps/hand-gesture_ws/install/robot_description/share/robot_description/hook/cmake_prefix_path.sh'
[6.706s] Level 1:colcon.colcon_core.environment:checking '/home/faps/hand-gesture_ws/install/robot_description/bin'
[6.706s] Level 1:colcon.colcon_core.environment:checking '/home/faps/hand-gesture_ws/install/robot_description/lib/pkgconfig/robot_description.pc'
[6.706s] Level 1:colcon.colcon_core.environment:checking '/home/faps/hand-gesture_ws/install/robot_description/lib/python3.8/site-packages'
[6.707s] Level 1:colcon.colcon_core.environment:checking '/home/faps/hand-gesture_ws/install/robot_description/bin'
[6.760s] INFO:colcon.colcon_core.shell:Creating package script '/home/faps/hand-gesture_ws/install/robot_description/share/robot_description/package.ps1'
[6.761s] INFO:colcon.colcon_core.shell:Creating package descriptor '/home/faps/hand-gesture_ws/install/robot_description/share/robot_description/package.dsv'
[6.762s] INFO:colcon.colcon_core.shell:Creating package script '/home/faps/hand-gesture_ws/install/robot_description/share/robot_description/package.sh'
[6.762s] INFO:colcon.colcon_core.shell:Creating package script '/home/faps/hand-gesture_ws/install/robot_description/share/robot_description/package.bash'
[6.763s] INFO:colcon.colcon_core.shell:Creating package script '/home/faps/hand-gesture_ws/install/robot_description/share/robot_description/package.zsh'
[6.763s] Level 1:colcon.colcon_core.environment:create_file_with_runtime_dependencies(/home/faps/hand-gesture_ws/install/robot_description/share/colcon-core/packages/robot_description)
[6.875s] Level 1:colcon.colcon_core.environment:create_environment_scripts_only(robot_description)
[6.956s] Level 1:colcon.colcon_core.environment:checking '/home/faps/hand-gesture_ws/install/robot_description' for CMake module files
[6.958s] Level 1:colcon.colcon_core.environment:checking '/home/faps/hand-gesture_ws/install/robot_description' for CMake config files
[6.958s] Level 1:colcon.colcon_core.shell:create_environment_hook('robot_description', 'cmake_prefix_path')
[7.023s] INFO:colcon.colcon_core.shell:Creating environment hook '/home/faps/hand-gesture_ws/install/robot_description/share/robot_description/hook/cmake_prefix_path.ps1'
[7.024s] INFO:colcon.colcon_core.shell:Creating environment descriptor '/home/faps/hand-gesture_ws/install/robot_description/share/robot_description/hook/cmake_prefix_path.dsv'
[7.024s] INFO:colcon.colcon_core.shell:Creating environment hook '/home/faps/hand-gesture_ws/install/robot_description/share/robot_description/hook/cmake_prefix_path.sh'
[7.025s] Level 1:colcon.colcon_core.environment:checking '/home/faps/hand-gesture_ws/install/robot_description/bin'
[7.025s] Level 1:colcon.colcon_core.environment:checking '/home/faps/hand-gesture_ws/install/robot_description/lib/pkgconfig/robot_description.pc'
[7.025s] Level 1:colcon.colcon_core.environment:checking '/home/faps/hand-gesture_ws/install/robot_description/lib/python3.8/site-packages'
[7.025s] Level 1:colcon.colcon_core.environment:checking '/home/faps/hand-gesture_ws/install/robot_description/bin'
[7.072s] INFO:colcon.colcon_core.shell:Creating package script '/home/faps/hand-gesture_ws/install/robot_description/share/robot_description/package.ps1'
[7.073s] INFO:colcon.colcon_core.shell:Creating package descriptor '/home/faps/hand-gesture_ws/install/robot_description/share/robot_description/package.dsv'
[7.074s] INFO:colcon.colcon_core.shell:Creating package script '/home/faps/hand-gesture_ws/install/robot_description/share/robot_description/package.sh'
[7.074s] INFO:colcon.colcon_core.shell:Creating package script '/home/faps/hand-gesture_ws/install/robot_description/share/robot_description/package.bash'
[7.075s] INFO:colcon.colcon_core.shell:Creating package script '/home/faps/hand-gesture_ws/install/robot_description/share/robot_description/package.zsh'
[7.075s] Level 1:colcon.colcon_core.environment:create_file_with_runtime_dependencies(/home/faps/hand-gesture_ws/install/robot_description/share/colcon-core/packages/robot_description)
[7.077s] DEBUG:colcon.colcon_core.event_handler.log_command:Invoked command in '/home/faps/hand-gesture_ws/src/jetbot_ros' returned '0': PYTHONPATH=/home/faps/hand-gesture_ws/build/jetbot_ros/prefix_override:/home/faps/hand-gesture_ws/install/jetbot_ros/lib/python3.8/site-packages:${PYTHONPATH} /usr/bin/python3 setup.py egg_info --egg-base ../../build/jetbot_ros build --build-base /home/faps/hand-gesture_ws/build/jetbot_ros/build install --record /home/faps/hand-gesture_ws/build/jetbot_ros/install.log --install-scripts $base/lib/jetbot_ros --single-version-externally-managed
[7.124s] Level 1:colcon.colcon_core.environment:checking '/home/faps/hand-gesture_ws/install/jetbot_ros' for CMake module files
[7.125s] Level 1:colcon.colcon_core.environment:checking '/home/faps/hand-gesture_ws/install/jetbot_ros' for CMake config files
[7.126s] Level 1:colcon.colcon_core.environment:checking '/home/faps/hand-gesture_ws/install/jetbot_ros/lib'
[7.126s] Level 1:colcon.colcon_core.environment:checking '/home/faps/hand-gesture_ws/install/jetbot_ros/bin'
[7.126s] Level 1:colcon.colcon_core.environment:checking '/home/faps/hand-gesture_ws/install/jetbot_ros/lib/pkgconfig/jetbot_ros.pc'
[7.126s] Level 1:colcon.colcon_core.environment:checking '/home/faps/hand-gesture_ws/install/jetbot_ros/lib/python3.8/site-packages'
[7.126s] Level 1:colcon.colcon_core.shell:create_environment_hook('jetbot_ros', 'pythonpath')
[7.173s] INFO:colcon.colcon_core.shell:Creating environment hook '/home/faps/hand-gesture_ws/install/jetbot_ros/share/jetbot_ros/hook/pythonpath.ps1'
[7.174s] INFO:colcon.colcon_core.shell:Creating environment descriptor '/home/faps/hand-gesture_ws/install/jetbot_ros/share/jetbot_ros/hook/pythonpath.dsv'
[7.174s] INFO:colcon.colcon_core.shell:Creating environment hook '/home/faps/hand-gesture_ws/install/jetbot_ros/share/jetbot_ros/hook/pythonpath.sh'
[7.175s] Level 1:colcon.colcon_core.environment:checking '/home/faps/hand-gesture_ws/install/jetbot_ros/bin'
[7.175s] Level 1:colcon.colcon_core.environment:create_environment_scripts_only(jetbot_ros)
[7.222s] INFO:colcon.colcon_core.shell:Creating package script '/home/faps/hand-gesture_ws/install/jetbot_ros/share/jetbot_ros/package.ps1'
[7.223s] INFO:colcon.colcon_core.shell:Creating package descriptor '/home/faps/hand-gesture_ws/install/jetbot_ros/share/jetbot_ros/package.dsv'
[7.223s] INFO:colcon.colcon_core.shell:Creating package script '/home/faps/hand-gesture_ws/install/jetbot_ros/share/jetbot_ros/package.sh'
[7.224s] INFO:colcon.colcon_core.shell:Creating package script '/home/faps/hand-gesture_ws/install/jetbot_ros/share/jetbot_ros/package.bash'
[7.224s] INFO:colcon.colcon_core.shell:Creating package script '/home/faps/hand-gesture_ws/install/jetbot_ros/share/jetbot_ros/package.zsh'
[7.225s] Level 1:colcon.colcon_core.environment:create_file_with_runtime_dependencies(/home/faps/hand-gesture_ws/install/jetbot_ros/share/colcon-core/packages/jetbot_ros)
[7.225s] DEBUG:colcon.colcon_parallel_executor.executor.parallel:closing loop
[7.226s] DEBUG:colcon.colcon_parallel_executor.executor.parallel:loop closed
[7.226s] DEBUG:colcon.colcon_parallel_executor.executor.parallel:run_until_complete finished with '0'
[7.226s] DEBUG:colcon.colcon_core.event_reactor:joining thread
[7.292s] INFO:colcon.colcon_core.plugin_system:Skipping extension 'colcon_notification.desktop_notification.terminal_notifier': Not used on non-Darwin systems
[7.292s] INFO:colcon.colcon_core.plugin_system:Skipping extension 'colcon_notification.desktop_notification.win32': Not used on non-Windows systems
[7.293s] INFO:colcon.colcon_notification.desktop_notification:Sending desktop notification using 'notify2'
[7.310s] DEBUG:colcon.colcon_core.event_reactor:joined thread
[7.358s] INFO:colcon.colcon_core.shell:Creating prefix script '/home/faps/hand-gesture_ws/install/local_setup.ps1'
[7.359s] INFO:colcon.colcon_core.shell:Creating prefix util module '/home/faps/hand-gesture_ws/install/_local_setup_util_ps1.py'
[7.361s] INFO:colcon.colcon_core.shell:Creating prefix chain script '/home/faps/hand-gesture_ws/install/setup.ps1'
[7.407s] INFO:colcon.colcon_core.shell:Creating prefix script '/home/faps/hand-gesture_ws/install/local_setup.sh'
[7.408s] INFO:colcon.colcon_core.shell:Creating prefix util module '/home/faps/hand-gesture_ws/install/_local_setup_util_sh.py'
[7.408s] INFO:colcon.colcon_core.shell:Creating prefix chain script '/home/faps/hand-gesture_ws/install/setup.sh'
[7.462s] INFO:colcon.colcon_core.shell:Creating prefix script '/home/faps/hand-gesture_ws/install/local_setup.bash'
[7.463s] INFO:colcon.colcon_core.shell:Creating prefix chain script '/home/faps/hand-gesture_ws/install/setup.bash'
[7.514s] INFO:colcon.colcon_core.shell:Creating prefix script '/home/faps/hand-gesture_ws/install/local_setup.zsh'
[7.515s] INFO:colcon.colcon_core.shell:Creating prefix chain script '/home/faps/hand-gesture_ws/install/setup.zsh'
