[0.178s] Invoking command in '/home/faps/hand-gesture_ws/build/robot_description': CMAKE_PREFIX_PATH=${CMAKE_PREFIX_PATH}:/home/faps/hand-gesture_ws/install/jetbot_ros:/home/faps/hand-gesture_ws/install/jetbot_navigation:/opt/ros/foxy /usr/bin/cmake --build /home/faps/hand-gesture_ws/build/robot_description -- -j2 -l2
[0.240s] Invoked command in '/home/faps/hand-gesture_ws/build/robot_description' returned '0': CMAKE_PREFIX_PATH=${CMAKE_PREFIX_PATH}:/home/faps/hand-gesture_ws/install/jetbot_ros:/home/faps/hand-gesture_ws/install/jetbot_navigation:/opt/ros/foxy /usr/bin/cmake --build /home/faps/hand-gesture_ws/build/robot_description -- -j2 -l2
[0.289s] Invoking command in '/home/faps/hand-gesture_ws/build/robot_description': CMAKE_PREFIX_PATH=${CMAKE_PREFIX_PATH}:/home/faps/hand-gesture_ws/install/jetbot_ros:/home/faps/hand-gesture_ws/install/jetbot_navigation:/opt/ros/foxy /usr/bin/cmake --install /home/faps/hand-gesture_ws/build/robot_description
[0.301s] -- Install configuration: ""
[0.301s] -- Up-to-date: /home/faps/hand-gesture_ws/install/robot_description/share/robot_description/launch
[0.302s] -- Up-to-date: /home/faps/hand-gesture_ws/install/robot_description/share/robot_description/launch/launch_all.py
[0.302s] -- Up-to-date: /home/faps/hand-gesture_ws/install/robot_description/share/robot_description/launch/launch_rviz.py
[0.302s] -- Up-to-date: /home/faps/hand-gesture_ws/install/robot_description/share/robot_description/launch/launch_simulation.py
[0.302s] -- Up-to-date: /home/faps/hand-gesture_ws/install/robot_description/share/robot_description/world
[0.302s] -- Up-to-date: /home/faps/hand-gesture_ws/install/robot_description/share/robot_description/world/maze.world
[0.302s] -- Up-to-date: /home/faps/hand-gesture_ws/install/robot_description/share/robot_description/world/jetbot_demo.world
[0.303s] -- Up-to-date: /home/faps/hand-gesture_ws/install/robot_description/share/robot_description/world/my_world.world
[0.303s] -- Up-to-date: /home/faps/hand-gesture_ws/install/robot_description/share/robot_description/sdf
[0.303s] -- Up-to-date: /home/faps/hand-gesture_ws/install/robot_description/share/robot_description/sdf/robot.sdf
[0.303s] -- Up-to-date: /home/faps/hand-gesture_ws/install/robot_description/share/robot_description/sdf/robot.urdf
[0.303s] -- Up-to-date: /home/faps/hand-gesture_ws/install/robot_description/share/robot_description/sdf/robot.config
[0.303s] -- Up-to-date: /home/faps/hand-gesture_ws/install/robot_description/share/robot_description/rviz
[0.303s] -- Up-to-date: /home/faps/hand-gesture_ws/install/robot_description/share/robot_description/rviz/stage.rviz
[0.303s] -- Up-to-date: /home/faps/hand-gesture_ws/install/robot_description/share/ament_index/resource_index/package_run_dependencies/robot_description
[0.303s] -- Up-to-date: /home/faps/hand-gesture_ws/install/robot_description/share/ament_index/resource_index/parent_prefix_path/robot_description
[0.303s] -- Up-to-date: /home/faps/hand-gesture_ws/install/robot_description/share/robot_description/environment/ament_prefix_path.sh
[0.303s] -- Up-to-date: /home/faps/hand-gesture_ws/install/robot_description/share/robot_description/environment/ament_prefix_path.dsv
[0.303s] -- Up-to-date: /home/faps/hand-gesture_ws/install/robot_description/share/robot_description/environment/path.sh
[0.304s] -- Up-to-date: /home/faps/hand-gesture_ws/install/robot_description/share/robot_description/environment/path.dsv
[0.304s] -- Up-to-date: /home/faps/hand-gesture_ws/install/robot_description/share/robot_description/local_setup.bash
[0.304s] -- Up-to-date: /home/faps/hand-gesture_ws/install/robot_description/share/robot_description/local_setup.sh
[0.304s] -- Up-to-date: /home/faps/hand-gesture_ws/install/robot_description/share/robot_description/local_setup.zsh
[0.304s] -- Up-to-date: /home/faps/hand-gesture_ws/install/robot_description/share/robot_description/local_setup.dsv
[0.304s] -- Installing: /home/faps/hand-gesture_ws/install/robot_description/share/robot_description/package.dsv
[0.304s] -- Up-to-date: /home/faps/hand-gesture_ws/install/robot_description/share/ament_index/resource_index/packages/robot_description
[0.304s] -- Up-to-date: /home/faps/hand-gesture_ws/install/robot_description/share/robot_description/cmake/robot_descriptionConfig.cmake
[0.305s] -- Up-to-date: /home/faps/hand-gesture_ws/install/robot_description/share/robot_description/cmake/robot_descriptionConfig-version.cmake
[0.305s] -- Up-to-date: /home/faps/hand-gesture_ws/install/robot_description/share/robot_description/package.xml
[0.306s] Invoked command in '/home/faps/hand-gesture_ws/build/robot_description' returned '0': CMAKE_PREFIX_PATH=${CMAKE_PREFIX_PATH}:/home/faps/hand-gesture_ws/install/jetbot_ros:/home/faps/hand-gesture_ws/install/jetbot_navigation:/opt/ros/foxy /usr/bin/cmake --install /home/faps/hand-gesture_ws/build/robot_description
