[2.542s] DEBUG:colcon:Command line arguments: ['/usr/bin/colcon', 'build', '--symlink-install', '--packages-select', 'jetbot_ros']
[2.542s] DEBUG:colcon:Parsed command line arguments: Namespace(allow_overriding=[], ament_cmake_args=None, base_paths=['.'], build_base='build', catkin_cmake_args=None, catkin_skip_building_tests=False, cmake_args=None, cmake_clean_cache=False, cmake_clean_first=False, cmake_force_configure=False, cmake_target=None, cmake_target_skip_unavailable=False, continue_on_error=False, event_handlers=None, executor='parallel', ignore_user_meta=False, install_base='install', log_base=None, log_level=None, main=<bound method BuildVerb.main of <colcon_core.verb.build.BuildVerb object at 0x7f4426d90a30>>, merge_install=False, metas=['./colcon.meta'], packages_above=None, packages_above_and_dependencies=None, packages_above_depth=None, packages_end=None, packages_ignore=None, packages_ignore_regex=None, packages_select=['jetbot_ros'], packages_select_build_failed=False, packages_select_by_dep=None, packages_select_regex=None, packages_select_test_failures=False, packages_skip=None, packages_skip_build_finished=False, packages_skip_by_dep=None, packages_skip_regex=None, packages_skip_test_passed=False, packages_skip_up_to=None, packages_start=None, packages_up_to=None, packages_up_to_regex=None, parallel_workers=2, paths=None, symlink_install=True, test_result_base=None, verb_extension=<colcon_core.verb.build.BuildVerb object at 0x7f4426d90a30>, verb_name='build', verb_parser=<colcon_defaults.argument_parser.defaults.DefaultArgumentsDecorator object at 0x7f4426de9490>)
[2.668s] Level 1:colcon.colcon_core.package_discovery:discover_packages(colcon_meta) check parameters
[2.668s] Level 1:colcon.colcon_core.package_discovery:discover_packages(recursive) check parameters
[2.668s] Level 1:colcon.colcon_core.package_discovery:discover_packages(ignore) check parameters
[2.668s] Level 1:colcon.colcon_core.package_discovery:discover_packages(path) check parameters
[2.668s] Level 1:colcon.colcon_core.package_discovery:discover_packages(colcon_meta) discover
[2.668s] Level 1:colcon.colcon_core.package_discovery:discover_packages(recursive) discover
[2.668s] INFO:colcon.colcon_core.package_discovery:Crawling recursively for packages in '/home/faps/ros2_ws/src/jetbot_ros/launch'
[2.668s] Level 1:colcon.colcon_core.package_identification:_identify(.) by extensions ['ignore', 'ignore_ament_install']
[2.668s] Level 1:colcon.colcon_core.package_identification:_identify(.) by extension 'ignore'
[2.668s] Level 1:colcon.colcon_core.package_identification:_identify(.) by extension 'ignore_ament_install'
[2.668s] Level 1:colcon.colcon_core.package_identification:_identify(.) by extensions ['colcon_pkg']
[2.668s] Level 1:colcon.colcon_core.package_identification:_identify(.) by extension 'colcon_pkg'
[2.669s] Level 1:colcon.colcon_core.package_identification:_identify(.) by extensions ['colcon_meta']
[2.669s] Level 1:colcon.colcon_core.package_identification:_identify(.) by extension 'colcon_meta'
[2.669s] Level 1:colcon.colcon_core.package_identification:_identify(.) by extensions ['ros']
[2.669s] Level 1:colcon.colcon_core.package_identification:_identify(.) by extension 'ros'
[2.683s] Level 1:colcon.colcon_core.package_identification:_identify(.) by extensions ['cmake', 'python']
[2.683s] Level 1:colcon.colcon_core.package_identification:_identify(.) by extension 'cmake'
[2.683s] Level 1:colcon.colcon_core.package_identification:_identify(.) by extension 'python'
[2.683s] Level 1:colcon.colcon_core.package_identification:_identify(.) by extensions ['python_setup_py']
[2.683s] Level 1:colcon.colcon_core.package_identification:_identify(.) by extension 'python_setup_py'
[2.684s] Level 1:colcon.colcon_core.package_identification:_identify(build) by extensions ['ignore', 'ignore_ament_install']
[2.684s] Level 1:colcon.colcon_core.package_identification:_identify(build) by extension 'ignore'
[2.684s] Level 1:colcon.colcon_core.package_identification:_identify(build) ignored
[2.684s] Level 1:colcon.colcon_core.package_identification:_identify(install) by extensions ['ignore', 'ignore_ament_install']
[2.684s] Level 1:colcon.colcon_core.package_identification:_identify(install) by extension 'ignore'
[2.684s] Level 1:colcon.colcon_core.package_identification:_identify(install) ignored
[2.684s] Level 1:colcon.colcon_core.package_identification:_identify(log) by extensions ['ignore', 'ignore_ament_install']
[2.684s] Level 1:colcon.colcon_core.package_identification:_identify(log) by extension 'ignore'
[2.684s] Level 1:colcon.colcon_core.package_identification:_identify(log) ignored
[2.684s] Level 1:colcon.colcon_core.package_discovery:discover_packages(recursive) using defaults
[2.684s] Level 1:colcon.colcon_core.package_discovery:discover_packages(ignore) discover
[2.685s] Level 1:colcon.colcon_core.package_discovery:discover_packages(ignore) using defaults
[2.685s] Level 1:colcon.colcon_core.package_discovery:discover_packages(path) discover
[2.685s] Level 1:colcon.colcon_core.package_discovery:discover_packages(path) using defaults
[2.737s] WARNING:colcon.colcon_core.package_selection:ignoring unknown package 'jetbot_ros' in --packages-select
[2.946s] Level 1:colcon.colcon_core.package_discovery:discover_packages(prefix_path) check parameters
[2.946s] Level 1:colcon.colcon_core.package_discovery:discover_packages(prefix_path) discover
[3.038s] DEBUG:colcon.colcon_installed_package_information.package_discovery:Found 297 installed packages in /opt/ros/foxy
[3.040s] Level 1:colcon.colcon_core.package_discovery:discover_packages(prefix_path) using defaults
[3.249s] INFO:colcon.colcon_core.executor:Executing jobs using 'parallel' executor
[3.291s] DEBUG:colcon.colcon_parallel_executor.executor.parallel:run_until_complete
[3.291s] DEBUG:colcon.colcon_parallel_executor.executor.parallel:closing loop
[3.292s] DEBUG:colcon.colcon_parallel_executor.executor.parallel:loop closed
[3.292s] DEBUG:colcon.colcon_parallel_executor.executor.parallel:run_until_complete finished with '0'
[3.292s] DEBUG:colcon.colcon_core.event_reactor:joining thread
[3.340s] INFO:colcon.colcon_core.plugin_system:Skipping extension 'colcon_notification.desktop_notification.terminal_notifier': Not used on non-Darwin systems
[3.340s] INFO:colcon.colcon_core.plugin_system:Skipping extension 'colcon_notification.desktop_notification.win32': Not used on non-Windows systems
[3.340s] INFO:colcon.colcon_notification.desktop_notification:Sending desktop notification using 'notify2'
[3.361s] DEBUG:colcon.colcon_core.event_reactor:joined thread
[3.418s] INFO:colcon.colcon_core.plugin_system:Skipping extension 'colcon_core.shell.bat': Not used on non-Windows systems
[3.418s] INFO:colcon.colcon_core.shell:Creating prefix script '/home/faps/ros2_ws/src/jetbot_ros/launch/install/local_setup.ps1'
[3.419s] INFO:colcon.colcon_core.shell:Creating prefix util module '/home/faps/ros2_ws/src/jetbot_ros/launch/install/_local_setup_util_ps1.py'
[3.421s] INFO:colcon.colcon_core.shell:Creating prefix chain script '/home/faps/ros2_ws/src/jetbot_ros/launch/install/setup.ps1'
[3.477s] INFO:colcon.colcon_core.shell:Creating prefix script '/home/faps/ros2_ws/src/jetbot_ros/launch/install/local_setup.sh'
[3.478s] INFO:colcon.colcon_core.shell:Creating prefix util module '/home/faps/ros2_ws/src/jetbot_ros/launch/install/_local_setup_util_sh.py'
[3.479s] INFO:colcon.colcon_core.shell:Creating prefix chain script '/home/faps/ros2_ws/src/jetbot_ros/launch/install/setup.sh'
[3.532s] INFO:colcon.colcon_core.shell:Creating prefix script '/home/faps/ros2_ws/src/jetbot_ros/launch/install/local_setup.bash'
[3.532s] INFO:colcon.colcon_core.shell:Creating prefix chain script '/home/faps/ros2_ws/src/jetbot_ros/launch/install/setup.bash'
[3.585s] INFO:colcon.colcon_core.shell:Creating prefix script '/home/faps/ros2_ws/src/jetbot_ros/launch/install/local_setup.zsh'
[3.585s] INFO:colcon.colcon_core.shell:Creating prefix chain script '/home/faps/ros2_ws/src/jetbot_ros/launch/install/setup.zsh'
