[2.443s] DEBUG:colcon:Command line arguments: ['/usr/bin/colcon', 'build']
[2.443s] DEBUG:colcon:Parsed command line arguments: Namespace(allow_overriding=[], ament_cmake_args=None, base_paths=['.'], build_base='build', catkin_cmake_args=None, catkin_skip_building_tests=False, cmake_args=None, cmake_clean_cache=False, cmake_clean_first=False, cmake_force_configure=False, cmake_target=None, cmake_target_skip_unavailable=False, continue_on_error=False, event_handlers=None, executor='parallel', ignore_user_meta=False, install_base='install', log_base=None, log_level=None, main=<bound method BuildVerb.main of <colcon_core.verb.build.BuildVerb object at 0x7f6baca65cd0>>, merge_install=False, metas=['./colcon.meta'], packages_above=None, packages_above_and_dependencies=None, packages_above_depth=None, packages_end=None, packages_ignore=None, packages_ignore_regex=None, packages_select=None, packages_select_build_failed=False, packages_select_by_dep=None, packages_select_regex=None, packages_select_test_failures=False, packages_skip=None, packages_skip_build_finished=False, packages_skip_by_dep=None, packages_skip_regex=None, packages_skip_test_passed=False, packages_skip_up_to=None, packages_start=None, packages_up_to=None, packages_up_to_regex=None, parallel_workers=2, paths=None, symlink_install=False, test_result_base=None, verb_extension=<colcon_core.verb.build.BuildVerb object at 0x7f6baca65cd0>, verb_name='build', verb_parser=<colcon_defaults.argument_parser.defaults.DefaultArgumentsDecorator object at 0x7f6baca5dca0>)
[2.532s] Level 1:colcon.colcon_core.package_discovery:discover_packages(colcon_meta) check parameters
[2.532s] Level 1:colcon.colcon_core.package_discovery:discover_packages(recursive) check parameters
[2.532s] Level 1:colcon.colcon_core.package_discovery:discover_packages(ignore) check parameters
[2.532s] Level 1:colcon.colcon_core.package_discovery:discover_packages(path) check parameters
[2.532s] Level 1:colcon.colcon_core.package_discovery:discover_packages(colcon_meta) discover
[2.532s] Level 1:colcon.colcon_core.package_discovery:discover_packages(recursive) discover
[2.532s] INFO:colcon.colcon_core.package_discovery:Crawling recursively for packages in '/home/faps/hand-gesture_ws'
[2.532s] Level 1:colcon.colcon_core.package_identification:_identify(.) by extensions ['ignore', 'ignore_ament_install']
[2.532s] Level 1:colcon.colcon_core.package_identification:_identify(.) by extension 'ignore'
[2.532s] Level 1:colcon.colcon_core.package_identification:_identify(.) by extension 'ignore_ament_install'
[2.532s] Level 1:colcon.colcon_core.package_identification:_identify(.) by extensions ['colcon_pkg']
[2.532s] Level 1:colcon.colcon_core.package_identification:_identify(.) by extension 'colcon_pkg'
[2.532s] Level 1:colcon.colcon_core.package_identification:_identify(.) by extensions ['colcon_meta']
[2.532s] Level 1:colcon.colcon_core.package_identification:_identify(.) by extension 'colcon_meta'
[2.532s] Level 1:colcon.colcon_core.package_identification:_identify(.) by extensions ['ros']
[2.532s] Level 1:colcon.colcon_core.package_identification:_identify(.) by extension 'ros'
[2.542s] Level 1:colcon.colcon_core.package_identification:_identify(.) by extensions ['cmake', 'python']
[2.542s] Level 1:colcon.colcon_core.package_identification:_identify(.) by extension 'cmake'
[2.542s] Level 1:colcon.colcon_core.package_identification:_identify(.) by extension 'python'
[2.542s] Level 1:colcon.colcon_core.package_identification:_identify(.) by extensions ['python_setup_py']
[2.542s] Level 1:colcon.colcon_core.package_identification:_identify(.) by extension 'python_setup_py'
[2.542s] Level 1:colcon.colcon_core.package_identification:_identify(build) by extensions ['ignore', 'ignore_ament_install']
[2.542s] Level 1:colcon.colcon_core.package_identification:_identify(build) by extension 'ignore'
[2.542s] Level 1:colcon.colcon_core.package_identification:_identify(build) ignored
[2.542s] Level 1:colcon.colcon_core.package_identification:_identify(install) by extensions ['ignore', 'ignore_ament_install']
[2.542s] Level 1:colcon.colcon_core.package_identification:_identify(install) by extension 'ignore'
[2.543s] Level 1:colcon.colcon_core.package_identification:_identify(install) ignored
[2.543s] Level 1:colcon.colcon_core.package_identification:_identify(log) by extensions ['ignore', 'ignore_ament_install']
[2.543s] Level 1:colcon.colcon_core.package_identification:_identify(log) by extension 'ignore'
[2.543s] Level 1:colcon.colcon_core.package_identification:_identify(log) ignored
[2.543s] Level 1:colcon.colcon_core.package_identification:_identify(src) by extensions ['ignore', 'ignore_ament_install']
[2.543s] Level 1:colcon.colcon_core.package_identification:_identify(src) by extension 'ignore'
[2.543s] Level 1:colcon.colcon_core.package_identification:_identify(src) by extension 'ignore_ament_install'
[2.543s] Level 1:colcon.colcon_core.package_identification:_identify(src) by extensions ['colcon_pkg']
[2.543s] Level 1:colcon.colcon_core.package_identification:_identify(src) by extension 'colcon_pkg'
[2.543s] Level 1:colcon.colcon_core.package_identification:_identify(src) by extensions ['colcon_meta']
[2.543s] Level 1:colcon.colcon_core.package_identification:_identify(src) by extension 'colcon_meta'
[2.543s] Level 1:colcon.colcon_core.package_identification:_identify(src) by extensions ['ros']
[2.543s] Level 1:colcon.colcon_core.package_identification:_identify(src) by extension 'ros'
[2.543s] Level 1:colcon.colcon_core.package_identification:_identify(src) by extensions ['cmake', 'python']
[2.543s] Level 1:colcon.colcon_core.package_identification:_identify(src) by extension 'cmake'
[2.543s] Level 1:colcon.colcon_core.package_identification:_identify(src) by extension 'python'
[2.543s] Level 1:colcon.colcon_core.package_identification:_identify(src) by extensions ['python_setup_py']
[2.543s] Level 1:colcon.colcon_core.package_identification:_identify(src) by extension 'python_setup_py'
[2.543s] Level 1:colcon.colcon_core.package_identification:_identify(src/hand_gesture_control) by extensions ['ignore', 'ignore_ament_install']
[2.544s] Level 1:colcon.colcon_core.package_identification:_identify(src/hand_gesture_control) by extension 'ignore'
[2.544s] Level 1:colcon.colcon_core.package_identification:_identify(src/hand_gesture_control) by extension 'ignore_ament_install'
[2.544s] Level 1:colcon.colcon_core.package_identification:_identify(src/hand_gesture_control) by extensions ['colcon_pkg']
[2.544s] Level 1:colcon.colcon_core.package_identification:_identify(src/hand_gesture_control) by extension 'colcon_pkg'
[2.544s] Level 1:colcon.colcon_core.package_identification:_identify(src/hand_gesture_control) by extensions ['colcon_meta']
[2.544s] Level 1:colcon.colcon_core.package_identification:_identify(src/hand_gesture_control) by extension 'colcon_meta'
[2.544s] Level 1:colcon.colcon_core.package_identification:_identify(src/hand_gesture_control) by extensions ['ros']
[2.544s] Level 1:colcon.colcon_core.package_identification:_identify(src/hand_gesture_control) by extension 'ros'
[2.546s] DEBUG:colcon.colcon_core.package_identification:Package 'src/hand_gesture_control' with type 'ros.ament_cmake' and name 'hand_gesture_control'
[2.546s] Level 1:colcon.colcon_core.package_identification:_identify(src/jetbot_navigation) by extensions ['ignore', 'ignore_ament_install']
[2.546s] Level 1:colcon.colcon_core.package_identification:_identify(src/jetbot_navigation) by extension 'ignore'
[2.546s] Level 1:colcon.colcon_core.package_identification:_identify(src/jetbot_navigation) by extension 'ignore_ament_install'
[2.546s] Level 1:colcon.colcon_core.package_identification:_identify(src/jetbot_navigation) by extensions ['colcon_pkg']
[2.546s] Level 1:colcon.colcon_core.package_identification:_identify(src/jetbot_navigation) by extension 'colcon_pkg'
[2.546s] Level 1:colcon.colcon_core.package_identification:_identify(src/jetbot_navigation) by extensions ['colcon_meta']
[2.546s] Level 1:colcon.colcon_core.package_identification:_identify(src/jetbot_navigation) by extension 'colcon_meta'
[2.546s] Level 1:colcon.colcon_core.package_identification:_identify(src/jetbot_navigation) by extensions ['ros']
[2.546s] Level 1:colcon.colcon_core.package_identification:_identify(src/jetbot_navigation) by extension 'ros'
[2.547s] DEBUG:colcon.colcon_core.package_identification:Package 'src/jetbot_navigation' with type 'ros.ament_python' and name 'jetbot_navigation'
[2.547s] Level 1:colcon.colcon_core.package_identification:_identify(src/jetbot_ros) by extensions ['ignore', 'ignore_ament_install']
[2.547s] Level 1:colcon.colcon_core.package_identification:_identify(src/jetbot_ros) by extension 'ignore'
[2.547s] Level 1:colcon.colcon_core.package_identification:_identify(src/jetbot_ros) by extension 'ignore_ament_install'
[2.547s] Level 1:colcon.colcon_core.package_identification:_identify(src/jetbot_ros) by extensions ['colcon_pkg']
[2.547s] Level 1:colcon.colcon_core.package_identification:_identify(src/jetbot_ros) by extension 'colcon_pkg'
[2.547s] Level 1:colcon.colcon_core.package_identification:_identify(src/jetbot_ros) by extensions ['colcon_meta']
[2.547s] Level 1:colcon.colcon_core.package_identification:_identify(src/jetbot_ros) by extension 'colcon_meta'
[2.547s] Level 1:colcon.colcon_core.package_identification:_identify(src/jetbot_ros) by extensions ['ros']
[2.547s] Level 1:colcon.colcon_core.package_identification:_identify(src/jetbot_ros) by extension 'ros'
[2.547s] DEBUG:colcon.colcon_core.package_identification:Package 'src/jetbot_ros' with type 'ros.ament_python' and name 'jetbot_ros'
[2.547s] Level 1:colcon.colcon_core.package_identification:_identify(src/robot_control) by extensions ['ignore', 'ignore_ament_install']
[2.548s] Level 1:colcon.colcon_core.package_identification:_identify(src/robot_control) by extension 'ignore'
[2.548s] Level 1:colcon.colcon_core.package_identification:_identify(src/robot_control) by extension 'ignore_ament_install'
[2.548s] Level 1:colcon.colcon_core.package_identification:_identify(src/robot_control) by extensions ['colcon_pkg']
[2.548s] Level 1:colcon.colcon_core.package_identification:_identify(src/robot_control) by extension 'colcon_pkg'
[2.548s] Level 1:colcon.colcon_core.package_identification:_identify(src/robot_control) by extensions ['colcon_meta']
[2.548s] Level 1:colcon.colcon_core.package_identification:_identify(src/robot_control) by extension 'colcon_meta'
[2.548s] Level 1:colcon.colcon_core.package_identification:_identify(src/robot_control) by extensions ['ros']
[2.548s] Level 1:colcon.colcon_core.package_identification:_identify(src/robot_control) by extension 'ros'
[2.549s] DEBUG:colcon.colcon_core.package_identification:Package 'src/robot_control' with type 'ros.ament_cmake' and name 'robot_control'
[2.549s] Level 1:colcon.colcon_core.package_discovery:discover_packages(recursive) using defaults
[2.549s] Level 1:colcon.colcon_core.package_discovery:discover_packages(ignore) discover
[2.549s] Level 1:colcon.colcon_core.package_discovery:discover_packages(ignore) using defaults
[2.549s] Level 1:colcon.colcon_core.package_discovery:discover_packages(path) discover
[2.549s] Level 1:colcon.colcon_core.package_discovery:discover_packages(path) using defaults
[2.758s] Level 1:colcon.colcon_core.package_discovery:discover_packages(prefix_path) check parameters
[2.758s] Level 1:colcon.colcon_core.package_discovery:discover_packages(prefix_path) discover
[2.839s] DEBUG:colcon.colcon_installed_package_information.package_discovery:Found 5 installed packages in /home/faps/hand-gesture_ws/install
[2.882s] DEBUG:colcon.colcon_installed_package_information.package_discovery:Found 304 installed packages in /opt/ros/foxy
[2.884s] Level 1:colcon.colcon_core.package_discovery:discover_packages(prefix_path) using defaults
[3.046s] Level 5:colcon.colcon_core.verb:set package 'hand_gesture_control' build argument 'cmake_args' from command line to 'None'
[3.046s] Level 5:colcon.colcon_core.verb:set package 'hand_gesture_control' build argument 'cmake_target' from command line to 'None'
[3.046s] Level 5:colcon.colcon_core.verb:set package 'hand_gesture_control' build argument 'cmake_target_skip_unavailable' from command line to 'False'
[3.046s] Level 5:colcon.colcon_core.verb:set package 'hand_gesture_control' build argument 'cmake_clean_cache' from command line to 'False'
[3.046s] Level 5:colcon.colcon_core.verb:set package 'hand_gesture_control' build argument 'cmake_clean_first' from command line to 'False'
[3.046s] Level 5:colcon.colcon_core.verb:set package 'hand_gesture_control' build argument 'cmake_force_configure' from command line to 'False'
[3.046s] Level 5:colcon.colcon_core.verb:set package 'hand_gesture_control' build argument 'ament_cmake_args' from command line to 'None'
[3.046s] Level 5:colcon.colcon_core.verb:set package 'hand_gesture_control' build argument 'catkin_cmake_args' from command line to 'None'
[3.046s] Level 5:colcon.colcon_core.verb:set package 'hand_gesture_control' build argument 'catkin_skip_building_tests' from command line to 'False'
[3.046s] DEBUG:colcon.colcon_core.verb:Building package 'hand_gesture_control' with the following arguments: {'ament_cmake_args': None, 'build_base': '/home/faps/hand-gesture_ws/build/hand_gesture_control', 'catkin_cmake_args': None, 'catkin_skip_building_tests': False, 'cmake_args': None, 'cmake_clean_cache': False, 'cmake_clean_first': False, 'cmake_force_configure': False, 'cmake_target': None, 'cmake_target_skip_unavailable': False, 'install_base': '/home/faps/hand-gesture_ws/install/hand_gesture_control', 'merge_install': False, 'path': '/home/faps/hand-gesture_ws/src/hand_gesture_control', 'symlink_install': False, 'test_result_base': None}
[3.103s] Level 5:colcon.colcon_core.verb:set package 'jetbot_navigation' build argument 'cmake_args' from command line to 'None'
[3.103s] Level 5:colcon.colcon_core.verb:set package 'jetbot_navigation' build argument 'cmake_target' from command line to 'None'
[3.103s] Level 5:colcon.colcon_core.verb:set package 'jetbot_navigation' build argument 'cmake_target_skip_unavailable' from command line to 'False'
[3.103s] Level 5:colcon.colcon_core.verb:set package 'jetbot_navigation' build argument 'cmake_clean_cache' from command line to 'False'
[3.103s] Level 5:colcon.colcon_core.verb:set package 'jetbot_navigation' build argument 'cmake_clean_first' from command line to 'False'
[3.103s] Level 5:colcon.colcon_core.verb:set package 'jetbot_navigation' build argument 'cmake_force_configure' from command line to 'False'
[3.103s] Level 5:colcon.colcon_core.verb:set package 'jetbot_navigation' build argument 'ament_cmake_args' from command line to 'None'
[3.103s] Level 5:colcon.colcon_core.verb:set package 'jetbot_navigation' build argument 'catkin_cmake_args' from command line to 'None'
[3.103s] Level 5:colcon.colcon_core.verb:set package 'jetbot_navigation' build argument 'catkin_skip_building_tests' from command line to 'False'
[3.103s] DEBUG:colcon.colcon_core.verb:Building package 'jetbot_navigation' with the following arguments: {'ament_cmake_args': None, 'build_base': '/home/faps/hand-gesture_ws/build/jetbot_navigation', 'catkin_cmake_args': None, 'catkin_skip_building_tests': False, 'cmake_args': None, 'cmake_clean_cache': False, 'cmake_clean_first': False, 'cmake_force_configure': False, 'cmake_target': None, 'cmake_target_skip_unavailable': False, 'install_base': '/home/faps/hand-gesture_ws/install/jetbot_navigation', 'merge_install': False, 'path': '/home/faps/hand-gesture_ws/src/jetbot_navigation', 'symlink_install': False, 'test_result_base': None}
[3.147s] Level 5:colcon.colcon_core.verb:set package 'jetbot_ros' build argument 'cmake_args' from command line to 'None'
[3.147s] Level 5:colcon.colcon_core.verb:set package 'jetbot_ros' build argument 'cmake_target' from command line to 'None'
[3.147s] Level 5:colcon.colcon_core.verb:set package 'jetbot_ros' build argument 'cmake_target_skip_unavailable' from command line to 'False'
[3.147s] Level 5:colcon.colcon_core.verb:set package 'jetbot_ros' build argument 'cmake_clean_cache' from command line to 'False'
[3.147s] Level 5:colcon.colcon_core.verb:set package 'jetbot_ros' build argument 'cmake_clean_first' from command line to 'False'
[3.147s] Level 5:colcon.colcon_core.verb:set package 'jetbot_ros' build argument 'cmake_force_configure' from command line to 'False'
[3.147s] Level 5:colcon.colcon_core.verb:set package 'jetbot_ros' build argument 'ament_cmake_args' from command line to 'None'
[3.147s] Level 5:colcon.colcon_core.verb:set package 'jetbot_ros' build argument 'catkin_cmake_args' from command line to 'None'
[3.147s] Level 5:colcon.colcon_core.verb:set package 'jetbot_ros' build argument 'catkin_skip_building_tests' from command line to 'False'
[3.147s] DEBUG:colcon.colcon_core.verb:Building package 'jetbot_ros' with the following arguments: {'ament_cmake_args': None, 'build_base': '/home/faps/hand-gesture_ws/build/jetbot_ros', 'catkin_cmake_args': None, 'catkin_skip_building_tests': False, 'cmake_args': None, 'cmake_clean_cache': False, 'cmake_clean_first': False, 'cmake_force_configure': False, 'cmake_target': None, 'cmake_target_skip_unavailable': False, 'install_base': '/home/faps/hand-gesture_ws/install/jetbot_ros', 'merge_install': False, 'path': '/home/faps/hand-gesture_ws/src/jetbot_ros', 'symlink_install': False, 'test_result_base': None}
[3.185s] Level 5:colcon.colcon_core.verb:set package 'robot_control' build argument 'cmake_args' from command line to 'None'
[3.186s] Level 5:colcon.colcon_core.verb:set package 'robot_control' build argument 'cmake_target' from command line to 'None'
[3.186s] Level 5:colcon.colcon_core.verb:set package 'robot_control' build argument 'cmake_target_skip_unavailable' from command line to 'False'
[3.186s] Level 5:colcon.colcon_core.verb:set package 'robot_control' build argument 'cmake_clean_cache' from command line to 'False'
[3.186s] Level 5:colcon.colcon_core.verb:set package 'robot_control' build argument 'cmake_clean_first' from command line to 'False'
[3.186s] Level 5:colcon.colcon_core.verb:set package 'robot_control' build argument 'cmake_force_configure' from command line to 'False'
[3.186s] Level 5:colcon.colcon_core.verb:set package 'robot_control' build argument 'ament_cmake_args' from command line to 'None'
[3.186s] Level 5:colcon.colcon_core.verb:set package 'robot_control' build argument 'catkin_cmake_args' from command line to 'None'
[3.186s] Level 5:colcon.colcon_core.verb:set package 'robot_control' build argument 'catkin_skip_building_tests' from command line to 'False'
[3.186s] DEBUG:colcon.colcon_core.verb:Building package 'robot_control' with the following arguments: {'ament_cmake_args': None, 'build_base': '/home/faps/hand-gesture_ws/build/robot_control', 'catkin_cmake_args': None, 'catkin_skip_building_tests': False, 'cmake_args': None, 'cmake_clean_cache': False, 'cmake_clean_first': False, 'cmake_force_configure': False, 'cmake_target': None, 'cmake_target_skip_unavailable': False, 'install_base': '/home/faps/hand-gesture_ws/install/robot_control', 'merge_install': False, 'path': '/home/faps/hand-gesture_ws/src/robot_control', 'symlink_install': False, 'test_result_base': None}
[3.221s] INFO:colcon.colcon_core.executor:Executing jobs using 'parallel' executor
[3.257s] DEBUG:colcon.colcon_parallel_executor.executor.parallel:run_until_complete
[3.257s] INFO:colcon.colcon_ros.task.ament_cmake.build:Building ROS package in '/home/faps/hand-gesture_ws/src/hand_gesture_control' with build type 'ament_cmake'
[3.257s] INFO:colcon.colcon_cmake.task.cmake.build:Building CMake package in '/home/faps/hand-gesture_ws/src/hand_gesture_control'
[3.296s] INFO:colcon.colcon_core.plugin_system:Skipping extension 'colcon_core.shell.bat': Not used on non-Windows systems
[3.297s] INFO:colcon.colcon_core.shell:Skip shell extension 'powershell' for command environment: Not usable outside of PowerShell
[3.297s] DEBUG:colcon.colcon_core.shell:Skip shell extension 'dsv' for command environment
[3.416s] INFO:colcon.colcon_ros.task.ament_python.build:Building ROS package in '/home/faps/hand-gesture_ws/src/jetbot_navigation' with build type 'ament_python'
[3.416s] Level 1:colcon.colcon_core.shell:create_environment_hook('jetbot_navigation', 'ament_prefix_path')
[3.468s] INFO:colcon.colcon_core.shell:Creating environment hook '/home/faps/hand-gesture_ws/install/jetbot_navigation/share/jetbot_navigation/hook/ament_prefix_path.ps1'
[3.469s] INFO:colcon.colcon_core.shell:Creating environment descriptor '/home/faps/hand-gesture_ws/install/jetbot_navigation/share/jetbot_navigation/hook/ament_prefix_path.dsv'
[3.470s] INFO:colcon.colcon_core.shell:Creating environment hook '/home/faps/hand-gesture_ws/install/jetbot_navigation/share/jetbot_navigation/hook/ament_prefix_path.sh'
[3.514s] INFO:colcon.colcon_core.shell:Skip shell extension 'powershell' for command environment: Not usable outside of PowerShell
[3.514s] DEBUG:colcon.colcon_core.shell:Skip shell extension 'dsv' for command environment
[3.635s] DEBUG:colcon.colcon_core.event_handler.log_command:Invoking command in '/home/faps/hand-gesture_ws/build/hand_gesture_control': CMAKE_PREFIX_PATH=${CMAKE_PREFIX_PATH}:/home/faps/hand-gesture_ws/install/jetbot_ros:/home/faps/hand-gesture_ws/install/jetbot_navigation:/opt/ros/foxy /usr/bin/cmake --build /home/faps/hand-gesture_ws/build/hand_gesture_control -- -j2 -l2
[3.870s] INFO:colcon.colcon_core.task.python.build:Building Python package in '/home/faps/hand-gesture_ws/src/jetbot_navigation'
[3.914s] INFO:colcon.colcon_core.shell:Skip shell extension 'powershell' for command environment: Not usable outside of PowerShell
[3.914s] DEBUG:colcon.colcon_core.shell:Skip shell extension 'dsv' for command environment
[4.032s] DEBUG:colcon.colcon_core.event_handler.log_command:Invoked command in '/home/faps/hand-gesture_ws/build/hand_gesture_control' returned '0': CMAKE_PREFIX_PATH=${CMAKE_PREFIX_PATH}:/home/faps/hand-gesture_ws/install/jetbot_ros:/home/faps/hand-gesture_ws/install/jetbot_navigation:/opt/ros/foxy /usr/bin/cmake --build /home/faps/hand-gesture_ws/build/hand_gesture_control -- -j2 -l2
[4.071s] DEBUG:colcon.colcon_core.event_handler.log_command:Invoking command in '/home/faps/hand-gesture_ws/build/hand_gesture_control': CMAKE_PREFIX_PATH=${CMAKE_PREFIX_PATH}:/home/faps/hand-gesture_ws/install/jetbot_ros:/home/faps/hand-gesture_ws/install/jetbot_navigation:/opt/ros/foxy /usr/bin/cmake --install /home/faps/hand-gesture_ws/build/hand_gesture_control
[4.097s] Level 1:colcon.colcon_core.environment:create_environment_scripts_only(hand_gesture_control)
[4.097s] DEBUG:colcon.colcon_core.event_handler.log_command:Invoked command in '/home/faps/hand-gesture_ws/build/hand_gesture_control' returned '0': CMAKE_PREFIX_PATH=${CMAKE_PREFIX_PATH}:/home/faps/hand-gesture_ws/install/jetbot_ros:/home/faps/hand-gesture_ws/install/jetbot_navigation:/opt/ros/foxy /usr/bin/cmake --install /home/faps/hand-gesture_ws/build/hand_gesture_control
[4.156s] Level 1:colcon.colcon_core.environment:checking '/home/faps/hand-gesture_ws/install/hand_gesture_control' for CMake module files
[4.156s] Level 1:colcon.colcon_core.environment:checking '/home/faps/hand-gesture_ws/install/hand_gesture_control' for CMake config files
[4.157s] Level 1:colcon.colcon_core.shell:create_environment_hook('hand_gesture_control', 'cmake_prefix_path')
[4.212s] INFO:colcon.colcon_core.shell:Creating environment hook '/home/faps/hand-gesture_ws/install/hand_gesture_control/share/hand_gesture_control/hook/cmake_prefix_path.ps1'
[4.212s] INFO:colcon.colcon_core.shell:Creating environment descriptor '/home/faps/hand-gesture_ws/install/hand_gesture_control/share/hand_gesture_control/hook/cmake_prefix_path.dsv'
[4.213s] INFO:colcon.colcon_core.shell:Creating environment hook '/home/faps/hand-gesture_ws/install/hand_gesture_control/share/hand_gesture_control/hook/cmake_prefix_path.sh'
[4.214s] Level 1:colcon.colcon_core.environment:checking '/home/faps/hand-gesture_ws/install/hand_gesture_control/lib'
[4.214s] Level 1:colcon.colcon_core.environment:checking '/home/faps/hand-gesture_ws/install/hand_gesture_control/bin'
[4.214s] Level 1:colcon.colcon_core.environment:checking '/home/faps/hand-gesture_ws/install/hand_gesture_control/lib/pkgconfig/hand_gesture_control.pc'
[4.214s] Level 1:colcon.colcon_core.environment:checking '/home/faps/hand-gesture_ws/install/hand_gesture_control/lib/python3.8/site-packages'
[4.214s] Level 1:colcon.colcon_core.environment:checking '/home/faps/hand-gesture_ws/install/hand_gesture_control/bin'
[4.261s] INFO:colcon.colcon_core.shell:Creating package script '/home/faps/hand-gesture_ws/install/hand_gesture_control/share/hand_gesture_control/package.ps1'
[4.262s] INFO:colcon.colcon_core.shell:Creating package descriptor '/home/faps/hand-gesture_ws/install/hand_gesture_control/share/hand_gesture_control/package.dsv'
[4.263s] INFO:colcon.colcon_core.shell:Creating package script '/home/faps/hand-gesture_ws/install/hand_gesture_control/share/hand_gesture_control/package.sh'
[4.263s] INFO:colcon.colcon_core.shell:Creating package script '/home/faps/hand-gesture_ws/install/hand_gesture_control/share/hand_gesture_control/package.bash'
[4.264s] INFO:colcon.colcon_core.shell:Creating package script '/home/faps/hand-gesture_ws/install/hand_gesture_control/share/hand_gesture_control/package.zsh'
[4.265s] Level 1:colcon.colcon_core.environment:create_file_with_runtime_dependencies(/home/faps/hand-gesture_ws/install/hand_gesture_control/share/colcon-core/packages/hand_gesture_control)
[4.364s] Level 1:colcon.colcon_core.environment:create_environment_scripts_only(hand_gesture_control)
[4.416s] Level 1:colcon.colcon_core.environment:checking '/home/faps/hand-gesture_ws/install/hand_gesture_control' for CMake module files
[4.416s] Level 1:colcon.colcon_core.environment:checking '/home/faps/hand-gesture_ws/install/hand_gesture_control' for CMake config files
[4.417s] Level 1:colcon.colcon_core.shell:create_environment_hook('hand_gesture_control', 'cmake_prefix_path')
[4.481s] INFO:colcon.colcon_core.shell:Creating environment hook '/home/faps/hand-gesture_ws/install/hand_gesture_control/share/hand_gesture_control/hook/cmake_prefix_path.ps1'
[4.482s] INFO:colcon.colcon_core.shell:Creating environment descriptor '/home/faps/hand-gesture_ws/install/hand_gesture_control/share/hand_gesture_control/hook/cmake_prefix_path.dsv'
[4.482s] INFO:colcon.colcon_core.shell:Creating environment hook '/home/faps/hand-gesture_ws/install/hand_gesture_control/share/hand_gesture_control/hook/cmake_prefix_path.sh'
[4.483s] Level 1:colcon.colcon_core.environment:checking '/home/faps/hand-gesture_ws/install/hand_gesture_control/lib'
[4.483s] Level 1:colcon.colcon_core.environment:checking '/home/faps/hand-gesture_ws/install/hand_gesture_control/bin'
[4.483s] Level 1:colcon.colcon_core.environment:checking '/home/faps/hand-gesture_ws/install/hand_gesture_control/lib/pkgconfig/hand_gesture_control.pc'
[4.483s] Level 1:colcon.colcon_core.environment:checking '/home/faps/hand-gesture_ws/install/hand_gesture_control/lib/python3.8/site-packages'
[4.484s] Level 1:colcon.colcon_core.environment:checking '/home/faps/hand-gesture_ws/install/hand_gesture_control/bin'
[4.535s] INFO:colcon.colcon_core.shell:Creating package script '/home/faps/hand-gesture_ws/install/hand_gesture_control/share/hand_gesture_control/package.ps1'
[4.536s] INFO:colcon.colcon_core.shell:Creating package descriptor '/home/faps/hand-gesture_ws/install/hand_gesture_control/share/hand_gesture_control/package.dsv'
[4.537s] INFO:colcon.colcon_core.shell:Creating package script '/home/faps/hand-gesture_ws/install/hand_gesture_control/share/hand_gesture_control/package.sh'
[4.538s] INFO:colcon.colcon_core.shell:Creating package script '/home/faps/hand-gesture_ws/install/hand_gesture_control/share/hand_gesture_control/package.bash'
[4.538s] INFO:colcon.colcon_core.shell:Creating package script '/home/faps/hand-gesture_ws/install/hand_gesture_control/share/hand_gesture_control/package.zsh'
[4.539s] Level 1:colcon.colcon_core.environment:create_file_with_runtime_dependencies(/home/faps/hand-gesture_ws/install/hand_gesture_control/share/colcon-core/packages/hand_gesture_control)
[4.539s] INFO:colcon.colcon_ros.task.ament_python.build:Building ROS package in '/home/faps/hand-gesture_ws/src/jetbot_ros' with build type 'ament_python'
[4.540s] Level 1:colcon.colcon_core.shell:create_environment_hook('jetbot_ros', 'ament_prefix_path')
[4.600s] INFO:colcon.colcon_core.shell:Creating environment hook '/home/faps/hand-gesture_ws/install/jetbot_ros/share/jetbot_ros/hook/ament_prefix_path.ps1'
[4.601s] INFO:colcon.colcon_core.shell:Creating environment descriptor '/home/faps/hand-gesture_ws/install/jetbot_ros/share/jetbot_ros/hook/ament_prefix_path.dsv'
[4.604s] INFO:colcon.colcon_core.shell:Creating environment hook '/home/faps/hand-gesture_ws/install/jetbot_ros/share/jetbot_ros/hook/ament_prefix_path.sh'
[4.648s] INFO:colcon.colcon_core.shell:Skip shell extension 'powershell' for command environment: Not usable outside of PowerShell
[4.648s] DEBUG:colcon.colcon_core.shell:Skip shell extension 'dsv' for command environment
[4.814s] DEBUG:colcon.colcon_core.event_handler.log_command:Invoking command in '/home/faps/hand-gesture_ws/src/jetbot_navigation': PYTHONPATH=/home/faps/hand-gesture_ws/build/jetbot_navigation/prefix_override:/home/faps/hand-gesture_ws/install/jetbot_navigation/lib/python3.8/site-packages:${PYTHONPATH} /usr/bin/python3 setup.py egg_info --egg-base ../../build/jetbot_navigation build --build-base /home/faps/hand-gesture_ws/build/jetbot_navigation/build install --record /home/faps/hand-gesture_ws/build/jetbot_navigation/install.log --install-scripts $base/lib/jetbot_navigation --single-version-externally-managed
[5.092s] INFO:colcon.colcon_core.task.python.build:Building Python package in '/home/faps/hand-gesture_ws/src/jetbot_ros'
[5.149s] INFO:colcon.colcon_core.shell:Skip shell extension 'powershell' for command environment: Not usable outside of PowerShell
[5.149s] DEBUG:colcon.colcon_core.shell:Skip shell extension 'dsv' for command environment
[5.284s] DEBUG:colcon.colcon_core.event_handler.log_command:Invoked command in '/home/faps/hand-gesture_ws/src/jetbot_navigation' returned '0': PYTHONPATH=/home/faps/hand-gesture_ws/build/jetbot_navigation/prefix_override:/home/faps/hand-gesture_ws/install/jetbot_navigation/lib/python3.8/site-packages:${PYTHONPATH} /usr/bin/python3 setup.py egg_info --egg-base ../../build/jetbot_navigation build --build-base /home/faps/hand-gesture_ws/build/jetbot_navigation/build install --record /home/faps/hand-gesture_ws/build/jetbot_navigation/install.log --install-scripts $base/lib/jetbot_navigation --single-version-externally-managed
[5.323s] Level 1:colcon.colcon_core.environment:checking '/home/faps/hand-gesture_ws/install/jetbot_navigation' for CMake module files
[5.323s] Level 1:colcon.colcon_core.environment:checking '/home/faps/hand-gesture_ws/install/jetbot_navigation' for CMake config files
[5.324s] Level 1:colcon.colcon_core.environment:checking '/home/faps/hand-gesture_ws/install/jetbot_navigation/lib'
[5.324s] Level 1:colcon.colcon_core.environment:checking '/home/faps/hand-gesture_ws/install/jetbot_navigation/bin'
[5.324s] Level 1:colcon.colcon_core.environment:checking '/home/faps/hand-gesture_ws/install/jetbot_navigation/lib/pkgconfig/jetbot_navigation.pc'
[5.324s] Level 1:colcon.colcon_core.environment:checking '/home/faps/hand-gesture_ws/install/jetbot_navigation/lib/python3.8/site-packages'
[5.324s] Level 1:colcon.colcon_core.shell:create_environment_hook('jetbot_navigation', 'pythonpath')
[5.363s] INFO:colcon.colcon_core.shell:Creating environment hook '/home/faps/hand-gesture_ws/install/jetbot_navigation/share/jetbot_navigation/hook/pythonpath.ps1'
[5.364s] INFO:colcon.colcon_core.shell:Creating environment descriptor '/home/faps/hand-gesture_ws/install/jetbot_navigation/share/jetbot_navigation/hook/pythonpath.dsv'
[5.364s] INFO:colcon.colcon_core.shell:Creating environment hook '/home/faps/hand-gesture_ws/install/jetbot_navigation/share/jetbot_navigation/hook/pythonpath.sh'
[5.365s] Level 1:colcon.colcon_core.environment:checking '/home/faps/hand-gesture_ws/install/jetbot_navigation/bin'
[5.365s] Level 1:colcon.colcon_core.environment:create_environment_scripts_only(jetbot_navigation)
[5.405s] INFO:colcon.colcon_core.shell:Creating package script '/home/faps/hand-gesture_ws/install/jetbot_navigation/share/jetbot_navigation/package.ps1'
[5.405s] INFO:colcon.colcon_core.shell:Creating package descriptor '/home/faps/hand-gesture_ws/install/jetbot_navigation/share/jetbot_navigation/package.dsv'
[5.406s] INFO:colcon.colcon_core.shell:Creating package script '/home/faps/hand-gesture_ws/install/jetbot_navigation/share/jetbot_navigation/package.sh'
[5.406s] INFO:colcon.colcon_core.shell:Creating package script '/home/faps/hand-gesture_ws/install/jetbot_navigation/share/jetbot_navigation/package.bash'
[5.407s] INFO:colcon.colcon_core.shell:Creating package script '/home/faps/hand-gesture_ws/install/jetbot_navigation/share/jetbot_navigation/package.zsh'
[5.407s] Level 1:colcon.colcon_core.environment:create_file_with_runtime_dependencies(/home/faps/hand-gesture_ws/install/jetbot_navigation/share/colcon-core/packages/jetbot_navigation)
[5.408s] INFO:colcon.colcon_ros.task.ament_cmake.build:Building ROS package in '/home/faps/hand-gesture_ws/src/robot_control' with build type 'ament_cmake'
[5.408s] INFO:colcon.colcon_cmake.task.cmake.build:Building CMake package in '/home/faps/hand-gesture_ws/src/robot_control'
[5.451s] INFO:colcon.colcon_core.shell:Skip shell extension 'powershell' for command environment: Not usable outside of PowerShell
[5.451s] DEBUG:colcon.colcon_core.shell:Skip shell extension 'dsv' for command environment
[5.591s] DEBUG:colcon.colcon_core.event_handler.log_command:Invoking command in '/home/faps/hand-gesture_ws/build/robot_control': CMAKE_PREFIX_PATH=${CMAKE_PREFIX_PATH}:/home/faps/hand-gesture_ws/install/jetbot_ros:/home/faps/hand-gesture_ws/install/jetbot_navigation:/opt/ros/foxy /usr/bin/cmake --build /home/faps/hand-gesture_ws/build/robot_control -- -j2 -l2
[5.651s] DEBUG:colcon.colcon_core.event_handler.log_command:Invoked command in '/home/faps/hand-gesture_ws/build/robot_control' returned '0': CMAKE_PREFIX_PATH=${CMAKE_PREFIX_PATH}:/home/faps/hand-gesture_ws/install/jetbot_ros:/home/faps/hand-gesture_ws/install/jetbot_navigation:/opt/ros/foxy /usr/bin/cmake --build /home/faps/hand-gesture_ws/build/robot_control -- -j2 -l2
[5.692s] DEBUG:colcon.colcon_core.event_handler.log_command:Invoking command in '/home/faps/hand-gesture_ws/build/robot_control': CMAKE_PREFIX_PATH=${CMAKE_PREFIX_PATH}:/home/faps/hand-gesture_ws/install/jetbot_ros:/home/faps/hand-gesture_ws/install/jetbot_navigation:/opt/ros/foxy /usr/bin/cmake --install /home/faps/hand-gesture_ws/build/robot_control
[5.706s] Level 1:colcon.colcon_core.environment:create_environment_scripts_only(robot_control)
[5.706s] DEBUG:colcon.colcon_core.event_handler.log_command:Invoked command in '/home/faps/hand-gesture_ws/build/robot_control' returned '0': CMAKE_PREFIX_PATH=${CMAKE_PREFIX_PATH}:/home/faps/hand-gesture_ws/install/jetbot_ros:/home/faps/hand-gesture_ws/install/jetbot_navigation:/opt/ros/foxy /usr/bin/cmake --install /home/faps/hand-gesture_ws/build/robot_control
[5.761s] Level 1:colcon.colcon_core.environment:checking '/home/faps/hand-gesture_ws/install/robot_control' for CMake module files
[5.762s] Level 1:colcon.colcon_core.environment:checking '/home/faps/hand-gesture_ws/install/robot_control' for CMake config files
[5.762s] Level 1:colcon.colcon_core.shell:create_environment_hook('robot_control', 'cmake_prefix_path')
[5.813s] INFO:colcon.colcon_core.shell:Creating environment hook '/home/faps/hand-gesture_ws/install/robot_control/share/robot_control/hook/cmake_prefix_path.ps1'
[5.813s] INFO:colcon.colcon_core.shell:Creating environment descriptor '/home/faps/hand-gesture_ws/install/robot_control/share/robot_control/hook/cmake_prefix_path.dsv'
[5.814s] INFO:colcon.colcon_core.shell:Creating environment hook '/home/faps/hand-gesture_ws/install/robot_control/share/robot_control/hook/cmake_prefix_path.sh'
[5.814s] Level 1:colcon.colcon_core.environment:checking '/home/faps/hand-gesture_ws/install/robot_control/lib'
[5.814s] Level 1:colcon.colcon_core.environment:checking '/home/faps/hand-gesture_ws/install/robot_control/bin'
[5.814s] Level 1:colcon.colcon_core.environment:checking '/home/faps/hand-gesture_ws/install/robot_control/lib/pkgconfig/robot_control.pc'
[5.815s] Level 1:colcon.colcon_core.environment:checking '/home/faps/hand-gesture_ws/install/robot_control/lib/python3.8/site-packages'
[5.815s] Level 1:colcon.colcon_core.environment:checking '/home/faps/hand-gesture_ws/install/robot_control/bin'
[5.872s] INFO:colcon.colcon_core.shell:Creating package script '/home/faps/hand-gesture_ws/install/robot_control/share/robot_control/package.ps1'
[5.873s] INFO:colcon.colcon_core.shell:Creating package descriptor '/home/faps/hand-gesture_ws/install/robot_control/share/robot_control/package.dsv'
[5.873s] INFO:colcon.colcon_core.shell:Creating package script '/home/faps/hand-gesture_ws/install/robot_control/share/robot_control/package.sh'
[5.874s] INFO:colcon.colcon_core.shell:Creating package script '/home/faps/hand-gesture_ws/install/robot_control/share/robot_control/package.bash'
[5.874s] INFO:colcon.colcon_core.shell:Creating package script '/home/faps/hand-gesture_ws/install/robot_control/share/robot_control/package.zsh'
[5.875s] Level 1:colcon.colcon_core.environment:create_file_with_runtime_dependencies(/home/faps/hand-gesture_ws/install/robot_control/share/colcon-core/packages/robot_control)
[5.966s] Level 1:colcon.colcon_core.environment:create_environment_scripts_only(robot_control)
[6.024s] Level 1:colcon.colcon_core.environment:checking '/home/faps/hand-gesture_ws/install/robot_control' for CMake module files
[6.025s] Level 1:colcon.colcon_core.environment:checking '/home/faps/hand-gesture_ws/install/robot_control' for CMake config files
[6.025s] Level 1:colcon.colcon_core.shell:create_environment_hook('robot_control', 'cmake_prefix_path')
[6.083s] INFO:colcon.colcon_core.shell:Creating environment hook '/home/faps/hand-gesture_ws/install/robot_control/share/robot_control/hook/cmake_prefix_path.ps1'
[6.084s] INFO:colcon.colcon_core.shell:Creating environment descriptor '/home/faps/hand-gesture_ws/install/robot_control/share/robot_control/hook/cmake_prefix_path.dsv'
[6.084s] INFO:colcon.colcon_core.shell:Creating environment hook '/home/faps/hand-gesture_ws/install/robot_control/share/robot_control/hook/cmake_prefix_path.sh'
[6.085s] Level 1:colcon.colcon_core.environment:checking '/home/faps/hand-gesture_ws/install/robot_control/lib'
[6.085s] Level 1:colcon.colcon_core.environment:checking '/home/faps/hand-gesture_ws/install/robot_control/bin'
[6.085s] Level 1:colcon.colcon_core.environment:checking '/home/faps/hand-gesture_ws/install/robot_control/lib/pkgconfig/robot_control.pc'
[6.085s] Level 1:colcon.colcon_core.environment:checking '/home/faps/hand-gesture_ws/install/robot_control/lib/python3.8/site-packages'
[6.086s] Level 1:colcon.colcon_core.environment:checking '/home/faps/hand-gesture_ws/install/robot_control/bin'
[6.132s] INFO:colcon.colcon_core.shell:Creating package script '/home/faps/hand-gesture_ws/install/robot_control/share/robot_control/package.ps1'
[6.132s] INFO:colcon.colcon_core.shell:Creating package descriptor '/home/faps/hand-gesture_ws/install/robot_control/share/robot_control/package.dsv'
[6.133s] INFO:colcon.colcon_core.shell:Creating package script '/home/faps/hand-gesture_ws/install/robot_control/share/robot_control/package.sh'
[6.133s] INFO:colcon.colcon_core.shell:Creating package script '/home/faps/hand-gesture_ws/install/robot_control/share/robot_control/package.bash'
[6.134s] INFO:colcon.colcon_core.shell:Creating package script '/home/faps/hand-gesture_ws/install/robot_control/share/robot_control/package.zsh'
[6.134s] Level 1:colcon.colcon_core.environment:create_file_with_runtime_dependencies(/home/faps/hand-gesture_ws/install/robot_control/share/colcon-core/packages/robot_control)
[6.137s] DEBUG:colcon.colcon_core.event_handler.log_command:Invoking command in '/home/faps/hand-gesture_ws/src/jetbot_ros': PYTHONPATH=/home/faps/hand-gesture_ws/build/jetbot_ros/prefix_override:/home/faps/hand-gesture_ws/install/jetbot_ros/lib/python3.8/site-packages:${PYTHONPATH} /usr/bin/python3 setup.py egg_info --egg-base ../../build/jetbot_ros build --build-base /home/faps/hand-gesture_ws/build/jetbot_ros/build install --record /home/faps/hand-gesture_ws/build/jetbot_ros/install.log --install-scripts $base/lib/jetbot_ros --single-version-externally-managed
[6.512s] DEBUG:colcon.colcon_core.event_handler.log_command:Invoked command in '/home/faps/hand-gesture_ws/src/jetbot_ros' returned '0': PYTHONPATH=/home/faps/hand-gesture_ws/build/jetbot_ros/prefix_override:/home/faps/hand-gesture_ws/install/jetbot_ros/lib/python3.8/site-packages:${PYTHONPATH} /usr/bin/python3 setup.py egg_info --egg-base ../../build/jetbot_ros build --build-base /home/faps/hand-gesture_ws/build/jetbot_ros/build install --record /home/faps/hand-gesture_ws/build/jetbot_ros/install.log --install-scripts $base/lib/jetbot_ros --single-version-externally-managed
[6.574s] Level 1:colcon.colcon_core.environment:checking '/home/faps/hand-gesture_ws/install/jetbot_ros' for CMake module files
[6.576s] Level 1:colcon.colcon_core.environment:checking '/home/faps/hand-gesture_ws/install/jetbot_ros' for CMake config files
[6.578s] Level 1:colcon.colcon_core.environment:checking '/home/faps/hand-gesture_ws/install/jetbot_ros/lib'
[6.578s] Level 1:colcon.colcon_core.environment:checking '/home/faps/hand-gesture_ws/install/jetbot_ros/bin'
[6.578s] Level 1:colcon.colcon_core.environment:checking '/home/faps/hand-gesture_ws/install/jetbot_ros/lib/pkgconfig/jetbot_ros.pc'
[6.578s] Level 1:colcon.colcon_core.environment:checking '/home/faps/hand-gesture_ws/install/jetbot_ros/lib/python3.8/site-packages'
[6.578s] Level 1:colcon.colcon_core.shell:create_environment_hook('jetbot_ros', 'pythonpath')
[6.626s] INFO:colcon.colcon_core.shell:Creating environment hook '/home/faps/hand-gesture_ws/install/jetbot_ros/share/jetbot_ros/hook/pythonpath.ps1'
[6.627s] INFO:colcon.colcon_core.shell:Creating environment descriptor '/home/faps/hand-gesture_ws/install/jetbot_ros/share/jetbot_ros/hook/pythonpath.dsv'
[6.627s] INFO:colcon.colcon_core.shell:Creating environment hook '/home/faps/hand-gesture_ws/install/jetbot_ros/share/jetbot_ros/hook/pythonpath.sh'
[6.628s] Level 1:colcon.colcon_core.environment:checking '/home/faps/hand-gesture_ws/install/jetbot_ros/bin'
[6.628s] Level 1:colcon.colcon_core.environment:create_environment_scripts_only(jetbot_ros)
[6.686s] INFO:colcon.colcon_core.shell:Creating package script '/home/faps/hand-gesture_ws/install/jetbot_ros/share/jetbot_ros/package.ps1'
[6.687s] INFO:colcon.colcon_core.shell:Creating package descriptor '/home/faps/hand-gesture_ws/install/jetbot_ros/share/jetbot_ros/package.dsv'
[6.687s] INFO:colcon.colcon_core.shell:Creating package script '/home/faps/hand-gesture_ws/install/jetbot_ros/share/jetbot_ros/package.sh'
[6.688s] INFO:colcon.colcon_core.shell:Creating package script '/home/faps/hand-gesture_ws/install/jetbot_ros/share/jetbot_ros/package.bash'
[6.688s] INFO:colcon.colcon_core.shell:Creating package script '/home/faps/hand-gesture_ws/install/jetbot_ros/share/jetbot_ros/package.zsh'
[6.689s] Level 1:colcon.colcon_core.environment:create_file_with_runtime_dependencies(/home/faps/hand-gesture_ws/install/jetbot_ros/share/colcon-core/packages/jetbot_ros)
[6.689s] DEBUG:colcon.colcon_parallel_executor.executor.parallel:closing loop
[6.690s] DEBUG:colcon.colcon_parallel_executor.executor.parallel:loop closed
[6.690s] DEBUG:colcon.colcon_parallel_executor.executor.parallel:run_until_complete finished with '0'
[6.690s] DEBUG:colcon.colcon_core.event_reactor:joining thread
[6.745s] INFO:colcon.colcon_core.plugin_system:Skipping extension 'colcon_notification.desktop_notification.terminal_notifier': Not used on non-Darwin systems
[6.745s] INFO:colcon.colcon_core.plugin_system:Skipping extension 'colcon_notification.desktop_notification.win32': Not used on non-Windows systems
[6.745s] INFO:colcon.colcon_notification.desktop_notification:Sending desktop notification using 'notify2'
[6.767s] DEBUG:colcon.colcon_core.event_reactor:joined thread
[6.816s] INFO:colcon.colcon_core.shell:Creating prefix script '/home/faps/hand-gesture_ws/install/local_setup.ps1'
[6.817s] INFO:colcon.colcon_core.shell:Creating prefix util module '/home/faps/hand-gesture_ws/install/_local_setup_util_ps1.py'
[6.818s] INFO:colcon.colcon_core.shell:Creating prefix chain script '/home/faps/hand-gesture_ws/install/setup.ps1'
[6.869s] INFO:colcon.colcon_core.shell:Creating prefix script '/home/faps/hand-gesture_ws/install/local_setup.sh'
[6.870s] INFO:colcon.colcon_core.shell:Creating prefix util module '/home/faps/hand-gesture_ws/install/_local_setup_util_sh.py'
[6.870s] INFO:colcon.colcon_core.shell:Creating prefix chain script '/home/faps/hand-gesture_ws/install/setup.sh'
[6.931s] INFO:colcon.colcon_core.shell:Creating prefix script '/home/faps/hand-gesture_ws/install/local_setup.bash'
[6.932s] INFO:colcon.colcon_core.shell:Creating prefix chain script '/home/faps/hand-gesture_ws/install/setup.bash'
[6.981s] INFO:colcon.colcon_core.shell:Creating prefix script '/home/faps/hand-gesture_ws/install/local_setup.zsh'
[6.982s] INFO:colcon.colcon_core.shell:Creating prefix chain script '/home/faps/hand-gesture_ws/install/setup.zsh'
