[2.920s] DEBUG:colcon:Command line arguments: ['/usr/bin/colcon', 'build']
[2.920s] DEBUG:colcon:Parsed command line arguments: Namespace(allow_overriding=[], ament_cmake_args=None, base_paths=['.'], build_base='build', catkin_cmake_args=None, catkin_skip_building_tests=False, cmake_args=None, cmake_clean_cache=False, cmake_clean_first=False, cmake_force_configure=False, cmake_target=None, cmake_target_skip_unavailable=False, continue_on_error=False, event_handlers=None, executor='parallel', ignore_user_meta=False, install_base='install', log_base=None, log_level=None, main=<bound method BuildVerb.main of <colcon_core.verb.build.BuildVerb object at 0x7f0ca0d51e50>>, merge_install=False, metas=['./colcon.meta'], packages_above=None, packages_above_and_dependencies=None, packages_above_depth=None, packages_end=None, packages_ignore=None, packages_ignore_regex=None, packages_select=None, packages_select_build_failed=False, packages_select_by_dep=None, packages_select_regex=None, packages_select_test_failures=False, packages_skip=None, packages_skip_build_finished=False, packages_skip_by_dep=None, packages_skip_regex=None, packages_skip_test_passed=False, packages_skip_up_to=None, packages_start=None, packages_up_to=None, packages_up_to_regex=None, parallel_workers=2, paths=None, symlink_install=False, test_result_base=None, verb_extension=<colcon_core.verb.build.BuildVerb object at 0x7f0ca0d51e50>, verb_name='build', verb_parser=<colcon_defaults.argument_parser.defaults.DefaultArgumentsDecorator object at 0x7f0ca0d51be0>)
[3.034s] Level 1:colcon.colcon_core.package_discovery:discover_packages(colcon_meta) check parameters
[3.034s] Level 1:colcon.colcon_core.package_discovery:discover_packages(recursive) check parameters
[3.034s] Level 1:colcon.colcon_core.package_discovery:discover_packages(ignore) check parameters
[3.034s] Level 1:colcon.colcon_core.package_discovery:discover_packages(path) check parameters
[3.034s] Level 1:colcon.colcon_core.package_discovery:discover_packages(colcon_meta) discover
[3.034s] Level 1:colcon.colcon_core.package_discovery:discover_packages(recursive) discover
[3.034s] INFO:colcon.colcon_core.package_discovery:Crawling recursively for packages in '/home/faps/hand-gesture_ws'
[3.034s] Level 1:colcon.colcon_core.package_identification:_identify(.) by extensions ['ignore', 'ignore_ament_install']
[3.034s] Level 1:colcon.colcon_core.package_identification:_identify(.) by extension 'ignore'
[3.034s] Level 1:colcon.colcon_core.package_identification:_identify(.) by extension 'ignore_ament_install'
[3.035s] Level 1:colcon.colcon_core.package_identification:_identify(.) by extensions ['colcon_pkg']
[3.035s] Level 1:colcon.colcon_core.package_identification:_identify(.) by extension 'colcon_pkg'
[3.035s] Level 1:colcon.colcon_core.package_identification:_identify(.) by extensions ['colcon_meta']
[3.035s] Level 1:colcon.colcon_core.package_identification:_identify(.) by extension 'colcon_meta'
[3.035s] Level 1:colcon.colcon_core.package_identification:_identify(.) by extensions ['ros']
[3.035s] Level 1:colcon.colcon_core.package_identification:_identify(.) by extension 'ros'
[3.047s] Level 1:colcon.colcon_core.package_identification:_identify(.) by extensions ['cmake', 'python']
[3.047s] Level 1:colcon.colcon_core.package_identification:_identify(.) by extension 'cmake'
[3.047s] Level 1:colcon.colcon_core.package_identification:_identify(.) by extension 'python'
[3.047s] Level 1:colcon.colcon_core.package_identification:_identify(.) by extensions ['python_setup_py']
[3.047s] Level 1:colcon.colcon_core.package_identification:_identify(.) by extension 'python_setup_py'
[3.047s] Level 1:colcon.colcon_core.package_identification:_identify(build) by extensions ['ignore', 'ignore_ament_install']
[3.047s] Level 1:colcon.colcon_core.package_identification:_identify(build) by extension 'ignore'
[3.047s] Level 1:colcon.colcon_core.package_identification:_identify(build) ignored
[3.047s] Level 1:colcon.colcon_core.package_identification:_identify(install) by extensions ['ignore', 'ignore_ament_install']
[3.047s] Level 1:colcon.colcon_core.package_identification:_identify(install) by extension 'ignore'
[3.048s] Level 1:colcon.colcon_core.package_identification:_identify(install) ignored
[3.048s] Level 1:colcon.colcon_core.package_identification:_identify(log) by extensions ['ignore', 'ignore_ament_install']
[3.048s] Level 1:colcon.colcon_core.package_identification:_identify(log) by extension 'ignore'
[3.048s] Level 1:colcon.colcon_core.package_identification:_identify(log) ignored
[3.048s] Level 1:colcon.colcon_core.package_identification:_identify(src) by extensions ['ignore', 'ignore_ament_install']
[3.048s] Level 1:colcon.colcon_core.package_identification:_identify(src) by extension 'ignore'
[3.048s] Level 1:colcon.colcon_core.package_identification:_identify(src) by extension 'ignore_ament_install'
[3.048s] Level 1:colcon.colcon_core.package_identification:_identify(src) by extensions ['colcon_pkg']
[3.048s] Level 1:colcon.colcon_core.package_identification:_identify(src) by extension 'colcon_pkg'
[3.048s] Level 1:colcon.colcon_core.package_identification:_identify(src) by extensions ['colcon_meta']
[3.048s] Level 1:colcon.colcon_core.package_identification:_identify(src) by extension 'colcon_meta'
[3.048s] Level 1:colcon.colcon_core.package_identification:_identify(src) by extensions ['ros']
[3.048s] Level 1:colcon.colcon_core.package_identification:_identify(src) by extension 'ros'
[3.048s] Level 1:colcon.colcon_core.package_identification:_identify(src) by extensions ['cmake', 'python']
[3.048s] Level 1:colcon.colcon_core.package_identification:_identify(src) by extension 'cmake'
[3.048s] Level 1:colcon.colcon_core.package_identification:_identify(src) by extension 'python'
[3.048s] Level 1:colcon.colcon_core.package_identification:_identify(src) by extensions ['python_setup_py']
[3.048s] Level 1:colcon.colcon_core.package_identification:_identify(src) by extension 'python_setup_py'
[3.048s] Level 1:colcon.colcon_core.package_identification:_identify(src/hand_gesture_control) by extensions ['ignore', 'ignore_ament_install']
[3.049s] Level 1:colcon.colcon_core.package_identification:_identify(src/hand_gesture_control) by extension 'ignore'
[3.049s] Level 1:colcon.colcon_core.package_identification:_identify(src/hand_gesture_control) by extension 'ignore_ament_install'
[3.049s] Level 1:colcon.colcon_core.package_identification:_identify(src/hand_gesture_control) by extensions ['colcon_pkg']
[3.049s] Level 1:colcon.colcon_core.package_identification:_identify(src/hand_gesture_control) by extension 'colcon_pkg'
[3.049s] Level 1:colcon.colcon_core.package_identification:_identify(src/hand_gesture_control) by extensions ['colcon_meta']
[3.049s] Level 1:colcon.colcon_core.package_identification:_identify(src/hand_gesture_control) by extension 'colcon_meta'
[3.049s] Level 1:colcon.colcon_core.package_identification:_identify(src/hand_gesture_control) by extensions ['ros']
[3.049s] Level 1:colcon.colcon_core.package_identification:_identify(src/hand_gesture_control) by extension 'ros'
[3.051s] DEBUG:colcon.colcon_core.package_identification:Package 'src/hand_gesture_control' with type 'ros.ament_cmake' and name 'hand_gesture_control'
[3.051s] Level 1:colcon.colcon_core.package_identification:_identify(src/jetbot_navigation) by extensions ['ignore', 'ignore_ament_install']
[3.051s] Level 1:colcon.colcon_core.package_identification:_identify(src/jetbot_navigation) by extension 'ignore'
[3.051s] Level 1:colcon.colcon_core.package_identification:_identify(src/jetbot_navigation) by extension 'ignore_ament_install'
[3.051s] Level 1:colcon.colcon_core.package_identification:_identify(src/jetbot_navigation) by extensions ['colcon_pkg']
[3.051s] Level 1:colcon.colcon_core.package_identification:_identify(src/jetbot_navigation) by extension 'colcon_pkg'
[3.051s] Level 1:colcon.colcon_core.package_identification:_identify(src/jetbot_navigation) by extensions ['colcon_meta']
[3.051s] Level 1:colcon.colcon_core.package_identification:_identify(src/jetbot_navigation) by extension 'colcon_meta'
[3.051s] Level 1:colcon.colcon_core.package_identification:_identify(src/jetbot_navigation) by extensions ['ros']
[3.051s] Level 1:colcon.colcon_core.package_identification:_identify(src/jetbot_navigation) by extension 'ros'
[3.052s] DEBUG:colcon.colcon_core.package_identification:Package 'src/jetbot_navigation' with type 'ros.ament_python' and name 'jetbot_navigation'
[3.052s] Level 1:colcon.colcon_core.package_identification:_identify(src/jetbot_ros) by extensions ['ignore', 'ignore_ament_install']
[3.052s] Level 1:colcon.colcon_core.package_identification:_identify(src/jetbot_ros) by extension 'ignore'
[3.052s] Level 1:colcon.colcon_core.package_identification:_identify(src/jetbot_ros) by extension 'ignore_ament_install'
[3.052s] Level 1:colcon.colcon_core.package_identification:_identify(src/jetbot_ros) by extensions ['colcon_pkg']
[3.052s] Level 1:colcon.colcon_core.package_identification:_identify(src/jetbot_ros) by extension 'colcon_pkg'
[3.052s] Level 1:colcon.colcon_core.package_identification:_identify(src/jetbot_ros) by extensions ['colcon_meta']
[3.052s] Level 1:colcon.colcon_core.package_identification:_identify(src/jetbot_ros) by extension 'colcon_meta'
[3.052s] Level 1:colcon.colcon_core.package_identification:_identify(src/jetbot_ros) by extensions ['ros']
[3.052s] Level 1:colcon.colcon_core.package_identification:_identify(src/jetbot_ros) by extension 'ros'
[3.053s] DEBUG:colcon.colcon_core.package_identification:Package 'src/jetbot_ros' with type 'ros.ament_python' and name 'jetbot_ros'
[3.053s] Level 1:colcon.colcon_core.package_identification:_identify(src/robot_control) by extensions ['ignore', 'ignore_ament_install']
[3.053s] Level 1:colcon.colcon_core.package_identification:_identify(src/robot_control) by extension 'ignore'
[3.053s] Level 1:colcon.colcon_core.package_identification:_identify(src/robot_control) by extension 'ignore_ament_install'
[3.053s] Level 1:colcon.colcon_core.package_identification:_identify(src/robot_control) by extensions ['colcon_pkg']
[3.053s] Level 1:colcon.colcon_core.package_identification:_identify(src/robot_control) by extension 'colcon_pkg'
[3.053s] Level 1:colcon.colcon_core.package_identification:_identify(src/robot_control) by extensions ['colcon_meta']
[3.053s] Level 1:colcon.colcon_core.package_identification:_identify(src/robot_control) by extension 'colcon_meta'
[3.053s] Level 1:colcon.colcon_core.package_identification:_identify(src/robot_control) by extensions ['ros']
[3.053s] Level 1:colcon.colcon_core.package_identification:_identify(src/robot_control) by extension 'ros'
[3.053s] DEBUG:colcon.colcon_core.package_identification:Package 'src/robot_control' with type 'ros.ament_cmake' and name 'robot_control'
[3.054s] Level 1:colcon.colcon_core.package_identification:_identify(src/robot_description) by extensions ['ignore', 'ignore_ament_install']
[3.054s] Level 1:colcon.colcon_core.package_identification:_identify(src/robot_description) by extension 'ignore'
[3.054s] Level 1:colcon.colcon_core.package_identification:_identify(src/robot_description) by extension 'ignore_ament_install'
[3.054s] Level 1:colcon.colcon_core.package_identification:_identify(src/robot_description) by extensions ['colcon_pkg']
[3.054s] Level 1:colcon.colcon_core.package_identification:_identify(src/robot_description) by extension 'colcon_pkg'
[3.054s] Level 1:colcon.colcon_core.package_identification:_identify(src/robot_description) by extensions ['colcon_meta']
[3.054s] Level 1:colcon.colcon_core.package_identification:_identify(src/robot_description) by extension 'colcon_meta'
[3.054s] Level 1:colcon.colcon_core.package_identification:_identify(src/robot_description) by extensions ['ros']
[3.054s] Level 1:colcon.colcon_core.package_identification:_identify(src/robot_description) by extension 'ros'
[3.054s] DEBUG:colcon.colcon_core.package_identification:Package 'src/robot_description' with type 'ros.ament_cmake' and name 'robot_description'
[3.054s] Level 1:colcon.colcon_core.package_discovery:discover_packages(recursive) using defaults
[3.054s] Level 1:colcon.colcon_core.package_discovery:discover_packages(ignore) discover
[3.054s] Level 1:colcon.colcon_core.package_discovery:discover_packages(ignore) using defaults
[3.054s] Level 1:colcon.colcon_core.package_discovery:discover_packages(path) discover
[3.054s] Level 1:colcon.colcon_core.package_discovery:discover_packages(path) using defaults
[3.267s] Level 1:colcon.colcon_core.package_discovery:discover_packages(prefix_path) check parameters
[3.267s] Level 1:colcon.colcon_core.package_discovery:discover_packages(prefix_path) discover
[3.354s] DEBUG:colcon.colcon_installed_package_information.package_discovery:Found 5 installed packages in /home/faps/hand-gesture_ws/install
[3.403s] DEBUG:colcon.colcon_installed_package_information.package_discovery:Found 304 installed packages in /opt/ros/foxy
[3.404s] Level 1:colcon.colcon_core.package_discovery:discover_packages(prefix_path) using defaults
[3.577s] Level 5:colcon.colcon_core.verb:set package 'hand_gesture_control' build argument 'cmake_args' from command line to 'None'
[3.577s] Level 5:colcon.colcon_core.verb:set package 'hand_gesture_control' build argument 'cmake_target' from command line to 'None'
[3.577s] Level 5:colcon.colcon_core.verb:set package 'hand_gesture_control' build argument 'cmake_target_skip_unavailable' from command line to 'False'
[3.577s] Level 5:colcon.colcon_core.verb:set package 'hand_gesture_control' build argument 'cmake_clean_cache' from command line to 'False'
[3.577s] Level 5:colcon.colcon_core.verb:set package 'hand_gesture_control' build argument 'cmake_clean_first' from command line to 'False'
[3.577s] Level 5:colcon.colcon_core.verb:set package 'hand_gesture_control' build argument 'cmake_force_configure' from command line to 'False'
[3.577s] Level 5:colcon.colcon_core.verb:set package 'hand_gesture_control' build argument 'ament_cmake_args' from command line to 'None'
[3.577s] Level 5:colcon.colcon_core.verb:set package 'hand_gesture_control' build argument 'catkin_cmake_args' from command line to 'None'
[3.577s] Level 5:colcon.colcon_core.verb:set package 'hand_gesture_control' build argument 'catkin_skip_building_tests' from command line to 'False'
[3.577s] DEBUG:colcon.colcon_core.verb:Building package 'hand_gesture_control' with the following arguments: {'ament_cmake_args': None, 'build_base': '/home/faps/hand-gesture_ws/build/hand_gesture_control', 'catkin_cmake_args': None, 'catkin_skip_building_tests': False, 'cmake_args': None, 'cmake_clean_cache': False, 'cmake_clean_first': False, 'cmake_force_configure': False, 'cmake_target': None, 'cmake_target_skip_unavailable': False, 'install_base': '/home/faps/hand-gesture_ws/install/hand_gesture_control', 'merge_install': False, 'path': '/home/faps/hand-gesture_ws/src/hand_gesture_control', 'symlink_install': False, 'test_result_base': None}
[3.638s] Level 5:colcon.colcon_core.verb:set package 'jetbot_navigation' build argument 'cmake_args' from command line to 'None'
[3.638s] Level 5:colcon.colcon_core.verb:set package 'jetbot_navigation' build argument 'cmake_target' from command line to 'None'
[3.638s] Level 5:colcon.colcon_core.verb:set package 'jetbot_navigation' build argument 'cmake_target_skip_unavailable' from command line to 'False'
[3.638s] Level 5:colcon.colcon_core.verb:set package 'jetbot_navigation' build argument 'cmake_clean_cache' from command line to 'False'
[3.638s] Level 5:colcon.colcon_core.verb:set package 'jetbot_navigation' build argument 'cmake_clean_first' from command line to 'False'
[3.638s] Level 5:colcon.colcon_core.verb:set package 'jetbot_navigation' build argument 'cmake_force_configure' from command line to 'False'
[3.638s] Level 5:colcon.colcon_core.verb:set package 'jetbot_navigation' build argument 'ament_cmake_args' from command line to 'None'
[3.638s] Level 5:colcon.colcon_core.verb:set package 'jetbot_navigation' build argument 'catkin_cmake_args' from command line to 'None'
[3.638s] Level 5:colcon.colcon_core.verb:set package 'jetbot_navigation' build argument 'catkin_skip_building_tests' from command line to 'False'
[3.638s] DEBUG:colcon.colcon_core.verb:Building package 'jetbot_navigation' with the following arguments: {'ament_cmake_args': None, 'build_base': '/home/faps/hand-gesture_ws/build/jetbot_navigation', 'catkin_cmake_args': None, 'catkin_skip_building_tests': False, 'cmake_args': None, 'cmake_clean_cache': False, 'cmake_clean_first': False, 'cmake_force_configure': False, 'cmake_target': None, 'cmake_target_skip_unavailable': False, 'install_base': '/home/faps/hand-gesture_ws/install/jetbot_navigation', 'merge_install': False, 'path': '/home/faps/hand-gesture_ws/src/jetbot_navigation', 'symlink_install': False, 'test_result_base': None}
[3.686s] Level 5:colcon.colcon_core.verb:set package 'jetbot_ros' build argument 'cmake_args' from command line to 'None'
[3.686s] Level 5:colcon.colcon_core.verb:set package 'jetbot_ros' build argument 'cmake_target' from command line to 'None'
[3.687s] Level 5:colcon.colcon_core.verb:set package 'jetbot_ros' build argument 'cmake_target_skip_unavailable' from command line to 'False'
[3.687s] Level 5:colcon.colcon_core.verb:set package 'jetbot_ros' build argument 'cmake_clean_cache' from command line to 'False'
[3.687s] Level 5:colcon.colcon_core.verb:set package 'jetbot_ros' build argument 'cmake_clean_first' from command line to 'False'
[3.687s] Level 5:colcon.colcon_core.verb:set package 'jetbot_ros' build argument 'cmake_force_configure' from command line to 'False'
[3.687s] Level 5:colcon.colcon_core.verb:set package 'jetbot_ros' build argument 'ament_cmake_args' from command line to 'None'
[3.687s] Level 5:colcon.colcon_core.verb:set package 'jetbot_ros' build argument 'catkin_cmake_args' from command line to 'None'
[3.687s] Level 5:colcon.colcon_core.verb:set package 'jetbot_ros' build argument 'catkin_skip_building_tests' from command line to 'False'
[3.687s] DEBUG:colcon.colcon_core.verb:Building package 'jetbot_ros' with the following arguments: {'ament_cmake_args': None, 'build_base': '/home/faps/hand-gesture_ws/build/jetbot_ros', 'catkin_cmake_args': None, 'catkin_skip_building_tests': False, 'cmake_args': None, 'cmake_clean_cache': False, 'cmake_clean_first': False, 'cmake_force_configure': False, 'cmake_target': None, 'cmake_target_skip_unavailable': False, 'install_base': '/home/faps/hand-gesture_ws/install/jetbot_ros', 'merge_install': False, 'path': '/home/faps/hand-gesture_ws/src/jetbot_ros', 'symlink_install': False, 'test_result_base': None}
[3.729s] Level 5:colcon.colcon_core.verb:set package 'robot_control' build argument 'cmake_args' from command line to 'None'
[3.729s] Level 5:colcon.colcon_core.verb:set package 'robot_control' build argument 'cmake_target' from command line to 'None'
[3.729s] Level 5:colcon.colcon_core.verb:set package 'robot_control' build argument 'cmake_target_skip_unavailable' from command line to 'False'
[3.729s] Level 5:colcon.colcon_core.verb:set package 'robot_control' build argument 'cmake_clean_cache' from command line to 'False'
[3.729s] Level 5:colcon.colcon_core.verb:set package 'robot_control' build argument 'cmake_clean_first' from command line to 'False'
[3.729s] Level 5:colcon.colcon_core.verb:set package 'robot_control' build argument 'cmake_force_configure' from command line to 'False'
[3.729s] Level 5:colcon.colcon_core.verb:set package 'robot_control' build argument 'ament_cmake_args' from command line to 'None'
[3.730s] Level 5:colcon.colcon_core.verb:set package 'robot_control' build argument 'catkin_cmake_args' from command line to 'None'
[3.730s] Level 5:colcon.colcon_core.verb:set package 'robot_control' build argument 'catkin_skip_building_tests' from command line to 'False'
[3.730s] DEBUG:colcon.colcon_core.verb:Building package 'robot_control' with the following arguments: {'ament_cmake_args': None, 'build_base': '/home/faps/hand-gesture_ws/build/robot_control', 'catkin_cmake_args': None, 'catkin_skip_building_tests': False, 'cmake_args': None, 'cmake_clean_cache': False, 'cmake_clean_first': False, 'cmake_force_configure': False, 'cmake_target': None, 'cmake_target_skip_unavailable': False, 'install_base': '/home/faps/hand-gesture_ws/install/robot_control', 'merge_install': False, 'path': '/home/faps/hand-gesture_ws/src/robot_control', 'symlink_install': False, 'test_result_base': None}
[3.771s] Level 5:colcon.colcon_core.verb:set package 'robot_description' build argument 'cmake_args' from command line to 'None'
[3.771s] Level 5:colcon.colcon_core.verb:set package 'robot_description' build argument 'cmake_target' from command line to 'None'
[3.771s] Level 5:colcon.colcon_core.verb:set package 'robot_description' build argument 'cmake_target_skip_unavailable' from command line to 'False'
[3.771s] Level 5:colcon.colcon_core.verb:set package 'robot_description' build argument 'cmake_clean_cache' from command line to 'False'
[3.771s] Level 5:colcon.colcon_core.verb:set package 'robot_description' build argument 'cmake_clean_first' from command line to 'False'
[3.771s] Level 5:colcon.colcon_core.verb:set package 'robot_description' build argument 'cmake_force_configure' from command line to 'False'
[3.771s] Level 5:colcon.colcon_core.verb:set package 'robot_description' build argument 'ament_cmake_args' from command line to 'None'
[3.771s] Level 5:colcon.colcon_core.verb:set package 'robot_description' build argument 'catkin_cmake_args' from command line to 'None'
[3.771s] Level 5:colcon.colcon_core.verb:set package 'robot_description' build argument 'catkin_skip_building_tests' from command line to 'False'
[3.772s] DEBUG:colcon.colcon_core.verb:Building package 'robot_description' with the following arguments: {'ament_cmake_args': None, 'build_base': '/home/faps/hand-gesture_ws/build/robot_description', 'catkin_cmake_args': None, 'catkin_skip_building_tests': False, 'cmake_args': None, 'cmake_clean_cache': False, 'cmake_clean_first': False, 'cmake_force_configure': False, 'cmake_target': None, 'cmake_target_skip_unavailable': False, 'install_base': '/home/faps/hand-gesture_ws/install/robot_description', 'merge_install': False, 'path': '/home/faps/hand-gesture_ws/src/robot_description', 'symlink_install': False, 'test_result_base': None}
[3.822s] INFO:colcon.colcon_core.executor:Executing jobs using 'parallel' executor
[3.861s] DEBUG:colcon.colcon_parallel_executor.executor.parallel:run_until_complete
[3.862s] INFO:colcon.colcon_ros.task.ament_cmake.build:Building ROS package in '/home/faps/hand-gesture_ws/src/hand_gesture_control' with build type 'ament_cmake'
[3.862s] INFO:colcon.colcon_cmake.task.cmake.build:Building CMake package in '/home/faps/hand-gesture_ws/src/hand_gesture_control'
[3.903s] INFO:colcon.colcon_core.plugin_system:Skipping extension 'colcon_core.shell.bat': Not used on non-Windows systems
[3.903s] INFO:colcon.colcon_core.shell:Skip shell extension 'powershell' for command environment: Not usable outside of PowerShell
[3.903s] DEBUG:colcon.colcon_core.shell:Skip shell extension 'dsv' for command environment
[4.029s] INFO:colcon.colcon_ros.task.ament_python.build:Building ROS package in '/home/faps/hand-gesture_ws/src/jetbot_navigation' with build type 'ament_python'
[4.029s] Level 1:colcon.colcon_core.shell:create_environment_hook('jetbot_navigation', 'ament_prefix_path')
[4.071s] INFO:colcon.colcon_core.shell:Creating environment hook '/home/faps/hand-gesture_ws/install/jetbot_navigation/share/jetbot_navigation/hook/ament_prefix_path.ps1'
[4.072s] INFO:colcon.colcon_core.shell:Creating environment descriptor '/home/faps/hand-gesture_ws/install/jetbot_navigation/share/jetbot_navigation/hook/ament_prefix_path.dsv'
[4.072s] INFO:colcon.colcon_core.shell:Creating environment hook '/home/faps/hand-gesture_ws/install/jetbot_navigation/share/jetbot_navigation/hook/ament_prefix_path.sh'
[4.115s] INFO:colcon.colcon_core.shell:Skip shell extension 'powershell' for command environment: Not usable outside of PowerShell
[4.115s] DEBUG:colcon.colcon_core.shell:Skip shell extension 'dsv' for command environment
[4.254s] DEBUG:colcon.colcon_core.event_handler.log_command:Invoking command in '/home/faps/hand-gesture_ws/build/hand_gesture_control': CMAKE_PREFIX_PATH=${CMAKE_PREFIX_PATH}:/home/faps/hand-gesture_ws/install/jetbot_ros:/home/faps/hand-gesture_ws/install/jetbot_navigation:/opt/ros/foxy /usr/bin/cmake --build /home/faps/hand-gesture_ws/build/hand_gesture_control -- -j2 -l2
[4.530s] INFO:colcon.colcon_core.task.python.build:Building Python package in '/home/faps/hand-gesture_ws/src/jetbot_navigation'
[4.576s] INFO:colcon.colcon_core.shell:Skip shell extension 'powershell' for command environment: Not usable outside of PowerShell
[4.576s] DEBUG:colcon.colcon_core.shell:Skip shell extension 'dsv' for command environment
[4.714s] DEBUG:colcon.colcon_core.event_handler.log_command:Invoked command in '/home/faps/hand-gesture_ws/build/hand_gesture_control' returned '0': CMAKE_PREFIX_PATH=${CMAKE_PREFIX_PATH}:/home/faps/hand-gesture_ws/install/jetbot_ros:/home/faps/hand-gesture_ws/install/jetbot_navigation:/opt/ros/foxy /usr/bin/cmake --build /home/faps/hand-gesture_ws/build/hand_gesture_control -- -j2 -l2
[4.761s] DEBUG:colcon.colcon_core.event_handler.log_command:Invoking command in '/home/faps/hand-gesture_ws/build/hand_gesture_control': CMAKE_PREFIX_PATH=${CMAKE_PREFIX_PATH}:/home/faps/hand-gesture_ws/install/jetbot_ros:/home/faps/hand-gesture_ws/install/jetbot_navigation:/opt/ros/foxy /usr/bin/cmake --install /home/faps/hand-gesture_ws/build/hand_gesture_control
[4.778s] Level 1:colcon.colcon_core.environment:create_environment_scripts_only(hand_gesture_control)
[4.779s] DEBUG:colcon.colcon_core.event_handler.log_command:Invoked command in '/home/faps/hand-gesture_ws/build/hand_gesture_control' returned '0': CMAKE_PREFIX_PATH=${CMAKE_PREFIX_PATH}:/home/faps/hand-gesture_ws/install/jetbot_ros:/home/faps/hand-gesture_ws/install/jetbot_navigation:/opt/ros/foxy /usr/bin/cmake --install /home/faps/hand-gesture_ws/build/hand_gesture_control
[4.840s] Level 1:colcon.colcon_core.environment:checking '/home/faps/hand-gesture_ws/install/hand_gesture_control' for CMake module files
[4.841s] Level 1:colcon.colcon_core.environment:checking '/home/faps/hand-gesture_ws/install/hand_gesture_control' for CMake config files
[4.841s] Level 1:colcon.colcon_core.shell:create_environment_hook('hand_gesture_control', 'cmake_prefix_path')
[4.932s] INFO:colcon.colcon_core.shell:Creating environment hook '/home/faps/hand-gesture_ws/install/hand_gesture_control/share/hand_gesture_control/hook/cmake_prefix_path.ps1'
[4.933s] INFO:colcon.colcon_core.shell:Creating environment descriptor '/home/faps/hand-gesture_ws/install/hand_gesture_control/share/hand_gesture_control/hook/cmake_prefix_path.dsv'
[4.934s] INFO:colcon.colcon_core.shell:Creating environment hook '/home/faps/hand-gesture_ws/install/hand_gesture_control/share/hand_gesture_control/hook/cmake_prefix_path.sh'
[4.935s] Level 1:colcon.colcon_core.environment:checking '/home/faps/hand-gesture_ws/install/hand_gesture_control/lib'
[4.936s] Level 1:colcon.colcon_core.environment:checking '/home/faps/hand-gesture_ws/install/hand_gesture_control/bin'
[4.936s] Level 1:colcon.colcon_core.environment:checking '/home/faps/hand-gesture_ws/install/hand_gesture_control/lib/pkgconfig/hand_gesture_control.pc'
[4.936s] Level 1:colcon.colcon_core.environment:checking '/home/faps/hand-gesture_ws/install/hand_gesture_control/lib/python3.8/site-packages'
[4.936s] Level 1:colcon.colcon_core.environment:checking '/home/faps/hand-gesture_ws/install/hand_gesture_control/bin'
[5.010s] INFO:colcon.colcon_core.shell:Creating package script '/home/faps/hand-gesture_ws/install/hand_gesture_control/share/hand_gesture_control/package.ps1'
[5.012s] INFO:colcon.colcon_core.shell:Creating package descriptor '/home/faps/hand-gesture_ws/install/hand_gesture_control/share/hand_gesture_control/package.dsv'
[5.014s] INFO:colcon.colcon_core.shell:Creating package script '/home/faps/hand-gesture_ws/install/hand_gesture_control/share/hand_gesture_control/package.sh'
[5.016s] INFO:colcon.colcon_core.shell:Creating package script '/home/faps/hand-gesture_ws/install/hand_gesture_control/share/hand_gesture_control/package.bash'
[5.018s] INFO:colcon.colcon_core.shell:Creating package script '/home/faps/hand-gesture_ws/install/hand_gesture_control/share/hand_gesture_control/package.zsh'
[5.019s] Level 1:colcon.colcon_core.environment:create_file_with_runtime_dependencies(/home/faps/hand-gesture_ws/install/hand_gesture_control/share/colcon-core/packages/hand_gesture_control)
[5.108s] Level 1:colcon.colcon_core.environment:create_environment_scripts_only(hand_gesture_control)
[5.157s] Level 1:colcon.colcon_core.environment:checking '/home/faps/hand-gesture_ws/install/hand_gesture_control' for CMake module files
[5.157s] Level 1:colcon.colcon_core.environment:checking '/home/faps/hand-gesture_ws/install/hand_gesture_control' for CMake config files
[5.158s] Level 1:colcon.colcon_core.shell:create_environment_hook('hand_gesture_control', 'cmake_prefix_path')
[5.214s] INFO:colcon.colcon_core.shell:Creating environment hook '/home/faps/hand-gesture_ws/install/hand_gesture_control/share/hand_gesture_control/hook/cmake_prefix_path.ps1'
[5.215s] INFO:colcon.colcon_core.shell:Creating environment descriptor '/home/faps/hand-gesture_ws/install/hand_gesture_control/share/hand_gesture_control/hook/cmake_prefix_path.dsv'
[5.216s] INFO:colcon.colcon_core.shell:Creating environment hook '/home/faps/hand-gesture_ws/install/hand_gesture_control/share/hand_gesture_control/hook/cmake_prefix_path.sh'
[5.217s] Level 1:colcon.colcon_core.environment:checking '/home/faps/hand-gesture_ws/install/hand_gesture_control/lib'
[5.217s] Level 1:colcon.colcon_core.environment:checking '/home/faps/hand-gesture_ws/install/hand_gesture_control/bin'
[5.217s] Level 1:colcon.colcon_core.environment:checking '/home/faps/hand-gesture_ws/install/hand_gesture_control/lib/pkgconfig/hand_gesture_control.pc'
[5.217s] Level 1:colcon.colcon_core.environment:checking '/home/faps/hand-gesture_ws/install/hand_gesture_control/lib/python3.8/site-packages'
[5.217s] Level 1:colcon.colcon_core.environment:checking '/home/faps/hand-gesture_ws/install/hand_gesture_control/bin'
[5.273s] INFO:colcon.colcon_core.shell:Creating package script '/home/faps/hand-gesture_ws/install/hand_gesture_control/share/hand_gesture_control/package.ps1'
[5.274s] INFO:colcon.colcon_core.shell:Creating package descriptor '/home/faps/hand-gesture_ws/install/hand_gesture_control/share/hand_gesture_control/package.dsv'
[5.275s] INFO:colcon.colcon_core.shell:Creating package script '/home/faps/hand-gesture_ws/install/hand_gesture_control/share/hand_gesture_control/package.sh'
[5.275s] INFO:colcon.colcon_core.shell:Creating package script '/home/faps/hand-gesture_ws/install/hand_gesture_control/share/hand_gesture_control/package.bash'
[5.276s] INFO:colcon.colcon_core.shell:Creating package script '/home/faps/hand-gesture_ws/install/hand_gesture_control/share/hand_gesture_control/package.zsh'
[5.277s] Level 1:colcon.colcon_core.environment:create_file_with_runtime_dependencies(/home/faps/hand-gesture_ws/install/hand_gesture_control/share/colcon-core/packages/hand_gesture_control)
[5.278s] INFO:colcon.colcon_ros.task.ament_python.build:Building ROS package in '/home/faps/hand-gesture_ws/src/jetbot_ros' with build type 'ament_python'
[5.278s] Level 1:colcon.colcon_core.shell:create_environment_hook('jetbot_ros', 'ament_prefix_path')
[5.329s] INFO:colcon.colcon_core.shell:Creating environment hook '/home/faps/hand-gesture_ws/install/jetbot_ros/share/jetbot_ros/hook/ament_prefix_path.ps1'
[5.330s] INFO:colcon.colcon_core.shell:Creating environment descriptor '/home/faps/hand-gesture_ws/install/jetbot_ros/share/jetbot_ros/hook/ament_prefix_path.dsv'
[5.330s] INFO:colcon.colcon_core.shell:Creating environment hook '/home/faps/hand-gesture_ws/install/jetbot_ros/share/jetbot_ros/hook/ament_prefix_path.sh'
[5.379s] INFO:colcon.colcon_core.shell:Skip shell extension 'powershell' for command environment: Not usable outside of PowerShell
[5.379s] DEBUG:colcon.colcon_core.shell:Skip shell extension 'dsv' for command environment
[5.541s] DEBUG:colcon.colcon_core.event_handler.log_command:Invoking command in '/home/faps/hand-gesture_ws/src/jetbot_navigation': PYTHONPATH=/home/faps/hand-gesture_ws/build/jetbot_navigation/prefix_override:/home/faps/hand-gesture_ws/install/jetbot_navigation/lib/python3.8/site-packages:${PYTHONPATH} /usr/bin/python3 setup.py egg_info --egg-base ../../build/jetbot_navigation build --build-base /home/faps/hand-gesture_ws/build/jetbot_navigation/build install --record /home/faps/hand-gesture_ws/build/jetbot_navigation/install.log --install-scripts $base/lib/jetbot_navigation --single-version-externally-managed
[5.919s] INFO:colcon.colcon_core.task.python.build:Building Python package in '/home/faps/hand-gesture_ws/src/jetbot_ros'
[5.983s] INFO:colcon.colcon_core.shell:Skip shell extension 'powershell' for command environment: Not usable outside of PowerShell
[5.983s] DEBUG:colcon.colcon_core.shell:Skip shell extension 'dsv' for command environment
[6.167s] DEBUG:colcon.colcon_core.event_handler.log_command:Invoked command in '/home/faps/hand-gesture_ws/src/jetbot_navigation' returned '0': PYTHONPATH=/home/faps/hand-gesture_ws/build/jetbot_navigation/prefix_override:/home/faps/hand-gesture_ws/install/jetbot_navigation/lib/python3.8/site-packages:${PYTHONPATH} /usr/bin/python3 setup.py egg_info --egg-base ../../build/jetbot_navigation build --build-base /home/faps/hand-gesture_ws/build/jetbot_navigation/build install --record /home/faps/hand-gesture_ws/build/jetbot_navigation/install.log --install-scripts $base/lib/jetbot_navigation --single-version-externally-managed
[6.219s] Level 1:colcon.colcon_core.environment:checking '/home/faps/hand-gesture_ws/install/jetbot_navigation' for CMake module files
[6.220s] Level 1:colcon.colcon_core.environment:checking '/home/faps/hand-gesture_ws/install/jetbot_navigation' for CMake config files
[6.220s] Level 1:colcon.colcon_core.environment:checking '/home/faps/hand-gesture_ws/install/jetbot_navigation/lib'
[6.220s] Level 1:colcon.colcon_core.environment:checking '/home/faps/hand-gesture_ws/install/jetbot_navigation/bin'
[6.220s] Level 1:colcon.colcon_core.environment:checking '/home/faps/hand-gesture_ws/install/jetbot_navigation/lib/pkgconfig/jetbot_navigation.pc'
[6.221s] Level 1:colcon.colcon_core.environment:checking '/home/faps/hand-gesture_ws/install/jetbot_navigation/lib/python3.8/site-packages'
[6.221s] Level 1:colcon.colcon_core.shell:create_environment_hook('jetbot_navigation', 'pythonpath')
[6.272s] INFO:colcon.colcon_core.shell:Creating environment hook '/home/faps/hand-gesture_ws/install/jetbot_navigation/share/jetbot_navigation/hook/pythonpath.ps1'
[6.273s] INFO:colcon.colcon_core.shell:Creating environment descriptor '/home/faps/hand-gesture_ws/install/jetbot_navigation/share/jetbot_navigation/hook/pythonpath.dsv'
[6.273s] INFO:colcon.colcon_core.shell:Creating environment hook '/home/faps/hand-gesture_ws/install/jetbot_navigation/share/jetbot_navigation/hook/pythonpath.sh'
[6.274s] Level 1:colcon.colcon_core.environment:checking '/home/faps/hand-gesture_ws/install/jetbot_navigation/bin'
[6.274s] Level 1:colcon.colcon_core.environment:create_environment_scripts_only(jetbot_navigation)
[6.329s] INFO:colcon.colcon_core.shell:Creating package script '/home/faps/hand-gesture_ws/install/jetbot_navigation/share/jetbot_navigation/package.ps1'
[6.330s] INFO:colcon.colcon_core.shell:Creating package descriptor '/home/faps/hand-gesture_ws/install/jetbot_navigation/share/jetbot_navigation/package.dsv'
[6.330s] INFO:colcon.colcon_core.shell:Creating package script '/home/faps/hand-gesture_ws/install/jetbot_navigation/share/jetbot_navigation/package.sh'
[6.331s] INFO:colcon.colcon_core.shell:Creating package script '/home/faps/hand-gesture_ws/install/jetbot_navigation/share/jetbot_navigation/package.bash'
[6.332s] INFO:colcon.colcon_core.shell:Creating package script '/home/faps/hand-gesture_ws/install/jetbot_navigation/share/jetbot_navigation/package.zsh'
[6.332s] Level 1:colcon.colcon_core.environment:create_file_with_runtime_dependencies(/home/faps/hand-gesture_ws/install/jetbot_navigation/share/colcon-core/packages/jetbot_navigation)
[6.334s] INFO:colcon.colcon_ros.task.ament_cmake.build:Building ROS package in '/home/faps/hand-gesture_ws/src/robot_control' with build type 'ament_cmake'
[6.334s] INFO:colcon.colcon_cmake.task.cmake.build:Building CMake package in '/home/faps/hand-gesture_ws/src/robot_control'
[6.384s] INFO:colcon.colcon_core.shell:Skip shell extension 'powershell' for command environment: Not usable outside of PowerShell
[6.385s] DEBUG:colcon.colcon_core.shell:Skip shell extension 'dsv' for command environment
[6.551s] DEBUG:colcon.colcon_core.event_handler.log_command:Invoking command in '/home/faps/hand-gesture_ws/build/robot_control': CMAKE_PREFIX_PATH=${CMAKE_PREFIX_PATH}:/home/faps/hand-gesture_ws/install/jetbot_ros:/home/faps/hand-gesture_ws/install/jetbot_navigation:/opt/ros/foxy /usr/bin/cmake --build /home/faps/hand-gesture_ws/build/robot_control -- -j2 -l2
[6.636s] DEBUG:colcon.colcon_core.event_handler.log_command:Invoked command in '/home/faps/hand-gesture_ws/build/robot_control' returned '0': CMAKE_PREFIX_PATH=${CMAKE_PREFIX_PATH}:/home/faps/hand-gesture_ws/install/jetbot_ros:/home/faps/hand-gesture_ws/install/jetbot_navigation:/opt/ros/foxy /usr/bin/cmake --build /home/faps/hand-gesture_ws/build/robot_control -- -j2 -l2
[6.671s] DEBUG:colcon.colcon_core.event_handler.log_command:Invoking command in '/home/faps/hand-gesture_ws/build/robot_control': CMAKE_PREFIX_PATH=${CMAKE_PREFIX_PATH}:/home/faps/hand-gesture_ws/install/jetbot_ros:/home/faps/hand-gesture_ws/install/jetbot_navigation:/opt/ros/foxy /usr/bin/cmake --install /home/faps/hand-gesture_ws/build/robot_control
[6.697s] Level 1:colcon.colcon_core.environment:create_environment_scripts_only(robot_control)
[6.703s] DEBUG:colcon.colcon_core.event_handler.log_command:Invoked command in '/home/faps/hand-gesture_ws/build/robot_control' returned '0': CMAKE_PREFIX_PATH=${CMAKE_PREFIX_PATH}:/home/faps/hand-gesture_ws/install/jetbot_ros:/home/faps/hand-gesture_ws/install/jetbot_navigation:/opt/ros/foxy /usr/bin/cmake --install /home/faps/hand-gesture_ws/build/robot_control
[6.757s] Level 1:colcon.colcon_core.environment:checking '/home/faps/hand-gesture_ws/install/robot_control' for CMake module files
[6.757s] Level 1:colcon.colcon_core.environment:checking '/home/faps/hand-gesture_ws/install/robot_control' for CMake config files
[6.758s] Level 1:colcon.colcon_core.shell:create_environment_hook('robot_control', 'cmake_prefix_path')
[6.813s] INFO:colcon.colcon_core.shell:Creating environment hook '/home/faps/hand-gesture_ws/install/robot_control/share/robot_control/hook/cmake_prefix_path.ps1'
[6.814s] INFO:colcon.colcon_core.shell:Creating environment descriptor '/home/faps/hand-gesture_ws/install/robot_control/share/robot_control/hook/cmake_prefix_path.dsv'
[6.815s] INFO:colcon.colcon_core.shell:Creating environment hook '/home/faps/hand-gesture_ws/install/robot_control/share/robot_control/hook/cmake_prefix_path.sh'
[6.815s] Level 1:colcon.colcon_core.environment:checking '/home/faps/hand-gesture_ws/install/robot_control/lib'
[6.815s] Level 1:colcon.colcon_core.environment:checking '/home/faps/hand-gesture_ws/install/robot_control/bin'
[6.816s] Level 1:colcon.colcon_core.environment:checking '/home/faps/hand-gesture_ws/install/robot_control/lib/pkgconfig/robot_control.pc'
[6.816s] Level 1:colcon.colcon_core.environment:checking '/home/faps/hand-gesture_ws/install/robot_control/lib/python3.8/site-packages'
[6.816s] Level 1:colcon.colcon_core.environment:checking '/home/faps/hand-gesture_ws/install/robot_control/bin'
[6.870s] INFO:colcon.colcon_core.shell:Creating package script '/home/faps/hand-gesture_ws/install/robot_control/share/robot_control/package.ps1'
[6.871s] INFO:colcon.colcon_core.shell:Creating package descriptor '/home/faps/hand-gesture_ws/install/robot_control/share/robot_control/package.dsv'
[6.872s] INFO:colcon.colcon_core.shell:Creating package script '/home/faps/hand-gesture_ws/install/robot_control/share/robot_control/package.sh'
[6.872s] INFO:colcon.colcon_core.shell:Creating package script '/home/faps/hand-gesture_ws/install/robot_control/share/robot_control/package.bash'
[6.873s] INFO:colcon.colcon_core.shell:Creating package script '/home/faps/hand-gesture_ws/install/robot_control/share/robot_control/package.zsh'
[6.874s] Level 1:colcon.colcon_core.environment:create_file_with_runtime_dependencies(/home/faps/hand-gesture_ws/install/robot_control/share/colcon-core/packages/robot_control)
[6.981s] Level 1:colcon.colcon_core.environment:create_environment_scripts_only(robot_control)
[7.044s] Level 1:colcon.colcon_core.environment:checking '/home/faps/hand-gesture_ws/install/robot_control' for CMake module files
[7.044s] Level 1:colcon.colcon_core.environment:checking '/home/faps/hand-gesture_ws/install/robot_control' for CMake config files
[7.045s] Level 1:colcon.colcon_core.shell:create_environment_hook('robot_control', 'cmake_prefix_path')
[7.100s] INFO:colcon.colcon_core.shell:Creating environment hook '/home/faps/hand-gesture_ws/install/robot_control/share/robot_control/hook/cmake_prefix_path.ps1'
[7.101s] INFO:colcon.colcon_core.shell:Creating environment descriptor '/home/faps/hand-gesture_ws/install/robot_control/share/robot_control/hook/cmake_prefix_path.dsv'
[7.101s] INFO:colcon.colcon_core.shell:Creating environment hook '/home/faps/hand-gesture_ws/install/robot_control/share/robot_control/hook/cmake_prefix_path.sh'
[7.102s] Level 1:colcon.colcon_core.environment:checking '/home/faps/hand-gesture_ws/install/robot_control/lib'
[7.102s] Level 1:colcon.colcon_core.environment:checking '/home/faps/hand-gesture_ws/install/robot_control/bin'
[7.102s] Level 1:colcon.colcon_core.environment:checking '/home/faps/hand-gesture_ws/install/robot_control/lib/pkgconfig/robot_control.pc'
[7.102s] Level 1:colcon.colcon_core.environment:checking '/home/faps/hand-gesture_ws/install/robot_control/lib/python3.8/site-packages'
[7.103s] Level 1:colcon.colcon_core.environment:checking '/home/faps/hand-gesture_ws/install/robot_control/bin'
[7.147s] INFO:colcon.colcon_core.shell:Creating package script '/home/faps/hand-gesture_ws/install/robot_control/share/robot_control/package.ps1'
[7.148s] INFO:colcon.colcon_core.shell:Creating package descriptor '/home/faps/hand-gesture_ws/install/robot_control/share/robot_control/package.dsv'
[7.149s] INFO:colcon.colcon_core.shell:Creating package script '/home/faps/hand-gesture_ws/install/robot_control/share/robot_control/package.sh'
[7.149s] INFO:colcon.colcon_core.shell:Creating package script '/home/faps/hand-gesture_ws/install/robot_control/share/robot_control/package.bash'
[7.150s] INFO:colcon.colcon_core.shell:Creating package script '/home/faps/hand-gesture_ws/install/robot_control/share/robot_control/package.zsh'
[7.151s] Level 1:colcon.colcon_core.environment:create_file_with_runtime_dependencies(/home/faps/hand-gesture_ws/install/robot_control/share/colcon-core/packages/robot_control)
[7.153s] INFO:colcon.colcon_ros.task.ament_cmake.build:Building ROS package in '/home/faps/hand-gesture_ws/src/robot_description' with build type 'ament_cmake'
[7.153s] INFO:colcon.colcon_cmake.task.cmake.build:Building CMake package in '/home/faps/hand-gesture_ws/src/robot_description'
[7.220s] INFO:colcon.colcon_core.shell:Skip shell extension 'powershell' for command environment: Not usable outside of PowerShell
[7.220s] DEBUG:colcon.colcon_core.shell:Skip shell extension 'dsv' for command environment
[7.358s] DEBUG:colcon.colcon_core.event_handler.log_command:Invoking command in '/home/faps/hand-gesture_ws/src/jetbot_ros': PYTHONPATH=/home/faps/hand-gesture_ws/build/jetbot_ros/prefix_override:/home/faps/hand-gesture_ws/install/jetbot_ros/lib/python3.8/site-packages:${PYTHONPATH} /usr/bin/python3 setup.py egg_info --egg-base ../../build/jetbot_ros build --build-base /home/faps/hand-gesture_ws/build/jetbot_ros/build install --record /home/faps/hand-gesture_ws/build/jetbot_ros/install.log --install-scripts $base/lib/jetbot_ros --single-version-externally-managed
[7.371s] DEBUG:colcon.colcon_core.event_handler.log_command:Invoking command in '/home/faps/hand-gesture_ws/build/robot_description': CMAKE_PREFIX_PATH=${CMAKE_PREFIX_PATH}:/home/faps/hand-gesture_ws/install/jetbot_ros:/home/faps/hand-gesture_ws/install/jetbot_navigation:/opt/ros/foxy /usr/bin/cmake --build /home/faps/hand-gesture_ws/build/robot_description -- -j2 -l2
[7.459s] DEBUG:colcon.colcon_core.event_handler.log_command:Invoked command in '/home/faps/hand-gesture_ws/build/robot_description' returned '0': CMAKE_PREFIX_PATH=${CMAKE_PREFIX_PATH}:/home/faps/hand-gesture_ws/install/jetbot_ros:/home/faps/hand-gesture_ws/install/jetbot_navigation:/opt/ros/foxy /usr/bin/cmake --build /home/faps/hand-gesture_ws/build/robot_description -- -j2 -l2
[7.504s] DEBUG:colcon.colcon_core.event_handler.log_command:Invoking command in '/home/faps/hand-gesture_ws/build/robot_description': CMAKE_PREFIX_PATH=${CMAKE_PREFIX_PATH}:/home/faps/hand-gesture_ws/install/jetbot_ros:/home/faps/hand-gesture_ws/install/jetbot_navigation:/opt/ros/foxy /usr/bin/cmake --install /home/faps/hand-gesture_ws/build/robot_description
[7.541s] Level 1:colcon.colcon_core.environment:create_environment_scripts_only(robot_description)
[7.548s] DEBUG:colcon.colcon_core.event_handler.log_command:Invoked command in '/home/faps/hand-gesture_ws/build/robot_description' returned '0': CMAKE_PREFIX_PATH=${CMAKE_PREFIX_PATH}:/home/faps/hand-gesture_ws/install/jetbot_ros:/home/faps/hand-gesture_ws/install/jetbot_navigation:/opt/ros/foxy /usr/bin/cmake --install /home/faps/hand-gesture_ws/build/robot_description
[7.628s] Level 1:colcon.colcon_core.environment:checking '/home/faps/hand-gesture_ws/install/robot_description' for CMake module files
[7.628s] Level 1:colcon.colcon_core.environment:checking '/home/faps/hand-gesture_ws/install/robot_description' for CMake config files
[7.629s] Level 1:colcon.colcon_core.shell:create_environment_hook('robot_description', 'cmake_prefix_path')
[7.699s] INFO:colcon.colcon_core.shell:Creating environment hook '/home/faps/hand-gesture_ws/install/robot_description/share/robot_description/hook/cmake_prefix_path.ps1'
[7.700s] INFO:colcon.colcon_core.shell:Creating environment descriptor '/home/faps/hand-gesture_ws/install/robot_description/share/robot_description/hook/cmake_prefix_path.dsv'
[7.701s] INFO:colcon.colcon_core.shell:Creating environment hook '/home/faps/hand-gesture_ws/install/robot_description/share/robot_description/hook/cmake_prefix_path.sh'
[7.702s] Level 1:colcon.colcon_core.environment:checking '/home/faps/hand-gesture_ws/install/robot_description/bin'
[7.702s] Level 1:colcon.colcon_core.environment:checking '/home/faps/hand-gesture_ws/install/robot_description/lib/pkgconfig/robot_description.pc'
[7.702s] Level 1:colcon.colcon_core.environment:checking '/home/faps/hand-gesture_ws/install/robot_description/lib/python3.8/site-packages'
[7.703s] Level 1:colcon.colcon_core.environment:checking '/home/faps/hand-gesture_ws/install/robot_description/bin'
[7.778s] INFO:colcon.colcon_core.shell:Creating package script '/home/faps/hand-gesture_ws/install/robot_description/share/robot_description/package.ps1'
[7.781s] INFO:colcon.colcon_core.shell:Creating package descriptor '/home/faps/hand-gesture_ws/install/robot_description/share/robot_description/package.dsv'
[7.782s] INFO:colcon.colcon_core.shell:Creating package script '/home/faps/hand-gesture_ws/install/robot_description/share/robot_description/package.sh'
[7.783s] INFO:colcon.colcon_core.shell:Creating package script '/home/faps/hand-gesture_ws/install/robot_description/share/robot_description/package.bash'
[7.784s] INFO:colcon.colcon_core.shell:Creating package script '/home/faps/hand-gesture_ws/install/robot_description/share/robot_description/package.zsh'
[7.785s] Level 1:colcon.colcon_core.environment:create_file_with_runtime_dependencies(/home/faps/hand-gesture_ws/install/robot_description/share/colcon-core/packages/robot_description)
[7.808s] DEBUG:colcon.colcon_core.event_handler.log_command:Invoked command in '/home/faps/hand-gesture_ws/src/jetbot_ros' returned '0': PYTHONPATH=/home/faps/hand-gesture_ws/build/jetbot_ros/prefix_override:/home/faps/hand-gesture_ws/install/jetbot_ros/lib/python3.8/site-packages:${PYTHONPATH} /usr/bin/python3 setup.py egg_info --egg-base ../../build/jetbot_ros build --build-base /home/faps/hand-gesture_ws/build/jetbot_ros/build install --record /home/faps/hand-gesture_ws/build/jetbot_ros/install.log --install-scripts $base/lib/jetbot_ros --single-version-externally-managed
[7.873s] Level 1:colcon.colcon_core.environment:checking '/home/faps/hand-gesture_ws/install/jetbot_ros' for CMake module files
[7.874s] Level 1:colcon.colcon_core.environment:checking '/home/faps/hand-gesture_ws/install/jetbot_ros' for CMake config files
[7.875s] Level 1:colcon.colcon_core.environment:checking '/home/faps/hand-gesture_ws/install/jetbot_ros/lib'
[7.875s] Level 1:colcon.colcon_core.environment:checking '/home/faps/hand-gesture_ws/install/jetbot_ros/bin'
[7.875s] Level 1:colcon.colcon_core.environment:checking '/home/faps/hand-gesture_ws/install/jetbot_ros/lib/pkgconfig/jetbot_ros.pc'
[7.875s] Level 1:colcon.colcon_core.environment:checking '/home/faps/hand-gesture_ws/install/jetbot_ros/lib/python3.8/site-packages'
[7.875s] Level 1:colcon.colcon_core.shell:create_environment_hook('jetbot_ros', 'pythonpath')
[7.920s] INFO:colcon.colcon_core.shell:Creating environment hook '/home/faps/hand-gesture_ws/install/jetbot_ros/share/jetbot_ros/hook/pythonpath.ps1'
[7.922s] INFO:colcon.colcon_core.shell:Creating environment descriptor '/home/faps/hand-gesture_ws/install/jetbot_ros/share/jetbot_ros/hook/pythonpath.dsv'
[7.922s] INFO:colcon.colcon_core.shell:Creating environment hook '/home/faps/hand-gesture_ws/install/jetbot_ros/share/jetbot_ros/hook/pythonpath.sh'
[7.923s] Level 1:colcon.colcon_core.environment:checking '/home/faps/hand-gesture_ws/install/jetbot_ros/bin'
[7.923s] Level 1:colcon.colcon_core.environment:create_environment_scripts_only(jetbot_ros)
[7.961s] INFO:colcon.colcon_core.shell:Creating package script '/home/faps/hand-gesture_ws/install/jetbot_ros/share/jetbot_ros/package.ps1'
[7.962s] INFO:colcon.colcon_core.shell:Creating package descriptor '/home/faps/hand-gesture_ws/install/jetbot_ros/share/jetbot_ros/package.dsv'
[7.962s] INFO:colcon.colcon_core.shell:Creating package script '/home/faps/hand-gesture_ws/install/jetbot_ros/share/jetbot_ros/package.sh'
[7.963s] INFO:colcon.colcon_core.shell:Creating package script '/home/faps/hand-gesture_ws/install/jetbot_ros/share/jetbot_ros/package.bash'
[7.963s] INFO:colcon.colcon_core.shell:Creating package script '/home/faps/hand-gesture_ws/install/jetbot_ros/share/jetbot_ros/package.zsh'
[7.964s] Level 1:colcon.colcon_core.environment:create_file_with_runtime_dependencies(/home/faps/hand-gesture_ws/install/jetbot_ros/share/colcon-core/packages/jetbot_ros)
[8.016s] Level 1:colcon.colcon_core.environment:create_environment_scripts_only(robot_description)
[8.068s] Level 1:colcon.colcon_core.environment:checking '/home/faps/hand-gesture_ws/install/robot_description' for CMake module files
[8.069s] Level 1:colcon.colcon_core.environment:checking '/home/faps/hand-gesture_ws/install/robot_description' for CMake config files
[8.069s] Level 1:colcon.colcon_core.shell:create_environment_hook('robot_description', 'cmake_prefix_path')
[8.119s] INFO:colcon.colcon_core.shell:Creating environment hook '/home/faps/hand-gesture_ws/install/robot_description/share/robot_description/hook/cmake_prefix_path.ps1'
[8.120s] INFO:colcon.colcon_core.shell:Creating environment descriptor '/home/faps/hand-gesture_ws/install/robot_description/share/robot_description/hook/cmake_prefix_path.dsv'
[8.121s] INFO:colcon.colcon_core.shell:Creating environment hook '/home/faps/hand-gesture_ws/install/robot_description/share/robot_description/hook/cmake_prefix_path.sh'
[8.121s] Level 1:colcon.colcon_core.environment:checking '/home/faps/hand-gesture_ws/install/robot_description/bin'
[8.121s] Level 1:colcon.colcon_core.environment:checking '/home/faps/hand-gesture_ws/install/robot_description/lib/pkgconfig/robot_description.pc'
[8.121s] Level 1:colcon.colcon_core.environment:checking '/home/faps/hand-gesture_ws/install/robot_description/lib/python3.8/site-packages'
[8.122s] Level 1:colcon.colcon_core.environment:checking '/home/faps/hand-gesture_ws/install/robot_description/bin'
[8.166s] INFO:colcon.colcon_core.shell:Creating package script '/home/faps/hand-gesture_ws/install/robot_description/share/robot_description/package.ps1'
[8.167s] INFO:colcon.colcon_core.shell:Creating package descriptor '/home/faps/hand-gesture_ws/install/robot_description/share/robot_description/package.dsv'
[8.167s] INFO:colcon.colcon_core.shell:Creating package script '/home/faps/hand-gesture_ws/install/robot_description/share/robot_description/package.sh'
[8.168s] INFO:colcon.colcon_core.shell:Creating package script '/home/faps/hand-gesture_ws/install/robot_description/share/robot_description/package.bash'
[8.168s] INFO:colcon.colcon_core.shell:Creating package script '/home/faps/hand-gesture_ws/install/robot_description/share/robot_description/package.zsh'
[8.168s] Level 1:colcon.colcon_core.environment:create_file_with_runtime_dependencies(/home/faps/hand-gesture_ws/install/robot_description/share/colcon-core/packages/robot_description)
[8.169s] DEBUG:colcon.colcon_parallel_executor.executor.parallel:closing loop
[8.169s] DEBUG:colcon.colcon_parallel_executor.executor.parallel:loop closed
[8.169s] DEBUG:colcon.colcon_parallel_executor.executor.parallel:run_until_complete finished with '0'
[8.170s] DEBUG:colcon.colcon_core.event_reactor:joining thread
[8.225s] INFO:colcon.colcon_core.plugin_system:Skipping extension 'colcon_notification.desktop_notification.terminal_notifier': Not used on non-Darwin systems
[8.225s] INFO:colcon.colcon_core.plugin_system:Skipping extension 'colcon_notification.desktop_notification.win32': Not used on non-Windows systems
[8.225s] INFO:colcon.colcon_notification.desktop_notification:Sending desktop notification using 'notify2'
[8.243s] DEBUG:colcon.colcon_core.event_reactor:joined thread
[8.296s] INFO:colcon.colcon_core.shell:Creating prefix script '/home/faps/hand-gesture_ws/install/local_setup.ps1'
[8.297s] INFO:colcon.colcon_core.shell:Creating prefix util module '/home/faps/hand-gesture_ws/install/_local_setup_util_ps1.py'
[8.298s] INFO:colcon.colcon_core.shell:Creating prefix chain script '/home/faps/hand-gesture_ws/install/setup.ps1'
[8.356s] INFO:colcon.colcon_core.shell:Creating prefix script '/home/faps/hand-gesture_ws/install/local_setup.sh'
[8.357s] INFO:colcon.colcon_core.shell:Creating prefix util module '/home/faps/hand-gesture_ws/install/_local_setup_util_sh.py'
[8.358s] INFO:colcon.colcon_core.shell:Creating prefix chain script '/home/faps/hand-gesture_ws/install/setup.sh'
[8.419s] INFO:colcon.colcon_core.shell:Creating prefix script '/home/faps/hand-gesture_ws/install/local_setup.bash'
[8.420s] INFO:colcon.colcon_core.shell:Creating prefix chain script '/home/faps/hand-gesture_ws/install/setup.bash'
[8.477s] INFO:colcon.colcon_core.shell:Creating prefix script '/home/faps/hand-gesture_ws/install/local_setup.zsh'
[8.478s] INFO:colcon.colcon_core.shell:Creating prefix chain script '/home/faps/hand-gesture_ws/install/setup.zsh'
