[0.366s] Invoking command in '/home/faps/hand-gesture_ws/build/hand_gesture_control': CMAKE_PREFIX_PATH=${CMAKE_PREFIX_PATH}:/home/faps/hand-gesture_ws/install/jetbot_ros:/home/faps/hand-gesture_ws/install/jetbot_navigation:/opt/ros/foxy /usr/bin/cmake /home/faps/hand-gesture_ws/src/hand_gesture_control -DCMAKE_INSTALL_PREFIX=/home/faps/hand-gesture_ws/install/hand_gesture_control
[0.507s] -- The C compiler identification is GNU 9.4.0
[0.606s] -- The CXX compiler identification is GNU 9.4.0
[0.617s] -- Check for working C compiler: /usr/bin/cc
[0.707s] -- Check for working C compiler: /usr/bin/cc -- works
[0.711s] -- Detecting C compiler ABI info
[0.807s] -- Detecting C compiler ABI info - done
[0.810s] -- Detecting C compile features
[0.810s] -- Detecting C compile features - done
[0.814s] -- Check for working CXX compiler: /usr/bin/c++
[0.904s] -- Check for working CXX compiler: /usr/bin/c++ -- works
[0.904s] -- Detecting CXX compiler ABI info
[1.001s] -- Detecting CXX compiler ABI info - done
[1.018s] -- Detecting CXX compile features
[1.019s] -- Detecting CXX compile features - done
[1.028s] -- Found ament_cmake: 0.9.12 (/opt/ros/foxy/share/ament_cmake/cmake)
[1.060s] -- Found PythonInterp: /usr/bin/python3 (found suitable version "3.8.10", minimum required is "3") 
[1.060s] -- Using PYTHON_EXECUTABLE: /usr/bin/python3
[1.318s] -- Found rclpy: 1.0.13 (/opt/ros/foxy/share/rclpy/cmake)
[1.320s] -- Found std_msgs: 2.0.5 (/opt/ros/foxy/share/std_msgs/cmake)
[1.367s] -- Using all available rosidl_typesupport_c: rosidl_typesupport_fastrtps_c;rosidl_typesupport_introspection_c
[1.385s] -- Found rosidl_adapter: 1.3.1 (/opt/ros/foxy/share/rosidl_adapter/cmake)
[1.515s] -- Found OpenSSL: /usr/lib/x86_64-linux-gnu/libcrypto.so (found version "1.1.1f")  
[1.556s] -- Found FastRTPS: /opt/ros/foxy/include  
[1.676s] -- Using all available rosidl_typesupport_cpp: rosidl_typesupport_fastrtps_cpp;rosidl_typesupport_introspection_cpp
[1.745s] -- Found ament_lint_auto: 0.9.8 (/opt/ros/foxy/share/ament_lint_auto/cmake)
[1.865s] -- Added test 'copyright' to check source files copyright and LICENSE
[1.871s] -- Added test 'flake8' to check Python code syntax and style conventions
[1.873s] -- Added test 'lint_cmake' to check CMake code style
[1.874s] -- Added test 'pep257' to check Python code against some of the style conventions in PEP 257
[1.877s] -- Added test 'xmllint' to check XML markup files
[1.881s] -- Configuring done
[1.884s] -- Generating done
[1.886s] -- Build files have been written to: /home/faps/hand-gesture_ws/build/hand_gesture_control
[2.203s] Invoked command in '/home/faps/hand-gesture_ws/build/hand_gesture_control' returned '0': CMAKE_PREFIX_PATH=${CMAKE_PREFIX_PATH}:/home/faps/hand-gesture_ws/install/jetbot_ros:/home/faps/hand-gesture_ws/install/jetbot_navigation:/opt/ros/foxy /usr/bin/cmake /home/faps/hand-gesture_ws/src/hand_gesture_control -DCMAKE_INSTALL_PREFIX=/home/faps/hand-gesture_ws/install/hand_gesture_control
[2.207s] Invoking command in '/home/faps/hand-gesture_ws/build/hand_gesture_control': CMAKE_PREFIX_PATH=${CMAKE_PREFIX_PATH}:/home/faps/hand-gesture_ws/install/jetbot_ros:/home/faps/hand-gesture_ws/install/jetbot_navigation:/opt/ros/foxy /usr/bin/cmake --build /home/faps/hand-gesture_ws/build/hand_gesture_control -- -j2 -l2
[2.622s] Invoked command in '/home/faps/hand-gesture_ws/build/hand_gesture_control' returned '0': CMAKE_PREFIX_PATH=${CMAKE_PREFIX_PATH}:/home/faps/hand-gesture_ws/install/jetbot_ros:/home/faps/hand-gesture_ws/install/jetbot_navigation:/opt/ros/foxy /usr/bin/cmake --build /home/faps/hand-gesture_ws/build/hand_gesture_control -- -j2 -l2
[2.668s] Invoking command in '/home/faps/hand-gesture_ws/build/hand_gesture_control': CMAKE_PREFIX_PATH=${CMAKE_PREFIX_PATH}:/home/faps/hand-gesture_ws/install/jetbot_ros:/home/faps/hand-gesture_ws/install/jetbot_navigation:/opt/ros/foxy /usr/bin/cmake --install /home/faps/hand-gesture_ws/build/hand_gesture_control
[2.680s] -- Install configuration: ""
[2.680s] -- Installing: /home/faps/hand-gesture_ws/install/hand_gesture_control/lib/hand_gesture_control/hand_gesture_node.py
[2.681s] -- Installing: /home/faps/hand-gesture_ws/install/hand_gesture_control/lib/hand_gesture_control/train.py
[2.681s] -- Installing: /home/faps/hand-gesture_ws/install/hand_gesture_control/lib/hand_gesture_control/utils
[2.681s] -- Installing: /home/faps/hand-gesture_ws/install/hand_gesture_control/lib/hand_gesture_control/utils/__init__.py
[2.681s] -- Installing: /home/faps/hand-gesture_ws/install/hand_gesture_control/lib/hand_gesture_control/utils/box_utils.py
[2.682s] -- Installing: /home/faps/hand-gesture_ws/install/hand_gesture_control/lib/hand_gesture_control/utils/__pycache__
[2.682s] -- Installing: /home/faps/hand-gesture_ws/install/hand_gesture_control/lib/hand_gesture_control/utils/__pycache__/__init__.cpython-310.pyc
[2.684s] -- Installing: /home/faps/hand-gesture_ws/install/hand_gesture_control/lib/hand_gesture_control/utils/__pycache__/cvfpscalc.cpython-310.pyc
[2.685s] -- Installing: /home/faps/hand-gesture_ws/install/hand_gesture_control/lib/hand_gesture_control/utils/__pycache__/box_utils.cpython-38.pyc
[2.686s] -- Installing: /home/faps/hand-gesture_ws/install/hand_gesture_control/lib/hand_gesture_control/utils/__pycache__/model_keypoint.cpython-310.pyc
[2.686s] -- Installing: /home/faps/hand-gesture_ws/install/hand_gesture_control/lib/hand_gesture_control/utils/__pycache__/__init__.cpython-38.pyc
[2.687s] -- Installing: /home/faps/hand-gesture_ws/install/hand_gesture_control/lib/hand_gesture_control/utils/__pycache__/model_keypoint.cpython-38.pyc
[2.688s] -- Installing: /home/faps/hand-gesture_ws/install/hand_gesture_control/lib/hand_gesture_control/utils/__pycache__/cvfpscalc.cpython-38.pyc
[2.688s] -- Installing: /home/faps/hand-gesture_ws/install/hand_gesture_control/lib/hand_gesture_control/utils/cvfpscalc.py
[2.689s] -- Installing: /home/faps/hand-gesture_ws/install/hand_gesture_control/lib/hand_gesture_control/utils/model_keypoint.py
[2.689s] -- Installing: /home/faps/hand-gesture_ws/install/hand_gesture_control/lib/hand_gesture_control/model
[2.690s] -- Installing: /home/faps/hand-gesture_ws/install/hand_gesture_control/lib/hand_gesture_control/model/keypoint_classifier
[2.690s] -- Installing: /home/faps/hand-gesture_ws/install/hand_gesture_control/lib/hand_gesture_control/model/keypoint_classifier/keypoint.csv
[2.699s] -- Installing: /home/faps/hand-gesture_ws/install/hand_gesture_control/lib/hand_gesture_control/model/keypoint_classifier/keypoint_classifier_label.csv
[2.700s] -- Installing: /home/faps/hand-gesture_ws/install/hand_gesture_control/lib/hand_gesture_control/model/keypoint_classifier/pytorch_keypoint_classifier.pth
[2.700s] -- Installing: /home/faps/hand-gesture_ws/install/hand_gesture_control/lib/hand_gesture_control/model/keypoint_classifier/keypoint_classifier.py
[2.701s] -- Installing: /home/faps/hand-gesture_ws/install/hand_gesture_control/lib/hand_gesture_control/model/keypoint_classifier/__pycache__
[2.702s] -- Installing: /home/faps/hand-gesture_ws/install/hand_gesture_control/lib/hand_gesture_control/model/keypoint_classifier/__pycache__/__init__.cpython-310.pyc
[2.702s] -- Installing: /home/faps/hand-gesture_ws/install/hand_gesture_control/lib/hand_gesture_control/model/keypoint_classifier/__pycache__/keypoint_classifier.cpython-310.pyc
[2.703s] -- Installing: /home/faps/hand-gesture_ws/install/hand_gesture_control/lib/hand_gesture_control/model/keypoint_classifier/__pycache__/keypoint_classifier.cpython-38.pyc
[2.704s] -- Installing: /home/faps/hand-gesture_ws/install/hand_gesture_control/lib/hand_gesture_control/model/keypoint_classifier/__pycache__/model_keypoint.cpython-310.pyc
[2.704s] -- Installing: /home/faps/hand-gesture_ws/install/hand_gesture_control/lib/hand_gesture_control/model/__init__.py
[2.705s] -- Installing: /home/faps/hand-gesture_ws/install/hand_gesture_control/lib/hand_gesture_control/model/__pycache__
[2.705s] -- Installing: /home/faps/hand-gesture_ws/install/hand_gesture_control/lib/hand_gesture_control/model/__pycache__/__init__.cpython-310.pyc
[2.706s] -- Installing: /home/faps/hand-gesture_ws/install/hand_gesture_control/lib/hand_gesture_control/model/__pycache__/__init__.cpython-38.pyc
[2.706s] -- Installing: /home/faps/hand-gesture_ws/install/hand_gesture_control/share/hand_gesture_control/launch
[2.707s] -- Installing: /home/faps/hand-gesture_ws/install/hand_gesture_control/share/hand_gesture_control/launch/launch_gesture_control.py
[2.707s] -- Installing: /home/faps/hand-gesture_ws/install/hand_gesture_control/share/ament_index/resource_index/package_run_dependencies/hand_gesture_control
[2.708s] -- Installing: /home/faps/hand-gesture_ws/install/hand_gesture_control/share/ament_index/resource_index/parent_prefix_path/hand_gesture_control
[2.708s] -- Installing: /home/faps/hand-gesture_ws/install/hand_gesture_control/share/hand_gesture_control/environment/ament_prefix_path.sh
[2.708s] -- Installing: /home/faps/hand-gesture_ws/install/hand_gesture_control/share/hand_gesture_control/environment/ament_prefix_path.dsv
[2.709s] -- Installing: /home/faps/hand-gesture_ws/install/hand_gesture_control/share/hand_gesture_control/environment/path.sh
[2.709s] -- Installing: /home/faps/hand-gesture_ws/install/hand_gesture_control/share/hand_gesture_control/environment/path.dsv
[2.709s] -- Installing: /home/faps/hand-gesture_ws/install/hand_gesture_control/share/hand_gesture_control/local_setup.bash
[2.710s] -- Installing: /home/faps/hand-gesture_ws/install/hand_gesture_control/share/hand_gesture_control/local_setup.sh
[2.710s] -- Installing: /home/faps/hand-gesture_ws/install/hand_gesture_control/share/hand_gesture_control/local_setup.zsh
[2.711s] -- Installing: /home/faps/hand-gesture_ws/install/hand_gesture_control/share/hand_gesture_control/local_setup.dsv
[2.711s] -- Installing: /home/faps/hand-gesture_ws/install/hand_gesture_control/share/hand_gesture_control/package.dsv
[2.711s] -- Installing: /home/faps/hand-gesture_ws/install/hand_gesture_control/share/ament_index/resource_index/packages/hand_gesture_control
[2.712s] -- Installing: /home/faps/hand-gesture_ws/install/hand_gesture_control/share/hand_gesture_control/cmake/hand_gesture_controlConfig.cmake
[2.712s] -- Installing: /home/faps/hand-gesture_ws/install/hand_gesture_control/share/hand_gesture_control/cmake/hand_gesture_controlConfig-version.cmake
[2.712s] -- Installing: /home/faps/hand-gesture_ws/install/hand_gesture_control/share/hand_gesture_control/package.xml
[2.723s] Invoked command in '/home/faps/hand-gesture_ws/build/hand_gesture_control' returned '0': CMAKE_PREFIX_PATH=${CMAKE_PREFIX_PATH}:/home/faps/hand-gesture_ws/install/jetbot_ros:/home/faps/hand-gesture_ws/install/jetbot_navigation:/opt/ros/foxy /usr/bin/cmake --install /home/faps/hand-gesture_ws/build/hand_gesture_control
