[0.542s] Invoking command in '/home/faps/hand-gesture_ws/build/hand_gesture_control': CMAKE_PREFIX_PATH=${CMAKE_PREFIX_PATH}:/home/faps/hand-gesture_ws/install/jetbot_ros:/home/faps/hand-gesture_ws/install/jetbot_navigation:/opt/ros/foxy /usr/bin/cmake --build /home/faps/hand-gesture_ws/build/hand_gesture_control -- -j2 -l2
[1.096s] Invoked command in '/home/faps/hand-gesture_ws/build/hand_gesture_control' returned '0': CMAKE_PREFIX_PATH=${CMAKE_PREFIX_PATH}:/home/faps/hand-gesture_ws/install/jetbot_ros:/home/faps/hand-gesture_ws/install/jetbot_navigation:/opt/ros/foxy /usr/bin/cmake --build /home/faps/hand-gesture_ws/build/hand_gesture_control -- -j2 -l2
[1.144s] Invoking command in '/home/faps/hand-gesture_ws/build/hand_gesture_control': CMAKE_PREFIX_PATH=${CMAKE_PREFIX_PATH}:/home/faps/hand-gesture_ws/install/jetbot_ros:/home/faps/hand-gesture_ws/install/jetbot_navigation:/opt/ros/foxy /usr/bin/cmake --install /home/faps/hand-gesture_ws/build/hand_gesture_control
[1.157s] -- Install configuration: ""
[1.157s] -- Up-to-date: /home/faps/hand-gesture_ws/install/hand_gesture_control/lib/hand_gesture_control/hand_gesture_node.py
[1.158s] -- Up-to-date: /home/faps/hand-gesture_ws/install/hand_gesture_control/lib/hand_gesture_control/train.py
[1.158s] -- Up-to-date: /home/faps/hand-gesture_ws/install/hand_gesture_control/lib/hand_gesture_control/utils
[1.158s] -- Up-to-date: /home/faps/hand-gesture_ws/install/hand_gesture_control/lib/hand_gesture_control/utils/__init__.py
[1.158s] -- Up-to-date: /home/faps/hand-gesture_ws/install/hand_gesture_control/lib/hand_gesture_control/utils/box_utils.py
[1.158s] -- Up-to-date: /home/faps/hand-gesture_ws/install/hand_gesture_control/lib/hand_gesture_control/utils/__pycache__
[1.158s] -- Up-to-date: /home/faps/hand-gesture_ws/install/hand_gesture_control/lib/hand_gesture_control/utils/__pycache__/__init__.cpython-310.pyc
[1.158s] -- Up-to-date: /home/faps/hand-gesture_ws/install/hand_gesture_control/lib/hand_gesture_control/utils/__pycache__/cvfpscalc.cpython-310.pyc
[1.158s] -- Installing: /home/faps/hand-gesture_ws/install/hand_gesture_control/lib/hand_gesture_control/utils/__pycache__/box_utils.cpython-38.pyc
[1.170s] -- Up-to-date: /home/faps/hand-gesture_ws/install/hand_gesture_control/lib/hand_gesture_control/utils/__pycache__/model_keypoint.cpython-310.pyc
[1.170s] -- Up-to-date: /home/faps/hand-gesture_ws/install/hand_gesture_control/lib/hand_gesture_control/utils/__pycache__/__init__.cpython-38.pyc
[1.171s] -- Up-to-date: /home/faps/hand-gesture_ws/install/hand_gesture_control/lib/hand_gesture_control/utils/__pycache__/model_keypoint.cpython-38.pyc
[1.171s] -- Up-to-date: /home/faps/hand-gesture_ws/install/hand_gesture_control/lib/hand_gesture_control/utils/__pycache__/cvfpscalc.cpython-38.pyc
[1.171s] -- Up-to-date: /home/faps/hand-gesture_ws/install/hand_gesture_control/lib/hand_gesture_control/utils/cvfpscalc.py
[1.171s] -- Up-to-date: /home/faps/hand-gesture_ws/install/hand_gesture_control/lib/hand_gesture_control/utils/model_keypoint.py
[1.172s] -- Up-to-date: /home/faps/hand-gesture_ws/install/hand_gesture_control/lib/hand_gesture_control/model
[1.172s] -- Up-to-date: /home/faps/hand-gesture_ws/install/hand_gesture_control/lib/hand_gesture_control/model/keypoint_classifier
[1.172s] -- Up-to-date: /home/faps/hand-gesture_ws/install/hand_gesture_control/lib/hand_gesture_control/model/keypoint_classifier/keypoint.csv
[1.172s] -- Up-to-date: /home/faps/hand-gesture_ws/install/hand_gesture_control/lib/hand_gesture_control/model/keypoint_classifier/keypoint_classifier_label.csv
[1.172s] -- Up-to-date: /home/faps/hand-gesture_ws/install/hand_gesture_control/lib/hand_gesture_control/model/keypoint_classifier/pytorch_keypoint_classifier.pth
[1.173s] -- Up-to-date: /home/faps/hand-gesture_ws/install/hand_gesture_control/lib/hand_gesture_control/model/keypoint_classifier/keypoint_classifier.py
[1.174s] -- Up-to-date: /home/faps/hand-gesture_ws/install/hand_gesture_control/lib/hand_gesture_control/model/keypoint_classifier/__pycache__
[1.174s] -- Up-to-date: /home/faps/hand-gesture_ws/install/hand_gesture_control/lib/hand_gesture_control/model/keypoint_classifier/__pycache__/__init__.cpython-310.pyc
[1.174s] -- Up-to-date: /home/faps/hand-gesture_ws/install/hand_gesture_control/lib/hand_gesture_control/model/keypoint_classifier/__pycache__/keypoint_classifier.cpython-310.pyc
[1.175s] -- Up-to-date: /home/faps/hand-gesture_ws/install/hand_gesture_control/lib/hand_gesture_control/model/keypoint_classifier/__pycache__/keypoint_classifier.cpython-38.pyc
[1.175s] -- Up-to-date: /home/faps/hand-gesture_ws/install/hand_gesture_control/lib/hand_gesture_control/model/keypoint_classifier/__pycache__/model_keypoint.cpython-310.pyc
[1.175s] -- Up-to-date: /home/faps/hand-gesture_ws/install/hand_gesture_control/lib/hand_gesture_control/model/__init__.py
[1.175s] -- Up-to-date: /home/faps/hand-gesture_ws/install/hand_gesture_control/lib/hand_gesture_control/model/__pycache__
[1.175s] -- Up-to-date: /home/faps/hand-gesture_ws/install/hand_gesture_control/lib/hand_gesture_control/model/__pycache__/__init__.cpython-310.pyc
[1.175s] -- Up-to-date: /home/faps/hand-gesture_ws/install/hand_gesture_control/lib/hand_gesture_control/model/__pycache__/__init__.cpython-38.pyc
[1.175s] -- Up-to-date: /home/faps/hand-gesture_ws/install/hand_gesture_control/share/hand_gesture_control/launch
[1.176s] -- Up-to-date: /home/faps/hand-gesture_ws/install/hand_gesture_control/share/hand_gesture_control/launch/launch_gesture_control.py
[1.176s] -- Up-to-date: /home/faps/hand-gesture_ws/install/hand_gesture_control/share/ament_index/resource_index/package_run_dependencies/hand_gesture_control
[1.176s] -- Up-to-date: /home/faps/hand-gesture_ws/install/hand_gesture_control/share/ament_index/resource_index/parent_prefix_path/hand_gesture_control
[1.177s] -- Up-to-date: /home/faps/hand-gesture_ws/install/hand_gesture_control/share/hand_gesture_control/environment/ament_prefix_path.sh
[1.177s] -- Up-to-date: /home/faps/hand-gesture_ws/install/hand_gesture_control/share/hand_gesture_control/environment/ament_prefix_path.dsv
[1.177s] -- Up-to-date: /home/faps/hand-gesture_ws/install/hand_gesture_control/share/hand_gesture_control/environment/path.sh
[1.177s] -- Up-to-date: /home/faps/hand-gesture_ws/install/hand_gesture_control/share/hand_gesture_control/environment/path.dsv
[1.177s] -- Up-to-date: /home/faps/hand-gesture_ws/install/hand_gesture_control/share/hand_gesture_control/local_setup.bash
[1.177s] -- Up-to-date: /home/faps/hand-gesture_ws/install/hand_gesture_control/share/hand_gesture_control/local_setup.sh
[1.178s] -- Up-to-date: /home/faps/hand-gesture_ws/install/hand_gesture_control/share/hand_gesture_control/local_setup.zsh
[1.178s] -- Up-to-date: /home/faps/hand-gesture_ws/install/hand_gesture_control/share/hand_gesture_control/local_setup.dsv
[1.178s] -- Installing: /home/faps/hand-gesture_ws/install/hand_gesture_control/share/hand_gesture_control/package.dsv
[1.178s] -- Up-to-date: /home/faps/hand-gesture_ws/install/hand_gesture_control/share/ament_index/resource_index/packages/hand_gesture_control
[1.179s] -- Up-to-date: /home/faps/hand-gesture_ws/install/hand_gesture_control/share/hand_gesture_control/cmake/hand_gesture_controlConfig.cmake
[1.179s] -- Up-to-date: /home/faps/hand-gesture_ws/install/hand_gesture_control/share/hand_gesture_control/cmake/hand_gesture_controlConfig-version.cmake
[1.180s] -- Up-to-date: /home/faps/hand-gesture_ws/install/hand_gesture_control/share/hand_gesture_control/package.xml
[1.189s] Invoked command in '/home/faps/hand-gesture_ws/build/hand_gesture_control' returned '0': CMAKE_PREFIX_PATH=${CMAKE_PREFIX_PATH}:/home/faps/hand-gesture_ws/install/jetbot_ros:/home/faps/hand-gesture_ws/install/jetbot_navigation:/opt/ros/foxy /usr/bin/cmake --install /home/faps/hand-gesture_ws/build/hand_gesture_control
