[0.572s] Invoking command in '/home/faps/hand-gesture_ws/build/hand_gesture_control': CMAKE_PREFIX_PATH=${CMAKE_PREFIX_PATH}:/home/faps/hand-gesture_ws/install/jetbot_ros:/home/faps/hand-gesture_ws/install/jetbot_navigation:/opt/ros/foxy /usr/bin/cmake --build /home/faps/hand-gesture_ws/build/hand_gesture_control -- -j2 -l2
[1.381s] Invoked command in '/home/faps/hand-gesture_ws/build/hand_gesture_control' returned '0': CMAKE_PREFIX_PATH=${CMAKE_PREFIX_PATH}:/home/faps/hand-gesture_ws/install/jetbot_ros:/home/faps/hand-gesture_ws/install/jetbot_navigation:/opt/ros/foxy /usr/bin/cmake --build /home/faps/hand-gesture_ws/build/hand_gesture_control -- -j2 -l2
[1.445s] Invoking command in '/home/faps/hand-gesture_ws/build/hand_gesture_control': CMAKE_PREFIX_PATH=${CMAKE_PREFIX_PATH}:/home/faps/hand-gesture_ws/install/jetbot_ros:/home/faps/hand-gesture_ws/install/jetbot_navigation:/opt/ros/foxy /usr/bin/cmake --install /home/faps/hand-gesture_ws/build/hand_gesture_control
[1.470s] -- Install configuration: ""
[1.472s] -- Up-to-date: /home/faps/hand-gesture_ws/install/hand_gesture_control/lib/hand_gesture_control/hand_gesture_node.py
[1.472s] -- Up-to-date: /home/faps/hand-gesture_ws/install/hand_gesture_control/lib/hand_gesture_control/train.py
[1.472s] -- Up-to-date: /home/faps/hand-gesture_ws/install/hand_gesture_control/lib/hand_gesture_control/utils
[1.474s] -- Up-to-date: /home/faps/hand-gesture_ws/install/hand_gesture_control/lib/hand_gesture_control/utils/__init__.py
[1.474s] -- Up-to-date: /home/faps/hand-gesture_ws/install/hand_gesture_control/lib/hand_gesture_control/utils/box_utils.py
[1.474s] -- Up-to-date: /home/faps/hand-gesture_ws/install/hand_gesture_control/lib/hand_gesture_control/utils/__pycache__
[1.476s] -- Up-to-date: /home/faps/hand-gesture_ws/install/hand_gesture_control/lib/hand_gesture_control/utils/__pycache__/__init__.cpython-310.pyc
[1.476s] -- Up-to-date: /home/faps/hand-gesture_ws/install/hand_gesture_control/lib/hand_gesture_control/utils/__pycache__/cvfpscalc.cpython-310.pyc
[1.478s] -- Up-to-date: /home/faps/hand-gesture_ws/install/hand_gesture_control/lib/hand_gesture_control/utils/__pycache__/box_utils.cpython-38.pyc
[1.478s] -- Up-to-date: /home/faps/hand-gesture_ws/install/hand_gesture_control/lib/hand_gesture_control/utils/__pycache__/model_keypoint.cpython-310.pyc
[1.478s] -- Up-to-date: /home/faps/hand-gesture_ws/install/hand_gesture_control/lib/hand_gesture_control/utils/__pycache__/__init__.cpython-38.pyc
[1.478s] -- Up-to-date: /home/faps/hand-gesture_ws/install/hand_gesture_control/lib/hand_gesture_control/utils/__pycache__/model_keypoint.cpython-38.pyc
[1.479s] -- Up-to-date: /home/faps/hand-gesture_ws/install/hand_gesture_control/lib/hand_gesture_control/utils/__pycache__/cvfpscalc.cpython-38.pyc
[1.479s] -- Up-to-date: /home/faps/hand-gesture_ws/install/hand_gesture_control/lib/hand_gesture_control/utils/cvfpscalc.py
[1.479s] -- Up-to-date: /home/faps/hand-gesture_ws/install/hand_gesture_control/lib/hand_gesture_control/utils/model_keypoint.py
[1.479s] -- Up-to-date: /home/faps/hand-gesture_ws/install/hand_gesture_control/lib/hand_gesture_control/model
[1.479s] -- Up-to-date: /home/faps/hand-gesture_ws/install/hand_gesture_control/lib/hand_gesture_control/model/keypoint_classifier
[1.481s] -- Up-to-date: /home/faps/hand-gesture_ws/install/hand_gesture_control/lib/hand_gesture_control/model/keypoint_classifier/keypoint.csv
[1.481s] -- Up-to-date: /home/faps/hand-gesture_ws/install/hand_gesture_control/lib/hand_gesture_control/model/keypoint_classifier/keypoint_classifier_label.csv
[1.481s] -- Up-to-date: /home/faps/hand-gesture_ws/install/hand_gesture_control/lib/hand_gesture_control/model/keypoint_classifier/pytorch_keypoint_classifier.pth
[1.481s] -- Up-to-date: /home/faps/hand-gesture_ws/install/hand_gesture_control/lib/hand_gesture_control/model/keypoint_classifier/keypoint_classifier.py
[1.481s] -- Up-to-date: /home/faps/hand-gesture_ws/install/hand_gesture_control/lib/hand_gesture_control/model/keypoint_classifier/__pycache__
[1.483s] -- Up-to-date: /home/faps/hand-gesture_ws/install/hand_gesture_control/lib/hand_gesture_control/model/keypoint_classifier/__pycache__/__init__.cpython-310.pyc
[1.484s] -- Up-to-date: /home/faps/hand-gesture_ws/install/hand_gesture_control/lib/hand_gesture_control/model/keypoint_classifier/__pycache__/keypoint_classifier.cpython-310.pyc
[1.484s] -- Up-to-date: /home/faps/hand-gesture_ws/install/hand_gesture_control/lib/hand_gesture_control/model/keypoint_classifier/__pycache__/keypoint_classifier.cpython-38.pyc
[1.484s] -- Up-to-date: /home/faps/hand-gesture_ws/install/hand_gesture_control/lib/hand_gesture_control/model/keypoint_classifier/__pycache__/model_keypoint.cpython-310.pyc
[1.484s] -- Up-to-date: /home/faps/hand-gesture_ws/install/hand_gesture_control/lib/hand_gesture_control/model/__init__.py
[1.485s] -- Up-to-date: /home/faps/hand-gesture_ws/install/hand_gesture_control/lib/hand_gesture_control/model/__pycache__
[1.485s] -- Up-to-date: /home/faps/hand-gesture_ws/install/hand_gesture_control/lib/hand_gesture_control/model/__pycache__/__init__.cpython-310.pyc
[1.485s] -- Up-to-date: /home/faps/hand-gesture_ws/install/hand_gesture_control/lib/hand_gesture_control/model/__pycache__/__init__.cpython-38.pyc
[1.485s] -- Up-to-date: /home/faps/hand-gesture_ws/install/hand_gesture_control/share/hand_gesture_control/launch
[1.486s] -- Up-to-date: /home/faps/hand-gesture_ws/install/hand_gesture_control/share/hand_gesture_control/launch/launch_gesture_control.py
[1.486s] -- Up-to-date: /home/faps/hand-gesture_ws/install/hand_gesture_control/share/ament_index/resource_index/package_run_dependencies/hand_gesture_control
[1.487s] -- Up-to-date: /home/faps/hand-gesture_ws/install/hand_gesture_control/share/ament_index/resource_index/parent_prefix_path/hand_gesture_control
[1.487s] -- Up-to-date: /home/faps/hand-gesture_ws/install/hand_gesture_control/share/hand_gesture_control/environment/ament_prefix_path.sh
[1.488s] -- Up-to-date: /home/faps/hand-gesture_ws/install/hand_gesture_control/share/hand_gesture_control/environment/ament_prefix_path.dsv
[1.488s] -- Up-to-date: /home/faps/hand-gesture_ws/install/hand_gesture_control/share/hand_gesture_control/environment/path.sh
[1.489s] -- Up-to-date: /home/faps/hand-gesture_ws/install/hand_gesture_control/share/hand_gesture_control/environment/path.dsv
[1.491s] -- Up-to-date: /home/faps/hand-gesture_ws/install/hand_gesture_control/share/hand_gesture_control/local_setup.bash
[1.492s] -- Up-to-date: /home/faps/hand-gesture_ws/install/hand_gesture_control/share/hand_gesture_control/local_setup.sh
[1.493s] -- Up-to-date: /home/faps/hand-gesture_ws/install/hand_gesture_control/share/hand_gesture_control/local_setup.zsh
[1.493s] -- Up-to-date: /home/faps/hand-gesture_ws/install/hand_gesture_control/share/hand_gesture_control/local_setup.dsv
[1.493s] -- Installing: /home/faps/hand-gesture_ws/install/hand_gesture_control/share/hand_gesture_control/package.dsv
[1.495s] -- Up-to-date: /home/faps/hand-gesture_ws/install/hand_gesture_control/share/ament_index/resource_index/packages/hand_gesture_control
[1.497s] -- Up-to-date: /home/faps/hand-gesture_ws/install/hand_gesture_control/share/hand_gesture_control/cmake/hand_gesture_controlConfig.cmake
[1.497s] -- Up-to-date: /home/faps/hand-gesture_ws/install/hand_gesture_control/share/hand_gesture_control/cmake/hand_gesture_controlConfig-version.cmake
[1.497s] -- Up-to-date: /home/faps/hand-gesture_ws/install/hand_gesture_control/share/hand_gesture_control/package.xml
[1.498s] Invoked command in '/home/faps/hand-gesture_ws/build/hand_gesture_control' returned '0': CMAKE_PREFIX_PATH=${CMAKE_PREFIX_PATH}:/home/faps/hand-gesture_ws/install/jetbot_ros:/home/faps/hand-gesture_ws/install/jetbot_navigation:/opt/ros/foxy /usr/bin/cmake --install /home/faps/hand-gesture_ws/build/hand_gesture_control
