-- Install configuration: ""
-- Up-to-date: /home/faps/hand-gesture_ws/install/robot_description/share/robot_description/launch
-- Up-to-date: /home/faps/hand-gesture_ws/install/robot_description/share/robot_description/launch/launch_all.py
-- Up-to-date: /home/faps/hand-gesture_ws/install/robot_description/share/robot_description/launch/launch_rviz.py
-- Up-to-date: /home/faps/hand-gesture_ws/install/robot_description/share/robot_description/launch/launch_simulation.py
-- Up-to-date: /home/faps/hand-gesture_ws/install/robot_description/share/robot_description/world
-- Up-to-date: /home/faps/hand-gesture_ws/install/robot_description/share/robot_description/world/maze.world
-- Up-to-date: /home/faps/hand-gesture_ws/install/robot_description/share/robot_description/world/jetbot_demo.world
-- Up-to-date: /home/faps/hand-gesture_ws/install/robot_description/share/robot_description/world/my_world.world
-- Up-to-date: /home/faps/hand-gesture_ws/install/robot_description/share/robot_description/sdf
-- Up-to-date: /home/faps/hand-gesture_ws/install/robot_description/share/robot_description/sdf/robot.sdf
-- Up-to-date: /home/faps/hand-gesture_ws/install/robot_description/share/robot_description/sdf/robot.urdf
-- Up-to-date: /home/faps/hand-gesture_ws/install/robot_description/share/robot_description/sdf/robot.config
-- Up-to-date: /home/faps/hand-gesture_ws/install/robot_description/share/robot_description/rviz
-- Up-to-date: /home/faps/hand-gesture_ws/install/robot_description/share/robot_description/rviz/stage.rviz
-- Up-to-date: /home/faps/hand-gesture_ws/install/robot_description/share/ament_index/resource_index/package_run_dependencies/robot_description
-- Up-to-date: /home/faps/hand-gesture_ws/install/robot_description/share/ament_index/resource_index/parent_prefix_path/robot_description
-- Up-to-date: /home/faps/hand-gesture_ws/install/robot_description/share/robot_description/environment/ament_prefix_path.sh
-- Up-to-date: /home/faps/hand-gesture_ws/install/robot_description/share/robot_description/environment/ament_prefix_path.dsv
-- Up-to-date: /home/faps/hand-gesture_ws/install/robot_description/share/robot_description/environment/path.sh
-- Up-to-date: /home/faps/hand-gesture_ws/install/robot_description/share/robot_description/environment/path.dsv
-- Up-to-date: /home/faps/hand-gesture_ws/install/robot_description/share/robot_description/local_setup.bash
-- Up-to-date: /home/faps/hand-gesture_ws/install/robot_description/share/robot_description/local_setup.sh
-- Up-to-date: /home/faps/hand-gesture_ws/install/robot_description/share/robot_description/local_setup.zsh
-- Up-to-date: /home/faps/hand-gesture_ws/install/robot_description/share/robot_description/local_setup.dsv
-- Up-to-date: /home/faps/hand-gesture_ws/install/robot_description/share/robot_description/package.dsv
-- Up-to-date: /home/faps/hand-gesture_ws/install/robot_description/share/ament_index/resource_index/packages/robot_description
-- Up-to-date: /home/faps/hand-gesture_ws/install/robot_description/share/robot_description/cmake/robot_descriptionConfig.cmake
-- Up-to-date: /home/faps/hand-gesture_ws/install/robot_description/share/robot_description/cmake/robot_descriptionConfig-version.cmake
-- Up-to-date: /home/faps/hand-gesture_ws/install/robot_description/share/robot_description/package.xml
