running egg_info
writing ../../build/jetbot_ros/jetbot_ros.egg-info/PKG-INFO
writing dependency_links to ../../build/jetbot_ros/jetbot_ros.egg-info/dependency_links.txt
writing entry points to ../../build/jetbot_ros/jetbot_ros.egg-info/entry_points.txt
writing requirements to ../../build/jetbot_ros/jetbot_ros.egg-info/requires.txt
writing top-level names to ../../build/jetbot_ros/jetbot_ros.egg-info/top_level.txt
reading manifest file '../../build/jetbot_ros/jetbot_ros.egg-info/SOURCES.txt'
writing manifest file '../../build/jetbot_ros/jetbot_ros.egg-info/SOURCES.txt'
running build
running build_py
running install
running install_lib
running install_data
running install_egg_info
removing '/home/faps/hand-gesture_ws/install/jetbot_ros/lib/python3.8/site-packages/jetbot_ros-0.0.0-py3.8.egg-info' (and everything under it)
Copying ../../build/jetbot_ros/jetbot_ros.egg-info to /home/faps/hand-gesture_ws/install/jetbot_ros/lib/python3.8/site-packages/jetbot_ros-0.0.0-py3.8.egg-info
running install_scripts
Installing data_collection script to /home/faps/hand-gesture_ws/install/jetbot_ros/lib/jetbot_ros
Installing gazebo_spawn script to /home/faps/hand-gesture_ws/install/jetbot_ros/lib/jetbot_ros
Installing motors_nvidia script to /home/faps/hand-gesture_ws/install/jetbot_ros/lib/jetbot_ros
Installing motors_sparkfun script to /home/faps/hand-gesture_ws/install/jetbot_ros/lib/jetbot_ros
Installing motors_waveshare script to /home/faps/hand-gesture_ws/install/jetbot_ros/lib/jetbot_ros
Installing nav_model script to /home/faps/hand-gesture_ws/install/jetbot_ros/lib/jetbot_ros
Installing oled_ssd1306 script to /home/faps/hand-gesture_ws/install/jetbot_ros/lib/jetbot_ros
Installing teleop_keyboard script to /home/faps/hand-gesture_ws/install/jetbot_ros/lib/jetbot_ros
writing list of installed files to '/home/faps/hand-gesture_ws/build/jetbot_ros/install.log'
