[2.273s] Invoking command in '/home/faps/hand-gesture_ws/src/jetbot_ros': PYTHONPATH=/home/faps/hand-gesture_ws/build/jetbot_ros/prefix_override:/home/faps/hand-gesture_ws/install/jetbot_ros/lib/python3.8/site-packages:${PYTHONPATH} /usr/bin/python3 setup.py egg_info --egg-base ../../build/jetbot_ros build --build-base /home/faps/hand-gesture_ws/build/jetbot_ros/build install --record /home/faps/hand-gesture_ws/build/jetbot_ros/install.log --install-scripts $base/lib/jetbot_ros --single-version-externally-managed
[2.818s] running egg_info
[2.819s] writing ../../build/jetbot_ros/jetbot_ros.egg-info/PKG-INFO
[2.820s] writing dependency_links to ../../build/jetbot_ros/jetbot_ros.egg-info/dependency_links.txt
[2.822s] writing entry points to ../../build/jetbot_ros/jetbot_ros.egg-info/entry_points.txt
[2.822s] writing requirements to ../../build/jetbot_ros/jetbot_ros.egg-info/requires.txt
[2.823s] writing top-level names to ../../build/jetbot_ros/jetbot_ros.egg-info/top_level.txt
[2.995s] reading manifest file '../../build/jetbot_ros/jetbot_ros.egg-info/SOURCES.txt'
[2.996s] writing manifest file '../../build/jetbot_ros/jetbot_ros.egg-info/SOURCES.txt'
[2.996s] running build
[2.996s] running build_py
[3.007s] running install
[3.009s] running install_lib
[3.012s] running install_data
[3.016s] copying launch/gazebo_world.launch.py -> /home/faps/hand-gesture_ws/install/jetbot_ros/share/jetbot_ros/launch
[3.027s] running install_egg_info
[3.027s] removing '/home/faps/hand-gesture_ws/install/jetbot_ros/lib/python3.8/site-packages/jetbot_ros-0.0.0-py3.8.egg-info' (and everything under it)
[3.029s] Copying ../../build/jetbot_ros/jetbot_ros.egg-info to /home/faps/hand-gesture_ws/install/jetbot_ros/lib/python3.8/site-packages/jetbot_ros-0.0.0-py3.8.egg-info
[3.031s] running install_scripts
[3.119s] Installing data_collection script to /home/faps/hand-gesture_ws/install/jetbot_ros/lib/jetbot_ros
[3.124s] Installing gazebo_spawn script to /home/faps/hand-gesture_ws/install/jetbot_ros/lib/jetbot_ros
[3.124s] Installing motors_nvidia script to /home/faps/hand-gesture_ws/install/jetbot_ros/lib/jetbot_ros
[3.124s] Installing motors_sparkfun script to /home/faps/hand-gesture_ws/install/jetbot_ros/lib/jetbot_ros
[3.124s] Installing motors_waveshare script to /home/faps/hand-gesture_ws/install/jetbot_ros/lib/jetbot_ros
[3.124s] Installing nav_model script to /home/faps/hand-gesture_ws/install/jetbot_ros/lib/jetbot_ros
[3.124s] Installing oled_ssd1306 script to /home/faps/hand-gesture_ws/install/jetbot_ros/lib/jetbot_ros
[3.124s] Installing teleop_keyboard script to /home/faps/hand-gesture_ws/install/jetbot_ros/lib/jetbot_ros
[3.124s] writing list of installed files to '/home/faps/hand-gesture_ws/build/jetbot_ros/install.log'
[3.373s] Invoked command in '/home/faps/hand-gesture_ws/src/jetbot_ros' returned '0': PYTHONPATH=/home/faps/hand-gesture_ws/build/jetbot_ros/prefix_override:/home/faps/hand-gesture_ws/install/jetbot_ros/lib/python3.8/site-packages:${PYTHONPATH} /usr/bin/python3 setup.py egg_info --egg-base ../../build/jetbot_ros build --build-base /home/faps/hand-gesture_ws/build/jetbot_ros/build install --record /home/faps/hand-gesture_ws/build/jetbot_ros/install.log --install-scripts $base/lib/jetbot_ros --single-version-externally-managed
