[1.452s] Invoking command in '/home/faps/hand-gesture_ws/src/jetbot_navigation': PYTHONPATH=/home/faps/hand-gesture_ws/build/jetbot_navigation/prefix_override:/home/faps/hand-gesture_ws/install/jetbot_navigation/lib/python3.8/site-packages:${PYTHONPATH} /usr/bin/python3 setup.py egg_info --egg-base ../../build/jetbot_navigation build --build-base /home/faps/hand-gesture_ws/build/jetbot_navigation/build install --record /home/faps/hand-gesture_ws/build/jetbot_navigation/install.log --install-scripts $base/lib/jetbot_navigation --single-version-externally-managed
[1.818s] running egg_info
[1.819s] writing ../../build/jetbot_navigation/jetbot_navigation.egg-info/PKG-INFO
[1.819s] writing dependency_links to ../../build/jetbot_navigation/jetbot_navigation.egg-info/dependency_links.txt
[1.819s] writing entry points to ../../build/jetbot_navigation/jetbot_navigation.egg-info/entry_points.txt
[1.822s] writing requirements to ../../build/jetbot_navigation/jetbot_navigation.egg-info/requires.txt
[1.823s] writing top-level names to ../../build/jetbot_navigation/jetbot_navigation.egg-info/top_level.txt
[1.872s] reading manifest file '../../build/jetbot_navigation/jetbot_navigation.egg-info/SOURCES.txt'
[1.874s] writing manifest file '../../build/jetbot_navigation/jetbot_navigation.egg-info/SOURCES.txt'
[1.874s] running build
[1.875s] running build_py
[1.875s] running install
[1.876s] running install_lib
[1.877s] running install_data
[1.878s] running install_egg_info
[1.880s] removing '/home/faps/hand-gesture_ws/install/jetbot_navigation/lib/python3.8/site-packages/jetbot_navigation-0.0.0-py3.8.egg-info' (and everything under it)
[1.881s] Copying ../../build/jetbot_navigation/jetbot_navigation.egg-info to /home/faps/hand-gesture_ws/install/jetbot_navigation/lib/python3.8/site-packages/jetbot_navigation-0.0.0-py3.8.egg-info
[1.885s] running install_scripts
[1.909s] writing list of installed files to '/home/faps/hand-gesture_ws/build/jetbot_navigation/install.log'
[2.009s] Invoked command in '/home/faps/hand-gesture_ws/src/jetbot_navigation' returned '0': PYTHONPATH=/home/faps/hand-gesture_ws/build/jetbot_navigation/prefix_override:/home/faps/hand-gesture_ws/install/jetbot_navigation/lib/python3.8/site-packages:${PYTHONPATH} /usr/bin/python3 setup.py egg_info --egg-base ../../build/jetbot_navigation build --build-base /home/faps/hand-gesture_ws/build/jetbot_navigation/build install --record /home/faps/hand-gesture_ws/build/jetbot_navigation/install.log --install-scripts $base/lib/jetbot_navigation --single-version-externally-managed
