[1.308s] Invoking command in '/home/faps/hand-gesture_ws/src/jetbot_navigation': PYTHONPATH=/home/faps/hand-gesture_ws/build/jetbot_navigation/prefix_override:/home/faps/hand-gesture_ws/install/jetbot_navigation/lib/python3.8/site-packages:${PYTHONPATH} /usr/bin/python3 setup.py egg_info --egg-base ../../build/jetbot_navigation build --build-base /home/faps/hand-gesture_ws/build/jetbot_navigation/build install --record /home/faps/hand-gesture_ws/build/jetbot_navigation/install.log --install-scripts $base/lib/jetbot_navigation --single-version-externally-managed
[1.566s] running egg_info
[1.567s] writing ../../build/jetbot_navigation/jetbot_navigation.egg-info/PKG-INFO
[1.568s] writing dependency_links to ../../build/jetbot_navigation/jetbot_navigation.egg-info/dependency_links.txt
[1.569s] writing entry points to ../../build/jetbot_navigation/jetbot_navigation.egg-info/entry_points.txt
[1.569s] writing requirements to ../../build/jetbot_navigation/jetbot_navigation.egg-info/requires.txt
[1.569s] writing top-level names to ../../build/jetbot_navigation/jetbot_navigation.egg-info/top_level.txt
[1.617s] reading manifest file '../../build/jetbot_navigation/jetbot_navigation.egg-info/SOURCES.txt'
[1.619s] writing manifest file '../../build/jetbot_navigation/jetbot_navigation.egg-info/SOURCES.txt'
[1.620s] running build
[1.621s] running build_py
[1.621s] running install
[1.622s] running install_lib
[1.623s] running install_data
[1.624s] running install_egg_info
[1.627s] removing '/home/faps/hand-gesture_ws/install/jetbot_navigation/lib/python3.8/site-packages/jetbot_navigation-0.0.0-py3.8.egg-info' (and everything under it)
[1.646s] Copying ../../build/jetbot_navigation/jetbot_navigation.egg-info to /home/faps/hand-gesture_ws/install/jetbot_navigation/lib/python3.8/site-packages/jetbot_navigation-0.0.0-py3.8.egg-info
[1.646s] running install_scripts
[1.666s] writing list of installed files to '/home/faps/hand-gesture_ws/build/jetbot_navigation/install.log'
[1.783s] Invoked command in '/home/faps/hand-gesture_ws/src/jetbot_navigation' returned '0': PYTHONPATH=/home/faps/hand-gesture_ws/build/jetbot_navigation/prefix_override:/home/faps/hand-gesture_ws/install/jetbot_navigation/lib/python3.8/site-packages:${PYTHONPATH} /usr/bin/python3 setup.py egg_info --egg-base ../../build/jetbot_navigation build --build-base /home/faps/hand-gesture_ws/build/jetbot_navigation/build install --record /home/faps/hand-gesture_ws/build/jetbot_navigation/install.log --install-scripts $base/lib/jetbot_navigation --single-version-externally-managed
