[2.172s] DEBUG:colcon:Command line arguments: ['/usr/bin/colcon', 'build']
[2.172s] DEBUG:colcon:Parsed command line arguments: Namespace(allow_overriding=[], ament_cmake_args=None, base_paths=['.'], build_base='build', catkin_cmake_args=None, catkin_skip_building_tests=False, cmake_args=None, cmake_clean_cache=False, cmake_clean_first=False, cmake_force_configure=False, cmake_target=None, cmake_target_skip_unavailable=False, continue_on_error=False, event_handlers=None, executor='parallel', ignore_user_meta=False, install_base='install', log_base=None, log_level=None, main=<bound method BuildVerb.main of <colcon_core.verb.build.BuildVerb object at 0x7fa0282f2730>>, merge_install=False, metas=['./colcon.meta'], packages_above=None, packages_above_and_dependencies=None, packages_above_depth=None, packages_end=None, packages_ignore=None, packages_ignore_regex=None, packages_select=None, packages_select_build_failed=False, packages_select_by_dep=None, packages_select_regex=None, packages_select_test_failures=False, packages_skip=None, packages_skip_build_finished=False, packages_skip_by_dep=None, packages_skip_regex=None, packages_skip_test_passed=False, packages_skip_up_to=None, packages_start=None, packages_up_to=None, packages_up_to_regex=None, parallel_workers=2, paths=None, symlink_install=False, test_result_base=None, verb_extension=<colcon_core.verb.build.BuildVerb object at 0x7fa0282f2730>, verb_name='build', verb_parser=<colcon_defaults.argument_parser.defaults.DefaultArgumentsDecorator object at 0x7fa0282f21f0>)
[2.261s] Level 1:colcon.colcon_core.package_discovery:discover_packages(colcon_meta) check parameters
[2.262s] Level 1:colcon.colcon_core.package_discovery:discover_packages(recursive) check parameters
[2.262s] Level 1:colcon.colcon_core.package_discovery:discover_packages(ignore) check parameters
[2.262s] Level 1:colcon.colcon_core.package_discovery:discover_packages(path) check parameters
[2.262s] Level 1:colcon.colcon_core.package_discovery:discover_packages(colcon_meta) discover
[2.262s] Level 1:colcon.colcon_core.package_discovery:discover_packages(recursive) discover
[2.262s] INFO:colcon.colcon_core.package_discovery:Crawling recursively for packages in '/home/faps/hand-gesture_ws'
[2.262s] Level 1:colcon.colcon_core.package_identification:_identify(.) by extensions ['ignore', 'ignore_ament_install']
[2.262s] Level 1:colcon.colcon_core.package_identification:_identify(.) by extension 'ignore'
[2.262s] Level 1:colcon.colcon_core.package_identification:_identify(.) by extension 'ignore_ament_install'
[2.262s] Level 1:colcon.colcon_core.package_identification:_identify(.) by extensions ['colcon_pkg']
[2.262s] Level 1:colcon.colcon_core.package_identification:_identify(.) by extension 'colcon_pkg'
[2.262s] Level 1:colcon.colcon_core.package_identification:_identify(.) by extensions ['colcon_meta']
[2.262s] Level 1:colcon.colcon_core.package_identification:_identify(.) by extension 'colcon_meta'
[2.262s] Level 1:colcon.colcon_core.package_identification:_identify(.) by extensions ['ros']
[2.262s] Level 1:colcon.colcon_core.package_identification:_identify(.) by extension 'ros'
[2.272s] Level 1:colcon.colcon_core.package_identification:_identify(.) by extensions ['cmake', 'python']
[2.272s] Level 1:colcon.colcon_core.package_identification:_identify(.) by extension 'cmake'
[2.272s] Level 1:colcon.colcon_core.package_identification:_identify(.) by extension 'python'
[2.272s] Level 1:colcon.colcon_core.package_identification:_identify(.) by extensions ['python_setup_py']
[2.272s] Level 1:colcon.colcon_core.package_identification:_identify(.) by extension 'python_setup_py'
[2.272s] Level 1:colcon.colcon_core.package_identification:_identify(build) by extensions ['ignore', 'ignore_ament_install']
[2.272s] Level 1:colcon.colcon_core.package_identification:_identify(build) by extension 'ignore'
[2.272s] Level 1:colcon.colcon_core.package_identification:_identify(build) ignored
[2.272s] Level 1:colcon.colcon_core.package_identification:_identify(install) by extensions ['ignore', 'ignore_ament_install']
[2.272s] Level 1:colcon.colcon_core.package_identification:_identify(install) by extension 'ignore'
[2.272s] Level 1:colcon.colcon_core.package_identification:_identify(install) ignored
[2.272s] Level 1:colcon.colcon_core.package_identification:_identify(log) by extensions ['ignore', 'ignore_ament_install']
[2.272s] Level 1:colcon.colcon_core.package_identification:_identify(log) by extension 'ignore'
[2.272s] Level 1:colcon.colcon_core.package_identification:_identify(log) ignored
[2.273s] Level 1:colcon.colcon_core.package_identification:_identify(src) by extensions ['ignore', 'ignore_ament_install']
[2.273s] Level 1:colcon.colcon_core.package_identification:_identify(src) by extension 'ignore'
[2.273s] Level 1:colcon.colcon_core.package_identification:_identify(src) by extension 'ignore_ament_install'
[2.273s] Level 1:colcon.colcon_core.package_identification:_identify(src) by extensions ['colcon_pkg']
[2.273s] Level 1:colcon.colcon_core.package_identification:_identify(src) by extension 'colcon_pkg'
[2.273s] Level 1:colcon.colcon_core.package_identification:_identify(src) by extensions ['colcon_meta']
[2.273s] Level 1:colcon.colcon_core.package_identification:_identify(src) by extension 'colcon_meta'
[2.273s] Level 1:colcon.colcon_core.package_identification:_identify(src) by extensions ['ros']
[2.273s] Level 1:colcon.colcon_core.package_identification:_identify(src) by extension 'ros'
[2.273s] Level 1:colcon.colcon_core.package_identification:_identify(src) by extensions ['cmake', 'python']
[2.273s] Level 1:colcon.colcon_core.package_identification:_identify(src) by extension 'cmake'
[2.273s] Level 1:colcon.colcon_core.package_identification:_identify(src) by extension 'python'
[2.273s] Level 1:colcon.colcon_core.package_identification:_identify(src) by extensions ['python_setup_py']
[2.273s] Level 1:colcon.colcon_core.package_identification:_identify(src) by extension 'python_setup_py'
[2.273s] Level 1:colcon.colcon_core.package_identification:_identify(src/hand_gesture_control) by extensions ['ignore', 'ignore_ament_install']
[2.273s] Level 1:colcon.colcon_core.package_identification:_identify(src/hand_gesture_control) by extension 'ignore'
[2.273s] Level 1:colcon.colcon_core.package_identification:_identify(src/hand_gesture_control) by extension 'ignore_ament_install'
[2.273s] Level 1:colcon.colcon_core.package_identification:_identify(src/hand_gesture_control) by extensions ['colcon_pkg']
[2.273s] Level 1:colcon.colcon_core.package_identification:_identify(src/hand_gesture_control) by extension 'colcon_pkg'
[2.273s] Level 1:colcon.colcon_core.package_identification:_identify(src/hand_gesture_control) by extensions ['colcon_meta']
[2.274s] Level 1:colcon.colcon_core.package_identification:_identify(src/hand_gesture_control) by extension 'colcon_meta'
[2.274s] Level 1:colcon.colcon_core.package_identification:_identify(src/hand_gesture_control) by extensions ['ros']
[2.274s] Level 1:colcon.colcon_core.package_identification:_identify(src/hand_gesture_control) by extension 'ros'
[2.276s] DEBUG:colcon.colcon_core.package_identification:Package 'src/hand_gesture_control' with type 'ros.ament_cmake' and name 'hand_gesture_control'
[2.276s] Level 1:colcon.colcon_core.package_identification:_identify(src/jetbot_navigation) by extensions ['ignore', 'ignore_ament_install']
[2.276s] Level 1:colcon.colcon_core.package_identification:_identify(src/jetbot_navigation) by extension 'ignore'
[2.276s] Level 1:colcon.colcon_core.package_identification:_identify(src/jetbot_navigation) by extension 'ignore_ament_install'
[2.276s] Level 1:colcon.colcon_core.package_identification:_identify(src/jetbot_navigation) by extensions ['colcon_pkg']
[2.276s] Level 1:colcon.colcon_core.package_identification:_identify(src/jetbot_navigation) by extension 'colcon_pkg'
[2.276s] Level 1:colcon.colcon_core.package_identification:_identify(src/jetbot_navigation) by extensions ['colcon_meta']
[2.276s] Level 1:colcon.colcon_core.package_identification:_identify(src/jetbot_navigation) by extension 'colcon_meta'
[2.276s] Level 1:colcon.colcon_core.package_identification:_identify(src/jetbot_navigation) by extensions ['ros']
[2.276s] Level 1:colcon.colcon_core.package_identification:_identify(src/jetbot_navigation) by extension 'ros'
[2.276s] DEBUG:colcon.colcon_core.package_identification:Package 'src/jetbot_navigation' with type 'ros.ament_python' and name 'jetbot_navigation'
[2.277s] Level 1:colcon.colcon_core.package_identification:_identify(src/jetbot_ros) by extensions ['ignore', 'ignore_ament_install']
[2.277s] Level 1:colcon.colcon_core.package_identification:_identify(src/jetbot_ros) by extension 'ignore'
[2.277s] Level 1:colcon.colcon_core.package_identification:_identify(src/jetbot_ros) by extension 'ignore_ament_install'
[2.277s] Level 1:colcon.colcon_core.package_identification:_identify(src/jetbot_ros) by extensions ['colcon_pkg']
[2.277s] Level 1:colcon.colcon_core.package_identification:_identify(src/jetbot_ros) by extension 'colcon_pkg'
[2.277s] Level 1:colcon.colcon_core.package_identification:_identify(src/jetbot_ros) by extensions ['colcon_meta']
[2.277s] Level 1:colcon.colcon_core.package_identification:_identify(src/jetbot_ros) by extension 'colcon_meta'
[2.277s] Level 1:colcon.colcon_core.package_identification:_identify(src/jetbot_ros) by extensions ['ros']
[2.277s] Level 1:colcon.colcon_core.package_identification:_identify(src/jetbot_ros) by extension 'ros'
[2.277s] DEBUG:colcon.colcon_core.package_identification:Package 'src/jetbot_ros' with type 'ros.ament_python' and name 'jetbot_ros'
[2.277s] Level 1:colcon.colcon_core.package_identification:_identify(src/robot_control) by extensions ['ignore', 'ignore_ament_install']
[2.277s] Level 1:colcon.colcon_core.package_identification:_identify(src/robot_control) by extension 'ignore'
[2.278s] Level 1:colcon.colcon_core.package_identification:_identify(src/robot_control) by extension 'ignore_ament_install'
[2.278s] Level 1:colcon.colcon_core.package_identification:_identify(src/robot_control) by extensions ['colcon_pkg']
[2.278s] Level 1:colcon.colcon_core.package_identification:_identify(src/robot_control) by extension 'colcon_pkg'
[2.278s] Level 1:colcon.colcon_core.package_identification:_identify(src/robot_control) by extensions ['colcon_meta']
[2.278s] Level 1:colcon.colcon_core.package_identification:_identify(src/robot_control) by extension 'colcon_meta'
[2.278s] Level 1:colcon.colcon_core.package_identification:_identify(src/robot_control) by extensions ['ros']
[2.278s] Level 1:colcon.colcon_core.package_identification:_identify(src/robot_control) by extension 'ros'
[2.278s] DEBUG:colcon.colcon_core.package_identification:Package 'src/robot_control' with type 'ros.ament_cmake' and name 'robot_control'
[2.278s] Level 1:colcon.colcon_core.package_identification:_identify(src/robot_description) by extensions ['ignore', 'ignore_ament_install']
[2.278s] Level 1:colcon.colcon_core.package_identification:_identify(src/robot_description) by extension 'ignore'
[2.278s] Level 1:colcon.colcon_core.package_identification:_identify(src/robot_description) by extension 'ignore_ament_install'
[2.278s] Level 1:colcon.colcon_core.package_identification:_identify(src/robot_description) by extensions ['colcon_pkg']
[2.278s] Level 1:colcon.colcon_core.package_identification:_identify(src/robot_description) by extension 'colcon_pkg'
[2.279s] Level 1:colcon.colcon_core.package_identification:_identify(src/robot_description) by extensions ['colcon_meta']
[2.279s] Level 1:colcon.colcon_core.package_identification:_identify(src/robot_description) by extension 'colcon_meta'
[2.279s] Level 1:colcon.colcon_core.package_identification:_identify(src/robot_description) by extensions ['ros']
[2.279s] Level 1:colcon.colcon_core.package_identification:_identify(src/robot_description) by extension 'ros'
[2.279s] DEBUG:colcon.colcon_core.package_identification:Package 'src/robot_description' with type 'ros.ament_cmake' and name 'robot_description'
[2.279s] Level 1:colcon.colcon_core.package_discovery:discover_packages(recursive) using defaults
[2.279s] Level 1:colcon.colcon_core.package_discovery:discover_packages(ignore) discover
[2.279s] Level 1:colcon.colcon_core.package_discovery:discover_packages(ignore) using defaults
[2.279s] Level 1:colcon.colcon_core.package_discovery:discover_packages(path) discover
[2.279s] Level 1:colcon.colcon_core.package_discovery:discover_packages(path) using defaults
[2.500s] Level 1:colcon.colcon_core.package_discovery:discover_packages(prefix_path) check parameters
[2.500s] Level 1:colcon.colcon_core.package_discovery:discover_packages(prefix_path) discover
[2.572s] DEBUG:colcon.colcon_installed_package_information.package_discovery:Found 5 installed packages in /home/faps/hand-gesture_ws/install
[2.609s] DEBUG:colcon.colcon_installed_package_information.package_discovery:Found 304 installed packages in /opt/ros/foxy
[2.611s] Level 1:colcon.colcon_core.package_discovery:discover_packages(prefix_path) using defaults
[2.748s] Level 5:colcon.colcon_core.verb:set package 'hand_gesture_control' build argument 'cmake_args' from command line to 'None'
[2.748s] Level 5:colcon.colcon_core.verb:set package 'hand_gesture_control' build argument 'cmake_target' from command line to 'None'
[2.748s] Level 5:colcon.colcon_core.verb:set package 'hand_gesture_control' build argument 'cmake_target_skip_unavailable' from command line to 'False'
[2.748s] Level 5:colcon.colcon_core.verb:set package 'hand_gesture_control' build argument 'cmake_clean_cache' from command line to 'False'
[2.748s] Level 5:colcon.colcon_core.verb:set package 'hand_gesture_control' build argument 'cmake_clean_first' from command line to 'False'
[2.748s] Level 5:colcon.colcon_core.verb:set package 'hand_gesture_control' build argument 'cmake_force_configure' from command line to 'False'
[2.748s] Level 5:colcon.colcon_core.verb:set package 'hand_gesture_control' build argument 'ament_cmake_args' from command line to 'None'
[2.748s] Level 5:colcon.colcon_core.verb:set package 'hand_gesture_control' build argument 'catkin_cmake_args' from command line to 'None'
[2.749s] Level 5:colcon.colcon_core.verb:set package 'hand_gesture_control' build argument 'catkin_skip_building_tests' from command line to 'False'
[2.749s] DEBUG:colcon.colcon_core.verb:Building package 'hand_gesture_control' with the following arguments: {'ament_cmake_args': None, 'build_base': '/home/faps/hand-gesture_ws/build/hand_gesture_control', 'catkin_cmake_args': None, 'catkin_skip_building_tests': False, 'cmake_args': None, 'cmake_clean_cache': False, 'cmake_clean_first': False, 'cmake_force_configure': False, 'cmake_target': None, 'cmake_target_skip_unavailable': False, 'install_base': '/home/faps/hand-gesture_ws/install/hand_gesture_control', 'merge_install': False, 'path': '/home/faps/hand-gesture_ws/src/hand_gesture_control', 'symlink_install': False, 'test_result_base': None}
[2.798s] Level 5:colcon.colcon_core.verb:set package 'jetbot_navigation' build argument 'cmake_args' from command line to 'None'
[2.798s] Level 5:colcon.colcon_core.verb:set package 'jetbot_navigation' build argument 'cmake_target' from command line to 'None'
[2.799s] Level 5:colcon.colcon_core.verb:set package 'jetbot_navigation' build argument 'cmake_target_skip_unavailable' from command line to 'False'
[2.799s] Level 5:colcon.colcon_core.verb:set package 'jetbot_navigation' build argument 'cmake_clean_cache' from command line to 'False'
[2.799s] Level 5:colcon.colcon_core.verb:set package 'jetbot_navigation' build argument 'cmake_clean_first' from command line to 'False'
[2.799s] Level 5:colcon.colcon_core.verb:set package 'jetbot_navigation' build argument 'cmake_force_configure' from command line to 'False'
[2.799s] Level 5:colcon.colcon_core.verb:set package 'jetbot_navigation' build argument 'ament_cmake_args' from command line to 'None'
[2.799s] Level 5:colcon.colcon_core.verb:set package 'jetbot_navigation' build argument 'catkin_cmake_args' from command line to 'None'
[2.799s] Level 5:colcon.colcon_core.verb:set package 'jetbot_navigation' build argument 'catkin_skip_building_tests' from command line to 'False'
[2.799s] DEBUG:colcon.colcon_core.verb:Building package 'jetbot_navigation' with the following arguments: {'ament_cmake_args': None, 'build_base': '/home/faps/hand-gesture_ws/build/jetbot_navigation', 'catkin_cmake_args': None, 'catkin_skip_building_tests': False, 'cmake_args': None, 'cmake_clean_cache': False, 'cmake_clean_first': False, 'cmake_force_configure': False, 'cmake_target': None, 'cmake_target_skip_unavailable': False, 'install_base': '/home/faps/hand-gesture_ws/install/jetbot_navigation', 'merge_install': False, 'path': '/home/faps/hand-gesture_ws/src/jetbot_navigation', 'symlink_install': False, 'test_result_base': None}
[2.834s] Level 5:colcon.colcon_core.verb:set package 'jetbot_ros' build argument 'cmake_args' from command line to 'None'
[2.834s] Level 5:colcon.colcon_core.verb:set package 'jetbot_ros' build argument 'cmake_target' from command line to 'None'
[2.834s] Level 5:colcon.colcon_core.verb:set package 'jetbot_ros' build argument 'cmake_target_skip_unavailable' from command line to 'False'
[2.834s] Level 5:colcon.colcon_core.verb:set package 'jetbot_ros' build argument 'cmake_clean_cache' from command line to 'False'
[2.835s] Level 5:colcon.colcon_core.verb:set package 'jetbot_ros' build argument 'cmake_clean_first' from command line to 'False'
[2.835s] Level 5:colcon.colcon_core.verb:set package 'jetbot_ros' build argument 'cmake_force_configure' from command line to 'False'
[2.835s] Level 5:colcon.colcon_core.verb:set package 'jetbot_ros' build argument 'ament_cmake_args' from command line to 'None'
[2.835s] Level 5:colcon.colcon_core.verb:set package 'jetbot_ros' build argument 'catkin_cmake_args' from command line to 'None'
[2.835s] Level 5:colcon.colcon_core.verb:set package 'jetbot_ros' build argument 'catkin_skip_building_tests' from command line to 'False'
[2.835s] DEBUG:colcon.colcon_core.verb:Building package 'jetbot_ros' with the following arguments: {'ament_cmake_args': None, 'build_base': '/home/faps/hand-gesture_ws/build/jetbot_ros', 'catkin_cmake_args': None, 'catkin_skip_building_tests': False, 'cmake_args': None, 'cmake_clean_cache': False, 'cmake_clean_first': False, 'cmake_force_configure': False, 'cmake_target': None, 'cmake_target_skip_unavailable': False, 'install_base': '/home/faps/hand-gesture_ws/install/jetbot_ros', 'merge_install': False, 'path': '/home/faps/hand-gesture_ws/src/jetbot_ros', 'symlink_install': False, 'test_result_base': None}
[2.871s] Level 5:colcon.colcon_core.verb:set package 'robot_control' build argument 'cmake_args' from command line to 'None'
[2.871s] Level 5:colcon.colcon_core.verb:set package 'robot_control' build argument 'cmake_target' from command line to 'None'
[2.872s] Level 5:colcon.colcon_core.verb:set package 'robot_control' build argument 'cmake_target_skip_unavailable' from command line to 'False'
[2.872s] Level 5:colcon.colcon_core.verb:set package 'robot_control' build argument 'cmake_clean_cache' from command line to 'False'
[2.872s] Level 5:colcon.colcon_core.verb:set package 'robot_control' build argument 'cmake_clean_first' from command line to 'False'
[2.872s] Level 5:colcon.colcon_core.verb:set package 'robot_control' build argument 'cmake_force_configure' from command line to 'False'
[2.872s] Level 5:colcon.colcon_core.verb:set package 'robot_control' build argument 'ament_cmake_args' from command line to 'None'
[2.872s] Level 5:colcon.colcon_core.verb:set package 'robot_control' build argument 'catkin_cmake_args' from command line to 'None'
[2.872s] Level 5:colcon.colcon_core.verb:set package 'robot_control' build argument 'catkin_skip_building_tests' from command line to 'False'
[2.872s] DEBUG:colcon.colcon_core.verb:Building package 'robot_control' with the following arguments: {'ament_cmake_args': None, 'build_base': '/home/faps/hand-gesture_ws/build/robot_control', 'catkin_cmake_args': None, 'catkin_skip_building_tests': False, 'cmake_args': None, 'cmake_clean_cache': False, 'cmake_clean_first': False, 'cmake_force_configure': False, 'cmake_target': None, 'cmake_target_skip_unavailable': False, 'install_base': '/home/faps/hand-gesture_ws/install/robot_control', 'merge_install': False, 'path': '/home/faps/hand-gesture_ws/src/robot_control', 'symlink_install': False, 'test_result_base': None}
[2.907s] Level 5:colcon.colcon_core.verb:set package 'robot_description' build argument 'cmake_args' from command line to 'None'
[2.907s] Level 5:colcon.colcon_core.verb:set package 'robot_description' build argument 'cmake_target' from command line to 'None'
[2.907s] Level 5:colcon.colcon_core.verb:set package 'robot_description' build argument 'cmake_target_skip_unavailable' from command line to 'False'
[2.907s] Level 5:colcon.colcon_core.verb:set package 'robot_description' build argument 'cmake_clean_cache' from command line to 'False'
[2.907s] Level 5:colcon.colcon_core.verb:set package 'robot_description' build argument 'cmake_clean_first' from command line to 'False'
[2.907s] Level 5:colcon.colcon_core.verb:set package 'robot_description' build argument 'cmake_force_configure' from command line to 'False'
[2.907s] Level 5:colcon.colcon_core.verb:set package 'robot_description' build argument 'ament_cmake_args' from command line to 'None'
[2.907s] Level 5:colcon.colcon_core.verb:set package 'robot_description' build argument 'catkin_cmake_args' from command line to 'None'
[2.907s] Level 5:colcon.colcon_core.verb:set package 'robot_description' build argument 'catkin_skip_building_tests' from command line to 'False'
[2.907s] DEBUG:colcon.colcon_core.verb:Building package 'robot_description' with the following arguments: {'ament_cmake_args': None, 'build_base': '/home/faps/hand-gesture_ws/build/robot_description', 'catkin_cmake_args': None, 'catkin_skip_building_tests': False, 'cmake_args': None, 'cmake_clean_cache': False, 'cmake_clean_first': False, 'cmake_force_configure': False, 'cmake_target': None, 'cmake_target_skip_unavailable': False, 'install_base': '/home/faps/hand-gesture_ws/install/robot_description', 'merge_install': False, 'path': '/home/faps/hand-gesture_ws/src/robot_description', 'symlink_install': False, 'test_result_base': None}
[2.943s] INFO:colcon.colcon_core.executor:Executing jobs using 'parallel' executor
[2.981s] DEBUG:colcon.colcon_parallel_executor.executor.parallel:run_until_complete
[2.981s] INFO:colcon.colcon_ros.task.ament_cmake.build:Building ROS package in '/home/faps/hand-gesture_ws/src/hand_gesture_control' with build type 'ament_cmake'
[2.982s] INFO:colcon.colcon_cmake.task.cmake.build:Building CMake package in '/home/faps/hand-gesture_ws/src/hand_gesture_control'
[3.030s] INFO:colcon.colcon_core.plugin_system:Skipping extension 'colcon_core.shell.bat': Not used on non-Windows systems
[3.030s] INFO:colcon.colcon_core.shell:Skip shell extension 'powershell' for command environment: Not usable outside of PowerShell
[3.030s] DEBUG:colcon.colcon_core.shell:Skip shell extension 'dsv' for command environment
[3.153s] INFO:colcon.colcon_ros.task.ament_python.build:Building ROS package in '/home/faps/hand-gesture_ws/src/jetbot_navigation' with build type 'ament_python'
[3.153s] Level 1:colcon.colcon_core.shell:create_environment_hook('jetbot_navigation', 'ament_prefix_path')
[3.198s] INFO:colcon.colcon_core.shell:Creating environment hook '/home/faps/hand-gesture_ws/install/jetbot_navigation/share/jetbot_navigation/hook/ament_prefix_path.ps1'
[3.199s] INFO:colcon.colcon_core.shell:Creating environment descriptor '/home/faps/hand-gesture_ws/install/jetbot_navigation/share/jetbot_navigation/hook/ament_prefix_path.dsv'
[3.200s] INFO:colcon.colcon_core.shell:Creating environment hook '/home/faps/hand-gesture_ws/install/jetbot_navigation/share/jetbot_navigation/hook/ament_prefix_path.sh'
[3.242s] INFO:colcon.colcon_core.shell:Skip shell extension 'powershell' for command environment: Not usable outside of PowerShell
[3.242s] DEBUG:colcon.colcon_core.shell:Skip shell extension 'dsv' for command environment
[3.364s] DEBUG:colcon.colcon_core.event_handler.log_command:Invoking command in '/home/faps/hand-gesture_ws/build/hand_gesture_control': CMAKE_PREFIX_PATH=${CMAKE_PREFIX_PATH}:/home/faps/hand-gesture_ws/install/jetbot_ros:/home/faps/hand-gesture_ws/install/jetbot_navigation:/opt/ros/foxy /usr/bin/cmake --build /home/faps/hand-gesture_ws/build/hand_gesture_control -- -j2 -l2
[3.619s] INFO:colcon.colcon_core.task.python.build:Building Python package in '/home/faps/hand-gesture_ws/src/jetbot_navigation'
[3.662s] INFO:colcon.colcon_core.shell:Skip shell extension 'powershell' for command environment: Not usable outside of PowerShell
[3.662s] DEBUG:colcon.colcon_core.shell:Skip shell extension 'dsv' for command environment
[3.781s] DEBUG:colcon.colcon_core.event_handler.log_command:Invoked command in '/home/faps/hand-gesture_ws/build/hand_gesture_control' returned '0': CMAKE_PREFIX_PATH=${CMAKE_PREFIX_PATH}:/home/faps/hand-gesture_ws/install/jetbot_ros:/home/faps/hand-gesture_ws/install/jetbot_navigation:/opt/ros/foxy /usr/bin/cmake --build /home/faps/hand-gesture_ws/build/hand_gesture_control -- -j2 -l2
[3.829s] DEBUG:colcon.colcon_core.event_handler.log_command:Invoking command in '/home/faps/hand-gesture_ws/build/hand_gesture_control': CMAKE_PREFIX_PATH=${CMAKE_PREFIX_PATH}:/home/faps/hand-gesture_ws/install/jetbot_ros:/home/faps/hand-gesture_ws/install/jetbot_navigation:/opt/ros/foxy /usr/bin/cmake --install /home/faps/hand-gesture_ws/build/hand_gesture_control
[3.846s] Level 1:colcon.colcon_core.environment:create_environment_scripts_only(hand_gesture_control)
[3.846s] DEBUG:colcon.colcon_core.event_handler.log_command:Invoked command in '/home/faps/hand-gesture_ws/build/hand_gesture_control' returned '0': CMAKE_PREFIX_PATH=${CMAKE_PREFIX_PATH}:/home/faps/hand-gesture_ws/install/jetbot_ros:/home/faps/hand-gesture_ws/install/jetbot_navigation:/opt/ros/foxy /usr/bin/cmake --install /home/faps/hand-gesture_ws/build/hand_gesture_control
[3.901s] Level 1:colcon.colcon_core.environment:checking '/home/faps/hand-gesture_ws/install/hand_gesture_control' for CMake module files
[3.902s] Level 1:colcon.colcon_core.environment:checking '/home/faps/hand-gesture_ws/install/hand_gesture_control' for CMake config files
[3.903s] Level 1:colcon.colcon_core.shell:create_environment_hook('hand_gesture_control', 'cmake_prefix_path')
[3.954s] INFO:colcon.colcon_core.shell:Creating environment hook '/home/faps/hand-gesture_ws/install/hand_gesture_control/share/hand_gesture_control/hook/cmake_prefix_path.ps1'
[3.955s] INFO:colcon.colcon_core.shell:Creating environment descriptor '/home/faps/hand-gesture_ws/install/hand_gesture_control/share/hand_gesture_control/hook/cmake_prefix_path.dsv'
[3.955s] INFO:colcon.colcon_core.shell:Creating environment hook '/home/faps/hand-gesture_ws/install/hand_gesture_control/share/hand_gesture_control/hook/cmake_prefix_path.sh'
[3.956s] Level 1:colcon.colcon_core.environment:checking '/home/faps/hand-gesture_ws/install/hand_gesture_control/lib'
[3.956s] Level 1:colcon.colcon_core.environment:checking '/home/faps/hand-gesture_ws/install/hand_gesture_control/bin'
[3.956s] Level 1:colcon.colcon_core.environment:checking '/home/faps/hand-gesture_ws/install/hand_gesture_control/lib/pkgconfig/hand_gesture_control.pc'
[3.957s] Level 1:colcon.colcon_core.environment:checking '/home/faps/hand-gesture_ws/install/hand_gesture_control/lib/python3.8/site-packages'
[3.957s] Level 1:colcon.colcon_core.environment:checking '/home/faps/hand-gesture_ws/install/hand_gesture_control/bin'
[4.002s] INFO:colcon.colcon_core.shell:Creating package script '/home/faps/hand-gesture_ws/install/hand_gesture_control/share/hand_gesture_control/package.ps1'
[4.003s] INFO:colcon.colcon_core.shell:Creating package descriptor '/home/faps/hand-gesture_ws/install/hand_gesture_control/share/hand_gesture_control/package.dsv'
[4.003s] INFO:colcon.colcon_core.shell:Creating package script '/home/faps/hand-gesture_ws/install/hand_gesture_control/share/hand_gesture_control/package.sh'
[4.004s] INFO:colcon.colcon_core.shell:Creating package script '/home/faps/hand-gesture_ws/install/hand_gesture_control/share/hand_gesture_control/package.bash'
[4.005s] INFO:colcon.colcon_core.shell:Creating package script '/home/faps/hand-gesture_ws/install/hand_gesture_control/share/hand_gesture_control/package.zsh'
[4.006s] Level 1:colcon.colcon_core.environment:create_file_with_runtime_dependencies(/home/faps/hand-gesture_ws/install/hand_gesture_control/share/colcon-core/packages/hand_gesture_control)
[4.088s] Level 1:colcon.colcon_core.environment:create_environment_scripts_only(hand_gesture_control)
[4.127s] Level 1:colcon.colcon_core.environment:checking '/home/faps/hand-gesture_ws/install/hand_gesture_control' for CMake module files
[4.128s] Level 1:colcon.colcon_core.environment:checking '/home/faps/hand-gesture_ws/install/hand_gesture_control' for CMake config files
[4.128s] Level 1:colcon.colcon_core.shell:create_environment_hook('hand_gesture_control', 'cmake_prefix_path')
[4.175s] INFO:colcon.colcon_core.shell:Creating environment hook '/home/faps/hand-gesture_ws/install/hand_gesture_control/share/hand_gesture_control/hook/cmake_prefix_path.ps1'
[4.176s] INFO:colcon.colcon_core.shell:Creating environment descriptor '/home/faps/hand-gesture_ws/install/hand_gesture_control/share/hand_gesture_control/hook/cmake_prefix_path.dsv'
[4.176s] INFO:colcon.colcon_core.shell:Creating environment hook '/home/faps/hand-gesture_ws/install/hand_gesture_control/share/hand_gesture_control/hook/cmake_prefix_path.sh'
[4.177s] Level 1:colcon.colcon_core.environment:checking '/home/faps/hand-gesture_ws/install/hand_gesture_control/lib'
[4.177s] Level 1:colcon.colcon_core.environment:checking '/home/faps/hand-gesture_ws/install/hand_gesture_control/bin'
[4.177s] Level 1:colcon.colcon_core.environment:checking '/home/faps/hand-gesture_ws/install/hand_gesture_control/lib/pkgconfig/hand_gesture_control.pc'
[4.177s] Level 1:colcon.colcon_core.environment:checking '/home/faps/hand-gesture_ws/install/hand_gesture_control/lib/python3.8/site-packages'
[4.178s] Level 1:colcon.colcon_core.environment:checking '/home/faps/hand-gesture_ws/install/hand_gesture_control/bin'
[4.227s] INFO:colcon.colcon_core.shell:Creating package script '/home/faps/hand-gesture_ws/install/hand_gesture_control/share/hand_gesture_control/package.ps1'
[4.228s] INFO:colcon.colcon_core.shell:Creating package descriptor '/home/faps/hand-gesture_ws/install/hand_gesture_control/share/hand_gesture_control/package.dsv'
[4.229s] INFO:colcon.colcon_core.shell:Creating package script '/home/faps/hand-gesture_ws/install/hand_gesture_control/share/hand_gesture_control/package.sh'
[4.229s] INFO:colcon.colcon_core.shell:Creating package script '/home/faps/hand-gesture_ws/install/hand_gesture_control/share/hand_gesture_control/package.bash'
[4.230s] INFO:colcon.colcon_core.shell:Creating package script '/home/faps/hand-gesture_ws/install/hand_gesture_control/share/hand_gesture_control/package.zsh'
[4.230s] Level 1:colcon.colcon_core.environment:create_file_with_runtime_dependencies(/home/faps/hand-gesture_ws/install/hand_gesture_control/share/colcon-core/packages/hand_gesture_control)
[4.231s] INFO:colcon.colcon_ros.task.ament_python.build:Building ROS package in '/home/faps/hand-gesture_ws/src/jetbot_ros' with build type 'ament_python'
[4.231s] Level 1:colcon.colcon_core.shell:create_environment_hook('jetbot_ros', 'ament_prefix_path')
[4.279s] INFO:colcon.colcon_core.shell:Creating environment hook '/home/faps/hand-gesture_ws/install/jetbot_ros/share/jetbot_ros/hook/ament_prefix_path.ps1'
[4.279s] INFO:colcon.colcon_core.shell:Creating environment descriptor '/home/faps/hand-gesture_ws/install/jetbot_ros/share/jetbot_ros/hook/ament_prefix_path.dsv'
[4.280s] INFO:colcon.colcon_core.shell:Creating environment hook '/home/faps/hand-gesture_ws/install/jetbot_ros/share/jetbot_ros/hook/ament_prefix_path.sh'
[4.326s] INFO:colcon.colcon_core.shell:Skip shell extension 'powershell' for command environment: Not usable outside of PowerShell
[4.326s] DEBUG:colcon.colcon_core.shell:Skip shell extension 'dsv' for command environment
[4.470s] DEBUG:colcon.colcon_core.event_handler.log_command:Invoking command in '/home/faps/hand-gesture_ws/src/jetbot_navigation': PYTHONPATH=/home/faps/hand-gesture_ws/build/jetbot_navigation/prefix_override:/home/faps/hand-gesture_ws/install/jetbot_navigation/lib/python3.8/site-packages:${PYTHONPATH} /usr/bin/python3 setup.py egg_info --egg-base ../../build/jetbot_navigation build --build-base /home/faps/hand-gesture_ws/build/jetbot_navigation/build install --record /home/faps/hand-gesture_ws/build/jetbot_navigation/install.log --install-scripts $base/lib/jetbot_navigation --single-version-externally-managed
[4.716s] INFO:colcon.colcon_core.task.python.build:Building Python package in '/home/faps/hand-gesture_ws/src/jetbot_ros'
[4.781s] INFO:colcon.colcon_core.shell:Skip shell extension 'powershell' for command environment: Not usable outside of PowerShell
[4.782s] DEBUG:colcon.colcon_core.shell:Skip shell extension 'dsv' for command environment
[4.927s] DEBUG:colcon.colcon_core.event_handler.log_command:Invoked command in '/home/faps/hand-gesture_ws/src/jetbot_navigation' returned '0': PYTHONPATH=/home/faps/hand-gesture_ws/build/jetbot_navigation/prefix_override:/home/faps/hand-gesture_ws/install/jetbot_navigation/lib/python3.8/site-packages:${PYTHONPATH} /usr/bin/python3 setup.py egg_info --egg-base ../../build/jetbot_navigation build --build-base /home/faps/hand-gesture_ws/build/jetbot_navigation/build install --record /home/faps/hand-gesture_ws/build/jetbot_navigation/install.log --install-scripts $base/lib/jetbot_navigation --single-version-externally-managed
[4.968s] Level 1:colcon.colcon_core.environment:checking '/home/faps/hand-gesture_ws/install/jetbot_navigation' for CMake module files
[4.969s] Level 1:colcon.colcon_core.environment:checking '/home/faps/hand-gesture_ws/install/jetbot_navigation' for CMake config files
[4.969s] Level 1:colcon.colcon_core.environment:checking '/home/faps/hand-gesture_ws/install/jetbot_navigation/lib'
[4.969s] Level 1:colcon.colcon_core.environment:checking '/home/faps/hand-gesture_ws/install/jetbot_navigation/bin'
[4.969s] Level 1:colcon.colcon_core.environment:checking '/home/faps/hand-gesture_ws/install/jetbot_navigation/lib/pkgconfig/jetbot_navigation.pc'
[4.970s] Level 1:colcon.colcon_core.environment:checking '/home/faps/hand-gesture_ws/install/jetbot_navigation/lib/python3.8/site-packages'
[4.970s] Level 1:colcon.colcon_core.shell:create_environment_hook('jetbot_navigation', 'pythonpath')
[5.007s] INFO:colcon.colcon_core.shell:Creating environment hook '/home/faps/hand-gesture_ws/install/jetbot_navigation/share/jetbot_navigation/hook/pythonpath.ps1'
[5.008s] INFO:colcon.colcon_core.shell:Creating environment descriptor '/home/faps/hand-gesture_ws/install/jetbot_navigation/share/jetbot_navigation/hook/pythonpath.dsv'
[5.008s] INFO:colcon.colcon_core.shell:Creating environment hook '/home/faps/hand-gesture_ws/install/jetbot_navigation/share/jetbot_navigation/hook/pythonpath.sh'
[5.009s] Level 1:colcon.colcon_core.environment:checking '/home/faps/hand-gesture_ws/install/jetbot_navigation/bin'
[5.009s] Level 1:colcon.colcon_core.environment:create_environment_scripts_only(jetbot_navigation)
[5.050s] INFO:colcon.colcon_core.shell:Creating package script '/home/faps/hand-gesture_ws/install/jetbot_navigation/share/jetbot_navigation/package.ps1'
[5.050s] INFO:colcon.colcon_core.shell:Creating package descriptor '/home/faps/hand-gesture_ws/install/jetbot_navigation/share/jetbot_navigation/package.dsv'
[5.051s] INFO:colcon.colcon_core.shell:Creating package script '/home/faps/hand-gesture_ws/install/jetbot_navigation/share/jetbot_navigation/package.sh'
[5.051s] INFO:colcon.colcon_core.shell:Creating package script '/home/faps/hand-gesture_ws/install/jetbot_navigation/share/jetbot_navigation/package.bash'
[5.052s] INFO:colcon.colcon_core.shell:Creating package script '/home/faps/hand-gesture_ws/install/jetbot_navigation/share/jetbot_navigation/package.zsh'
[5.052s] Level 1:colcon.colcon_core.environment:create_file_with_runtime_dependencies(/home/faps/hand-gesture_ws/install/jetbot_navigation/share/colcon-core/packages/jetbot_navigation)
[5.053s] INFO:colcon.colcon_ros.task.ament_cmake.build:Building ROS package in '/home/faps/hand-gesture_ws/src/robot_control' with build type 'ament_cmake'
[5.053s] INFO:colcon.colcon_cmake.task.cmake.build:Building CMake package in '/home/faps/hand-gesture_ws/src/robot_control'
[5.104s] INFO:colcon.colcon_core.shell:Skip shell extension 'powershell' for command environment: Not usable outside of PowerShell
[5.104s] DEBUG:colcon.colcon_core.shell:Skip shell extension 'dsv' for command environment
[5.244s] DEBUG:colcon.colcon_core.event_handler.log_command:Invoking command in '/home/faps/hand-gesture_ws/build/robot_control': CMAKE_PREFIX_PATH=${CMAKE_PREFIX_PATH}:/home/faps/hand-gesture_ws/install/jetbot_ros:/home/faps/hand-gesture_ws/install/jetbot_navigation:/opt/ros/foxy /usr/bin/cmake --build /home/faps/hand-gesture_ws/build/robot_control -- -j2 -l2
[5.301s] DEBUG:colcon.colcon_core.event_handler.log_command:Invoked command in '/home/faps/hand-gesture_ws/build/robot_control' returned '0': CMAKE_PREFIX_PATH=${CMAKE_PREFIX_PATH}:/home/faps/hand-gesture_ws/install/jetbot_ros:/home/faps/hand-gesture_ws/install/jetbot_navigation:/opt/ros/foxy /usr/bin/cmake --build /home/faps/hand-gesture_ws/build/robot_control -- -j2 -l2
[5.339s] DEBUG:colcon.colcon_core.event_handler.log_command:Invoking command in '/home/faps/hand-gesture_ws/build/robot_control': CMAKE_PREFIX_PATH=${CMAKE_PREFIX_PATH}:/home/faps/hand-gesture_ws/install/jetbot_ros:/home/faps/hand-gesture_ws/install/jetbot_navigation:/opt/ros/foxy /usr/bin/cmake --install /home/faps/hand-gesture_ws/build/robot_control
[5.358s] Level 1:colcon.colcon_core.environment:create_environment_scripts_only(robot_control)
[5.358s] DEBUG:colcon.colcon_core.event_handler.log_command:Invoked command in '/home/faps/hand-gesture_ws/build/robot_control' returned '0': CMAKE_PREFIX_PATH=${CMAKE_PREFIX_PATH}:/home/faps/hand-gesture_ws/install/jetbot_ros:/home/faps/hand-gesture_ws/install/jetbot_navigation:/opt/ros/foxy /usr/bin/cmake --install /home/faps/hand-gesture_ws/build/robot_control
[5.411s] Level 1:colcon.colcon_core.environment:checking '/home/faps/hand-gesture_ws/install/robot_control' for CMake module files
[5.412s] Level 1:colcon.colcon_core.environment:checking '/home/faps/hand-gesture_ws/install/robot_control' for CMake config files
[5.412s] Level 1:colcon.colcon_core.shell:create_environment_hook('robot_control', 'cmake_prefix_path')
[5.457s] INFO:colcon.colcon_core.shell:Creating environment hook '/home/faps/hand-gesture_ws/install/robot_control/share/robot_control/hook/cmake_prefix_path.ps1'
[5.458s] INFO:colcon.colcon_core.shell:Creating environment descriptor '/home/faps/hand-gesture_ws/install/robot_control/share/robot_control/hook/cmake_prefix_path.dsv'
[5.458s] INFO:colcon.colcon_core.shell:Creating environment hook '/home/faps/hand-gesture_ws/install/robot_control/share/robot_control/hook/cmake_prefix_path.sh'
[5.459s] Level 1:colcon.colcon_core.environment:checking '/home/faps/hand-gesture_ws/install/robot_control/lib'
[5.459s] Level 1:colcon.colcon_core.environment:checking '/home/faps/hand-gesture_ws/install/robot_control/bin'
[5.459s] Level 1:colcon.colcon_core.environment:checking '/home/faps/hand-gesture_ws/install/robot_control/lib/pkgconfig/robot_control.pc'
[5.459s] Level 1:colcon.colcon_core.environment:checking '/home/faps/hand-gesture_ws/install/robot_control/lib/python3.8/site-packages'
[5.459s] Level 1:colcon.colcon_core.environment:checking '/home/faps/hand-gesture_ws/install/robot_control/bin'
[5.509s] INFO:colcon.colcon_core.shell:Creating package script '/home/faps/hand-gesture_ws/install/robot_control/share/robot_control/package.ps1'
[5.509s] INFO:colcon.colcon_core.shell:Creating package descriptor '/home/faps/hand-gesture_ws/install/robot_control/share/robot_control/package.dsv'
[5.510s] INFO:colcon.colcon_core.shell:Creating package script '/home/faps/hand-gesture_ws/install/robot_control/share/robot_control/package.sh'
[5.510s] INFO:colcon.colcon_core.shell:Creating package script '/home/faps/hand-gesture_ws/install/robot_control/share/robot_control/package.bash'
[5.510s] INFO:colcon.colcon_core.shell:Creating package script '/home/faps/hand-gesture_ws/install/robot_control/share/robot_control/package.zsh'
[5.511s] Level 1:colcon.colcon_core.environment:create_file_with_runtime_dependencies(/home/faps/hand-gesture_ws/install/robot_control/share/colcon-core/packages/robot_control)
[5.588s] Level 1:colcon.colcon_core.environment:create_environment_scripts_only(robot_control)
[5.642s] Level 1:colcon.colcon_core.environment:checking '/home/faps/hand-gesture_ws/install/robot_control' for CMake module files
[5.643s] Level 1:colcon.colcon_core.environment:checking '/home/faps/hand-gesture_ws/install/robot_control' for CMake config files
[5.644s] Level 1:colcon.colcon_core.shell:create_environment_hook('robot_control', 'cmake_prefix_path')
[5.700s] INFO:colcon.colcon_core.shell:Creating environment hook '/home/faps/hand-gesture_ws/install/robot_control/share/robot_control/hook/cmake_prefix_path.ps1'
[5.701s] INFO:colcon.colcon_core.shell:Creating environment descriptor '/home/faps/hand-gesture_ws/install/robot_control/share/robot_control/hook/cmake_prefix_path.dsv'
[5.701s] INFO:colcon.colcon_core.shell:Creating environment hook '/home/faps/hand-gesture_ws/install/robot_control/share/robot_control/hook/cmake_prefix_path.sh'
[5.702s] Level 1:colcon.colcon_core.environment:checking '/home/faps/hand-gesture_ws/install/robot_control/lib'
[5.702s] Level 1:colcon.colcon_core.environment:checking '/home/faps/hand-gesture_ws/install/robot_control/bin'
[5.702s] Level 1:colcon.colcon_core.environment:checking '/home/faps/hand-gesture_ws/install/robot_control/lib/pkgconfig/robot_control.pc'
[5.702s] Level 1:colcon.colcon_core.environment:checking '/home/faps/hand-gesture_ws/install/robot_control/lib/python3.8/site-packages'
[5.703s] Level 1:colcon.colcon_core.environment:checking '/home/faps/hand-gesture_ws/install/robot_control/bin'
[5.750s] INFO:colcon.colcon_core.shell:Creating package script '/home/faps/hand-gesture_ws/install/robot_control/share/robot_control/package.ps1'
[5.751s] INFO:colcon.colcon_core.shell:Creating package descriptor '/home/faps/hand-gesture_ws/install/robot_control/share/robot_control/package.dsv'
[5.752s] INFO:colcon.colcon_core.shell:Creating package script '/home/faps/hand-gesture_ws/install/robot_control/share/robot_control/package.sh'
[5.752s] INFO:colcon.colcon_core.shell:Creating package script '/home/faps/hand-gesture_ws/install/robot_control/share/robot_control/package.bash'
[5.753s] INFO:colcon.colcon_core.shell:Creating package script '/home/faps/hand-gesture_ws/install/robot_control/share/robot_control/package.zsh'
[5.753s] Level 1:colcon.colcon_core.environment:create_file_with_runtime_dependencies(/home/faps/hand-gesture_ws/install/robot_control/share/colcon-core/packages/robot_control)
[5.755s] INFO:colcon.colcon_ros.task.ament_cmake.build:Building ROS package in '/home/faps/hand-gesture_ws/src/robot_description' with build type 'ament_cmake'
[5.755s] INFO:colcon.colcon_cmake.task.cmake.build:Building CMake package in '/home/faps/hand-gesture_ws/src/robot_description'
[5.802s] INFO:colcon.colcon_core.shell:Skip shell extension 'powershell' for command environment: Not usable outside of PowerShell
[5.802s] DEBUG:colcon.colcon_core.shell:Skip shell extension 'dsv' for command environment
[5.934s] DEBUG:colcon.colcon_core.event_handler.log_command:Invoking command in '/home/faps/hand-gesture_ws/src/jetbot_ros': PYTHONPATH=/home/faps/hand-gesture_ws/build/jetbot_ros/prefix_override:/home/faps/hand-gesture_ws/install/jetbot_ros/lib/python3.8/site-packages:${PYTHONPATH} /usr/bin/python3 setup.py egg_info --egg-base ../../build/jetbot_ros build --build-base /home/faps/hand-gesture_ws/build/jetbot_ros/build install --record /home/faps/hand-gesture_ws/build/jetbot_ros/install.log --install-scripts $base/lib/jetbot_ros --single-version-externally-managed
[5.942s] DEBUG:colcon.colcon_core.event_handler.log_command:Invoking command in '/home/faps/hand-gesture_ws/build/robot_description': CMAKE_PREFIX_PATH=${CMAKE_PREFIX_PATH}:/home/faps/hand-gesture_ws/install/jetbot_ros:/home/faps/hand-gesture_ws/install/jetbot_navigation:/opt/ros/foxy /usr/bin/cmake --build /home/faps/hand-gesture_ws/build/robot_description -- -j2 -l2
[6.003s] DEBUG:colcon.colcon_core.event_handler.log_command:Invoked command in '/home/faps/hand-gesture_ws/build/robot_description' returned '0': CMAKE_PREFIX_PATH=${CMAKE_PREFIX_PATH}:/home/faps/hand-gesture_ws/install/jetbot_ros:/home/faps/hand-gesture_ws/install/jetbot_navigation:/opt/ros/foxy /usr/bin/cmake --build /home/faps/hand-gesture_ws/build/robot_description -- -j2 -l2
[6.041s] DEBUG:colcon.colcon_core.event_handler.log_command:Invoking command in '/home/faps/hand-gesture_ws/build/robot_description': CMAKE_PREFIX_PATH=${CMAKE_PREFIX_PATH}:/home/faps/hand-gesture_ws/install/jetbot_ros:/home/faps/hand-gesture_ws/install/jetbot_navigation:/opt/ros/foxy /usr/bin/cmake --install /home/faps/hand-gesture_ws/build/robot_description
[6.057s] Level 1:colcon.colcon_core.environment:create_environment_scripts_only(robot_description)
[6.057s] DEBUG:colcon.colcon_core.event_handler.log_command:Invoked command in '/home/faps/hand-gesture_ws/build/robot_description' returned '0': CMAKE_PREFIX_PATH=${CMAKE_PREFIX_PATH}:/home/faps/hand-gesture_ws/install/jetbot_ros:/home/faps/hand-gesture_ws/install/jetbot_navigation:/opt/ros/foxy /usr/bin/cmake --install /home/faps/hand-gesture_ws/build/robot_description
[6.113s] Level 1:colcon.colcon_core.environment:checking '/home/faps/hand-gesture_ws/install/robot_description' for CMake module files
[6.113s] Level 1:colcon.colcon_core.environment:checking '/home/faps/hand-gesture_ws/install/robot_description' for CMake config files
[6.113s] Level 1:colcon.colcon_core.shell:create_environment_hook('robot_description', 'cmake_prefix_path')
[6.150s] INFO:colcon.colcon_core.shell:Creating environment hook '/home/faps/hand-gesture_ws/install/robot_description/share/robot_description/hook/cmake_prefix_path.ps1'
[6.151s] INFO:colcon.colcon_core.shell:Creating environment descriptor '/home/faps/hand-gesture_ws/install/robot_description/share/robot_description/hook/cmake_prefix_path.dsv'
[6.151s] INFO:colcon.colcon_core.shell:Creating environment hook '/home/faps/hand-gesture_ws/install/robot_description/share/robot_description/hook/cmake_prefix_path.sh'
[6.152s] Level 1:colcon.colcon_core.environment:checking '/home/faps/hand-gesture_ws/install/robot_description/bin'
[6.152s] Level 1:colcon.colcon_core.environment:checking '/home/faps/hand-gesture_ws/install/robot_description/lib/pkgconfig/robot_description.pc'
[6.152s] Level 1:colcon.colcon_core.environment:checking '/home/faps/hand-gesture_ws/install/robot_description/lib/python3.8/site-packages'
[6.152s] Level 1:colcon.colcon_core.environment:checking '/home/faps/hand-gesture_ws/install/robot_description/bin'
[6.197s] INFO:colcon.colcon_core.shell:Creating package script '/home/faps/hand-gesture_ws/install/robot_description/share/robot_description/package.ps1'
[6.198s] INFO:colcon.colcon_core.shell:Creating package descriptor '/home/faps/hand-gesture_ws/install/robot_description/share/robot_description/package.dsv'
[6.198s] INFO:colcon.colcon_core.shell:Creating package script '/home/faps/hand-gesture_ws/install/robot_description/share/robot_description/package.sh'
[6.199s] INFO:colcon.colcon_core.shell:Creating package script '/home/faps/hand-gesture_ws/install/robot_description/share/robot_description/package.bash'
[6.199s] INFO:colcon.colcon_core.shell:Creating package script '/home/faps/hand-gesture_ws/install/robot_description/share/robot_description/package.zsh'
[6.200s] Level 1:colcon.colcon_core.environment:create_file_with_runtime_dependencies(/home/faps/hand-gesture_ws/install/robot_description/share/colcon-core/packages/robot_description)
[6.284s] Level 1:colcon.colcon_core.environment:create_environment_scripts_only(robot_description)
[6.332s] Level 1:colcon.colcon_core.environment:checking '/home/faps/hand-gesture_ws/install/robot_description' for CMake module files
[6.332s] Level 1:colcon.colcon_core.environment:checking '/home/faps/hand-gesture_ws/install/robot_description' for CMake config files
[6.333s] Level 1:colcon.colcon_core.shell:create_environment_hook('robot_description', 'cmake_prefix_path')
[6.389s] INFO:colcon.colcon_core.shell:Creating environment hook '/home/faps/hand-gesture_ws/install/robot_description/share/robot_description/hook/cmake_prefix_path.ps1'
[6.390s] INFO:colcon.colcon_core.shell:Creating environment descriptor '/home/faps/hand-gesture_ws/install/robot_description/share/robot_description/hook/cmake_prefix_path.dsv'
[6.390s] INFO:colcon.colcon_core.shell:Creating environment hook '/home/faps/hand-gesture_ws/install/robot_description/share/robot_description/hook/cmake_prefix_path.sh'
[6.391s] Level 1:colcon.colcon_core.environment:checking '/home/faps/hand-gesture_ws/install/robot_description/bin'
[6.391s] Level 1:colcon.colcon_core.environment:checking '/home/faps/hand-gesture_ws/install/robot_description/lib/pkgconfig/robot_description.pc'
[6.391s] Level 1:colcon.colcon_core.environment:checking '/home/faps/hand-gesture_ws/install/robot_description/lib/python3.8/site-packages'
[6.392s] Level 1:colcon.colcon_core.environment:checking '/home/faps/hand-gesture_ws/install/robot_description/bin'
[6.441s] INFO:colcon.colcon_core.shell:Creating package script '/home/faps/hand-gesture_ws/install/robot_description/share/robot_description/package.ps1'
[6.442s] INFO:colcon.colcon_core.shell:Creating package descriptor '/home/faps/hand-gesture_ws/install/robot_description/share/robot_description/package.dsv'
[6.442s] INFO:colcon.colcon_core.shell:Creating package script '/home/faps/hand-gesture_ws/install/robot_description/share/robot_description/package.sh'
[6.443s] INFO:colcon.colcon_core.shell:Creating package script '/home/faps/hand-gesture_ws/install/robot_description/share/robot_description/package.bash'
[6.443s] INFO:colcon.colcon_core.shell:Creating package script '/home/faps/hand-gesture_ws/install/robot_description/share/robot_description/package.zsh'
[6.444s] Level 1:colcon.colcon_core.environment:create_file_with_runtime_dependencies(/home/faps/hand-gesture_ws/install/robot_description/share/colcon-core/packages/robot_description)
[6.446s] DEBUG:colcon.colcon_core.event_handler.log_command:Invoked command in '/home/faps/hand-gesture_ws/src/jetbot_ros' returned '0': PYTHONPATH=/home/faps/hand-gesture_ws/build/jetbot_ros/prefix_override:/home/faps/hand-gesture_ws/install/jetbot_ros/lib/python3.8/site-packages:${PYTHONPATH} /usr/bin/python3 setup.py egg_info --egg-base ../../build/jetbot_ros build --build-base /home/faps/hand-gesture_ws/build/jetbot_ros/build install --record /home/faps/hand-gesture_ws/build/jetbot_ros/install.log --install-scripts $base/lib/jetbot_ros --single-version-externally-managed
[6.491s] Level 1:colcon.colcon_core.environment:checking '/home/faps/hand-gesture_ws/install/jetbot_ros' for CMake module files
[6.491s] Level 1:colcon.colcon_core.environment:checking '/home/faps/hand-gesture_ws/install/jetbot_ros' for CMake config files
[6.492s] Level 1:colcon.colcon_core.environment:checking '/home/faps/hand-gesture_ws/install/jetbot_ros/lib'
[6.492s] Level 1:colcon.colcon_core.environment:checking '/home/faps/hand-gesture_ws/install/jetbot_ros/bin'
[6.492s] Level 1:colcon.colcon_core.environment:checking '/home/faps/hand-gesture_ws/install/jetbot_ros/lib/pkgconfig/jetbot_ros.pc'
[6.492s] Level 1:colcon.colcon_core.environment:checking '/home/faps/hand-gesture_ws/install/jetbot_ros/lib/python3.8/site-packages'
[6.492s] Level 1:colcon.colcon_core.shell:create_environment_hook('jetbot_ros', 'pythonpath')
[6.529s] INFO:colcon.colcon_core.shell:Creating environment hook '/home/faps/hand-gesture_ws/install/jetbot_ros/share/jetbot_ros/hook/pythonpath.ps1'
[6.530s] INFO:colcon.colcon_core.shell:Creating environment descriptor '/home/faps/hand-gesture_ws/install/jetbot_ros/share/jetbot_ros/hook/pythonpath.dsv'
[6.530s] INFO:colcon.colcon_core.shell:Creating environment hook '/home/faps/hand-gesture_ws/install/jetbot_ros/share/jetbot_ros/hook/pythonpath.sh'
[6.530s] Level 1:colcon.colcon_core.environment:checking '/home/faps/hand-gesture_ws/install/jetbot_ros/bin'
[6.530s] Level 1:colcon.colcon_core.environment:create_environment_scripts_only(jetbot_ros)
[6.571s] INFO:colcon.colcon_core.shell:Creating package script '/home/faps/hand-gesture_ws/install/jetbot_ros/share/jetbot_ros/package.ps1'
[6.572s] INFO:colcon.colcon_core.shell:Creating package descriptor '/home/faps/hand-gesture_ws/install/jetbot_ros/share/jetbot_ros/package.dsv'
[6.573s] INFO:colcon.colcon_core.shell:Creating package script '/home/faps/hand-gesture_ws/install/jetbot_ros/share/jetbot_ros/package.sh'
[6.573s] INFO:colcon.colcon_core.shell:Creating package script '/home/faps/hand-gesture_ws/install/jetbot_ros/share/jetbot_ros/package.bash'
[6.574s] INFO:colcon.colcon_core.shell:Creating package script '/home/faps/hand-gesture_ws/install/jetbot_ros/share/jetbot_ros/package.zsh'
[6.575s] Level 1:colcon.colcon_core.environment:create_file_with_runtime_dependencies(/home/faps/hand-gesture_ws/install/jetbot_ros/share/colcon-core/packages/jetbot_ros)
[6.575s] DEBUG:colcon.colcon_parallel_executor.executor.parallel:closing loop
[6.576s] DEBUG:colcon.colcon_parallel_executor.executor.parallel:loop closed
[6.576s] DEBUG:colcon.colcon_parallel_executor.executor.parallel:run_until_complete finished with '0'
[6.576s] DEBUG:colcon.colcon_core.event_reactor:joining thread
[6.625s] INFO:colcon.colcon_core.plugin_system:Skipping extension 'colcon_notification.desktop_notification.terminal_notifier': Not used on non-Darwin systems
[6.626s] INFO:colcon.colcon_core.plugin_system:Skipping extension 'colcon_notification.desktop_notification.win32': Not used on non-Windows systems
[6.626s] INFO:colcon.colcon_notification.desktop_notification:Sending desktop notification using 'notify2'
[6.644s] DEBUG:colcon.colcon_core.event_reactor:joined thread
[6.693s] INFO:colcon.colcon_core.shell:Creating prefix script '/home/faps/hand-gesture_ws/install/local_setup.ps1'
[6.694s] INFO:colcon.colcon_core.shell:Creating prefix util module '/home/faps/hand-gesture_ws/install/_local_setup_util_ps1.py'
[6.696s] INFO:colcon.colcon_core.shell:Creating prefix chain script '/home/faps/hand-gesture_ws/install/setup.ps1'
[6.741s] INFO:colcon.colcon_core.shell:Creating prefix script '/home/faps/hand-gesture_ws/install/local_setup.sh'
[6.741s] INFO:colcon.colcon_core.shell:Creating prefix util module '/home/faps/hand-gesture_ws/install/_local_setup_util_sh.py'
[6.742s] INFO:colcon.colcon_core.shell:Creating prefix chain script '/home/faps/hand-gesture_ws/install/setup.sh'
[6.785s] INFO:colcon.colcon_core.shell:Creating prefix script '/home/faps/hand-gesture_ws/install/local_setup.bash'
[6.786s] INFO:colcon.colcon_core.shell:Creating prefix chain script '/home/faps/hand-gesture_ws/install/setup.bash'
[6.830s] INFO:colcon.colcon_core.shell:Creating prefix script '/home/faps/hand-gesture_ws/install/local_setup.zsh'
[6.831s] INFO:colcon.colcon_core.shell:Creating prefix chain script '/home/faps/hand-gesture_ws/install/setup.zsh'
