[0.224s] Invoking command in '/home/faps/hand-gesture_ws/build/robot_description': CMAKE_PREFIX_PATH=${CMAKE_PREFIX_PATH}:/home/faps/hand-gesture_ws/install/jetbot_ros:/home/faps/hand-gesture_ws/install/jetbot_navigation:/opt/ros/foxy /usr/bin/cmake /home/faps/hand-gesture_ws/src/robot_description -DCMAKE_INSTALL_PREFIX=/home/faps/hand-gesture_ws/install/robot_description
[0.302s] -- The C compiler identification is GNU 9.4.0
[0.361s] -- The CXX compiler identification is GNU 9.4.0
[0.368s] -- Check for working C compiler: /usr/bin/cc
[0.451s] -- Check for working C compiler: /usr/bin/cc -- works
[0.452s] -- Detecting C compiler ABI info
[0.530s] -- Detecting C compiler ABI info - done
[0.545s] -- Detecting C compile features
[0.546s] -- Detecting C compile features - done
[0.550s] -- Check for working CXX compiler: /usr/bin/c++
[0.639s] -- Check for working CXX compiler: /usr/bin/c++ -- works
[0.640s] -- Detecting CXX compiler ABI info
[0.760s] -- Detecting CXX compiler ABI info - done
[0.774s] -- Detecting CXX compile features
[0.774s] -- Detecting CXX compile features - done
[0.777s] -- Found ament_cmake: 0.9.12 (/opt/ros/foxy/share/ament_cmake/cmake)
[0.816s] -- Found PythonInterp: /usr/bin/python3 (found suitable version "3.8.10", minimum required is "3") 
[0.817s] -- Using PYTHON_EXECUTABLE: /usr/bin/python3
[1.038s] -- Found ament_lint_auto: 0.9.8 (/opt/ros/foxy/share/ament_lint_auto/cmake)
[1.137s] -- Added test 'copyright' to check source files copyright and LICENSE
[1.140s] -- Added test 'flake8' to check Python code syntax and style conventions
[1.142s] -- Added test 'lint_cmake' to check CMake code style
[1.142s] -- Added test 'pep257' to check Python code against some of the style conventions in PEP 257
[1.144s] -- Added test 'xmllint' to check XML markup files
[1.146s] -- Configuring done
[1.148s] -- Generating done
[1.150s] -- Build files have been written to: /home/faps/hand-gesture_ws/build/robot_description
[1.173s] Invoked command in '/home/faps/hand-gesture_ws/build/robot_description' returned '0': CMAKE_PREFIX_PATH=${CMAKE_PREFIX_PATH}:/home/faps/hand-gesture_ws/install/jetbot_ros:/home/faps/hand-gesture_ws/install/jetbot_navigation:/opt/ros/foxy /usr/bin/cmake /home/faps/hand-gesture_ws/src/robot_description -DCMAKE_INSTALL_PREFIX=/home/faps/hand-gesture_ws/install/robot_description
[1.174s] Invoking command in '/home/faps/hand-gesture_ws/build/robot_description': CMAKE_PREFIX_PATH=${CMAKE_PREFIX_PATH}:/home/faps/hand-gesture_ws/install/jetbot_ros:/home/faps/hand-gesture_ws/install/jetbot_navigation:/opt/ros/foxy /usr/bin/cmake --build /home/faps/hand-gesture_ws/build/robot_description -- -j2 -l2
[1.220s] Invoked command in '/home/faps/hand-gesture_ws/build/robot_description' returned '0': CMAKE_PREFIX_PATH=${CMAKE_PREFIX_PATH}:/home/faps/hand-gesture_ws/install/jetbot_ros:/home/faps/hand-gesture_ws/install/jetbot_navigation:/opt/ros/foxy /usr/bin/cmake --build /home/faps/hand-gesture_ws/build/robot_description -- -j2 -l2
[1.252s] Invoking command in '/home/faps/hand-gesture_ws/build/robot_description': CMAKE_PREFIX_PATH=${CMAKE_PREFIX_PATH}:/home/faps/hand-gesture_ws/install/jetbot_ros:/home/faps/hand-gesture_ws/install/jetbot_navigation:/opt/ros/foxy /usr/bin/cmake --install /home/faps/hand-gesture_ws/build/robot_description
[1.265s] -- Install configuration: ""
[1.265s] -- Installing: /home/faps/hand-gesture_ws/install/robot_description/share/robot_description/launch
[1.265s] -- Installing: /home/faps/hand-gesture_ws/install/robot_description/share/robot_description/launch/launch_all.py
[1.265s] -- Installing: /home/faps/hand-gesture_ws/install/robot_description/share/robot_description/launch/launch_rviz.py
[1.265s] -- Installing: /home/faps/hand-gesture_ws/install/robot_description/share/robot_description/launch/launch_simulation.py
[1.265s] -- Installing: /home/faps/hand-gesture_ws/install/robot_description/share/robot_description/world
[1.265s] -- Installing: /home/faps/hand-gesture_ws/install/robot_description/share/robot_description/world/maze.world
[1.266s] -- Installing: /home/faps/hand-gesture_ws/install/robot_description/share/robot_description/world/jetbot_demo.world
[1.266s] -- Installing: /home/faps/hand-gesture_ws/install/robot_description/share/robot_description/world/my_world.world
[1.267s] -- Installing: /home/faps/hand-gesture_ws/install/robot_description/share/robot_description/sdf
[1.267s] -- Installing: /home/faps/hand-gesture_ws/install/robot_description/share/robot_description/sdf/robot.sdf
[1.268s] -- Installing: /home/faps/hand-gesture_ws/install/robot_description/share/robot_description/sdf/robot.urdf
[1.269s] -- Installing: /home/faps/hand-gesture_ws/install/robot_description/share/robot_description/sdf/robot.config
[1.269s] -- Installing: /home/faps/hand-gesture_ws/install/robot_description/share/robot_description/rviz
[1.270s] -- Installing: /home/faps/hand-gesture_ws/install/robot_description/share/robot_description/rviz/stage.rviz
[1.270s] -- Installing: /home/faps/hand-gesture_ws/install/robot_description/share/ament_index/resource_index/package_run_dependencies/robot_description
[1.270s] -- Installing: /home/faps/hand-gesture_ws/install/robot_description/share/ament_index/resource_index/parent_prefix_path/robot_description
[1.271s] -- Installing: /home/faps/hand-gesture_ws/install/robot_description/share/robot_description/environment/ament_prefix_path.sh
[1.271s] -- Installing: /home/faps/hand-gesture_ws/install/robot_description/share/robot_description/environment/ament_prefix_path.dsv
[1.271s] -- Installing: /home/faps/hand-gesture_ws/install/robot_description/share/robot_description/environment/path.sh
[1.271s] -- Installing: /home/faps/hand-gesture_ws/install/robot_description/share/robot_description/environment/path.dsv
[1.271s] -- Installing: /home/faps/hand-gesture_ws/install/robot_description/share/robot_description/local_setup.bash
[1.271s] -- Installing: /home/faps/hand-gesture_ws/install/robot_description/share/robot_description/local_setup.sh
[1.272s] -- Installing: /home/faps/hand-gesture_ws/install/robot_description/share/robot_description/local_setup.zsh
[1.272s] -- Installing: /home/faps/hand-gesture_ws/install/robot_description/share/robot_description/local_setup.dsv
[1.272s] -- Installing: /home/faps/hand-gesture_ws/install/robot_description/share/robot_description/package.dsv
[1.272s] -- Installing: /home/faps/hand-gesture_ws/install/robot_description/share/ament_index/resource_index/packages/robot_description
[1.272s] -- Installing: /home/faps/hand-gesture_ws/install/robot_description/share/robot_description/cmake/robot_descriptionConfig.cmake
[1.272s] -- Installing: /home/faps/hand-gesture_ws/install/robot_description/share/robot_description/cmake/robot_descriptionConfig-version.cmake
[1.272s] -- Installing: /home/faps/hand-gesture_ws/install/robot_description/share/robot_description/package.xml
[1.275s] Invoked command in '/home/faps/hand-gesture_ws/build/robot_description' returned '0': CMAKE_PREFIX_PATH=${CMAKE_PREFIX_PATH}:/home/faps/hand-gesture_ws/install/jetbot_ros:/home/faps/hand-gesture_ws/install/jetbot_navigation:/opt/ros/foxy /usr/bin/cmake --install /home/faps/hand-gesture_ws/build/robot_description
