-- The C compiler identification is GNU 9.4.0
-- The CXX compiler identification is GNU 9.4.0
-- Check for working C compiler: /usr/bin/cc
-- Check for working C compiler: /usr/bin/cc -- works
-- Detecting C compiler ABI info
-- Detecting C compiler ABI info - done
-- Detecting C compile features
-- Detecting C compile features - done
-- Check for working CXX compiler: /usr/bin/c++
-- Check for working CXX compiler: /usr/bin/c++ -- works
-- Detecting CXX compiler ABI info
-- Detecting CXX compiler ABI info - done
-- Detecting CXX compile features
-- Detecting CXX compile features - done
-- Found ament_cmake: 0.9.12 (/opt/ros/foxy/share/ament_cmake/cmake)
-- Found PythonInterp: /usr/bin/python3 (found suitable version "3.8.10", minimum required is "3") 
-- Using PYTHON_EXECUTABLE: /usr/bin/python3
-- Found rclpy: 1.0.13 (/opt/ros/foxy/share/rclpy/cmake)
-- Found std_msgs: 2.0.5 (/opt/ros/foxy/share/std_msgs/cmake)
-- Using all available rosidl_typesupport_c: rosidl_typesupport_fastrtps_c;rosidl_typesupport_introspection_c
-- Found rosidl_adapter: 1.3.1 (/opt/ros/foxy/share/rosidl_adapter/cmake)
-- Found OpenSSL: /usr/lib/x86_64-linux-gnu/libcrypto.so (found version "1.1.1f")  
-- Found FastRTPS: /opt/ros/foxy/include  
-- Using all available rosidl_typesupport_cpp: rosidl_typesupport_fastrtps_cpp;rosidl_typesupport_introspection_cpp
-- Found geometry_msgs: 2.0.5 (/opt/ros/foxy/share/geometry_msgs/cmake)
-- Found ament_lint_auto: 0.9.8 (/opt/ros/foxy/share/ament_lint_auto/cmake)
-- Added test 'copyright' to check source files copyright and LICENSE
-- Added test 'flake8' to check Python code syntax and style conventions
-- Added test 'lint_cmake' to check CMake code style
-- Added test 'pep257' to check Python code against some of the style conventions in PEP 257
-- Added test 'xmllint' to check XML markup files
-- Configuring done
-- Generating done
-- Build files have been written to: /home/faps/hand-gesture_ws/build/robot_control
-- Install configuration: ""
-- Installing: /home/faps/hand-gesture_ws/install/robot_control/lib/robot_control/robot_control_node.py
-- Installing: /home/faps/hand-gesture_ws/install/robot_control/share/robot_control/launch
-- Installing: /home/faps/hand-gesture_ws/install/robot_control/share/robot_control/launch/launch_robot_control.py
-- Installing: /home/faps/hand-gesture_ws/install/robot_control/share/ament_index/resource_index/package_run_dependencies/robot_control
-- Installing: /home/faps/hand-gesture_ws/install/robot_control/share/ament_index/resource_index/parent_prefix_path/robot_control
-- Installing: /home/faps/hand-gesture_ws/install/robot_control/share/robot_control/environment/ament_prefix_path.sh
-- Installing: /home/faps/hand-gesture_ws/install/robot_control/share/robot_control/environment/ament_prefix_path.dsv
-- Installing: /home/faps/hand-gesture_ws/install/robot_control/share/robot_control/environment/path.sh
-- Installing: /home/faps/hand-gesture_ws/install/robot_control/share/robot_control/environment/path.dsv
-- Installing: /home/faps/hand-gesture_ws/install/robot_control/share/robot_control/local_setup.bash
-- Installing: /home/faps/hand-gesture_ws/install/robot_control/share/robot_control/local_setup.sh
-- Installing: /home/faps/hand-gesture_ws/install/robot_control/share/robot_control/local_setup.zsh
-- Installing: /home/faps/hand-gesture_ws/install/robot_control/share/robot_control/local_setup.dsv
-- Installing: /home/faps/hand-gesture_ws/install/robot_control/share/robot_control/package.dsv
-- Installing: /home/faps/hand-gesture_ws/install/robot_control/share/ament_index/resource_index/packages/robot_control
-- Installing: /home/faps/hand-gesture_ws/install/robot_control/share/robot_control/cmake/robot_controlConfig.cmake
-- Installing: /home/faps/hand-gesture_ws/install/robot_control/share/robot_control/cmake/robot_controlConfig-version.cmake
-- Installing: /home/faps/hand-gesture_ws/install/robot_control/share/robot_control/package.xml
