/home/faps/hand-gesture_ws/install/jetbot_ros/lib/python3.8/site-packages/jetbot_ros/gazebo_spawn.py
/home/faps/hand-gesture_ws/install/jetbot_ros/lib/python3.8/site-packages/jetbot_ros/data_collection.py
/home/faps/hand-gesture_ws/install/jetbot_ros/lib/python3.8/site-packages/jetbot_ros/motors_nvidia.py
/home/faps/hand-gesture_ws/install/jetbot_ros/lib/python3.8/site-packages/jetbot_ros/__init__.py
/home/faps/hand-gesture_ws/install/jetbot_ros/lib/python3.8/site-packages/jetbot_ros/oled.py
/home/faps/hand-gesture_ws/install/jetbot_ros/lib/python3.8/site-packages/jetbot_ros/oled_ssd1306.py
/home/faps/hand-gesture_ws/install/jetbot_ros/lib/python3.8/site-packages/jetbot_ros/motors.py
/home/faps/hand-gesture_ws/install/jetbot_ros/lib/python3.8/site-packages/jetbot_ros/motors_waveshare.py
/home/faps/hand-gesture_ws/install/jetbot_ros/lib/python3.8/site-packages/jetbot_ros/teleop_keyboard.py
/home/faps/hand-gesture_ws/install/jetbot_ros/lib/python3.8/site-packages/jetbot_ros/nav_model.py
/home/faps/hand-gesture_ws/install/jetbot_ros/lib/python3.8/site-packages/jetbot_ros/motors_sparkfun.py
/home/faps/hand-gesture_ws/install/jetbot_ros/lib/python3.8/site-packages/jetbot_ros/dnn/train.py
/home/faps/hand-gesture_ws/install/jetbot_ros/lib/python3.8/site-packages/jetbot_ros/dnn/__init__.py
/home/faps/hand-gesture_ws/install/jetbot_ros/lib/python3.8/site-packages/jetbot_ros/dnn/xy_dataset.py
/home/faps/hand-gesture_ws/install/jetbot_ros/lib/python3.8/site-packages/jetbot_ros/dnn/navigation_model.py
/home/faps/hand-gesture_ws/install/jetbot_ros/lib/python3.8/site-packages/jetbot_ros/dnn/reshape_model.py
/home/faps/hand-gesture_ws/install/jetbot_ros/lib/python3.8/site-packages/jetbot_ros/__pycache__/gazebo_spawn.cpython-38.pyc
/home/faps/hand-gesture_ws/install/jetbot_ros/lib/python3.8/site-packages/jetbot_ros/__pycache__/data_collection.cpython-38.pyc
/home/faps/hand-gesture_ws/install/jetbot_ros/lib/python3.8/site-packages/jetbot_ros/__pycache__/motors_nvidia.cpython-38.pyc
/home/faps/hand-gesture_ws/install/jetbot_ros/lib/python3.8/site-packages/jetbot_ros/__pycache__/__init__.cpython-38.pyc
/home/faps/hand-gesture_ws/install/jetbot_ros/lib/python3.8/site-packages/jetbot_ros/__pycache__/oled.cpython-38.pyc
/home/faps/hand-gesture_ws/install/jetbot_ros/lib/python3.8/site-packages/jetbot_ros/__pycache__/oled_ssd1306.cpython-38.pyc
/home/faps/hand-gesture_ws/install/jetbot_ros/lib/python3.8/site-packages/jetbot_ros/__pycache__/motors.cpython-38.pyc
/home/faps/hand-gesture_ws/install/jetbot_ros/lib/python3.8/site-packages/jetbot_ros/__pycache__/motors_waveshare.cpython-38.pyc
/home/faps/hand-gesture_ws/install/jetbot_ros/lib/python3.8/site-packages/jetbot_ros/__pycache__/teleop_keyboard.cpython-38.pyc
/home/faps/hand-gesture_ws/install/jetbot_ros/lib/python3.8/site-packages/jetbot_ros/__pycache__/nav_model.cpython-38.pyc
/home/faps/hand-gesture_ws/install/jetbot_ros/lib/python3.8/site-packages/jetbot_ros/__pycache__/motors_sparkfun.cpython-38.pyc
/home/faps/hand-gesture_ws/install/jetbot_ros/lib/python3.8/site-packages/jetbot_ros/dnn/__pycache__/train.cpython-38.pyc
/home/faps/hand-gesture_ws/install/jetbot_ros/lib/python3.8/site-packages/jetbot_ros/dnn/__pycache__/__init__.cpython-38.pyc
/home/faps/hand-gesture_ws/install/jetbot_ros/lib/python3.8/site-packages/jetbot_ros/dnn/__pycache__/xy_dataset.cpython-38.pyc
/home/faps/hand-gesture_ws/install/jetbot_ros/lib/python3.8/site-packages/jetbot_ros/dnn/__pycache__/navigation_model.cpython-38.pyc
/home/faps/hand-gesture_ws/install/jetbot_ros/lib/python3.8/site-packages/jetbot_ros/dnn/__pycache__/reshape_model.cpython-38.pyc
/home/faps/hand-gesture_ws/install/jetbot_ros/share/ament_index/resource_index/packages/jetbot_ros
/home/faps/hand-gesture_ws/install/jetbot_ros/share/jetbot_ros/package.xml
/home/faps/hand-gesture_ws/install/jetbot_ros/share/jetbot_ros/launch/gazebo_world.launch.py
/home/faps/hand-gesture_ws/install/jetbot_ros/share/jetbot_ros/launch/gazebo_nav.launch.py
/home/faps/hand-gesture_ws/install/jetbot_ros/share/jetbot_ros/launch/data_collection.launch.py
/home/faps/hand-gesture_ws/install/jetbot_ros/share/jetbot_ros/launch/teleop_keyboard.launch.py
/home/faps/hand-gesture_ws/install/jetbot_ros/share/jetbot_ros/launch/nav_model.launch.py
/home/faps/hand-gesture_ws/install/jetbot_ros/share/jetbot_ros/launch/jetbot_sparkfun.launch.py
/home/faps/hand-gesture_ws/install/jetbot_ros/share/jetbot_ros/launch/jetbot_nvidia.launch.py
/home/faps/hand-gesture_ws/install/jetbot_ros/share/jetbot_ros/launch/log/COLCON_IGNORE
/home/faps/hand-gesture_ws/install/jetbot_ros/share/jetbot_ros/launch/log/build_2024-01-23_06-26-22/events.log
/home/faps/hand-gesture_ws/install/jetbot_ros/share/jetbot_ros/launch/log/build_2024-01-23_06-26-22/logger_all.log
/home/faps/hand-gesture_ws/install/jetbot_ros/share/jetbot_ros/launch/build/COLCON_IGNORE
/home/faps/hand-gesture_ws/install/jetbot_ros/share/jetbot_ros/launch/install/COLCON_IGNORE
/home/faps/hand-gesture_ws/install/jetbot_ros/share/jetbot_ros/launch/install/setup.ps1
/home/faps/hand-gesture_ws/install/jetbot_ros/share/jetbot_ros/launch/install/local_setup.bash
/home/faps/hand-gesture_ws/install/jetbot_ros/share/jetbot_ros/launch/install/local_setup.zsh
/home/faps/hand-gesture_ws/install/jetbot_ros/share/jetbot_ros/launch/install/setup.sh
/home/faps/hand-gesture_ws/install/jetbot_ros/share/jetbot_ros/launch/install/local_setup.sh
/home/faps/hand-gesture_ws/install/jetbot_ros/share/jetbot_ros/launch/install/setup.zsh
/home/faps/hand-gesture_ws/install/jetbot_ros/share/jetbot_ros/launch/install/_local_setup_util_sh.py
/home/faps/hand-gesture_ws/install/jetbot_ros/share/jetbot_ros/launch/install/_local_setup_util_ps1.py
/home/faps/hand-gesture_ws/install/jetbot_ros/share/jetbot_ros/launch/install/setup.bash
/home/faps/hand-gesture_ws/install/jetbot_ros/share/jetbot_ros/launch/install/local_setup.ps1
/home/faps/hand-gesture_ws/install/jetbot_ros/share/jetbot_ros/worlds/dirt_path.world
/home/faps/hand-gesture_ws/install/jetbot_ros/share/jetbot_ros/worlds/maze.world
/home/faps/hand-gesture_ws/install/jetbot_ros/share/jetbot_ros/worlds/maze_simple_diff.world
/home/faps/hand-gesture_ws/install/jetbot_ros/share/jetbot_ros/worlds/dirt_path_curves.world
/home/faps/hand-gesture_ws/install/jetbot_ros/share/jetbot_ros/worlds/dirt_path_curves_simple_diff.world
/home/faps/hand-gesture_ws/install/jetbot_ros/share/jetbot_ros/worlds/maze_obstacles_simple_diff.world
/home/faps/hand-gesture_ws/install/jetbot_ros/share/jetbot_ros/worlds/maze_obstacles.world
/home/faps/hand-gesture_ws/install/jetbot_ros/share/jetbot_ros/worlds/dirt_path_simple_diff.world
/home/faps/hand-gesture_ws/install/jetbot_ros/share/jetbot_ros/models
/home/faps/hand-gesture_ws/install/jetbot_ros/share/jetbot_ros/models/simple_diff_ros/model.config
/home/faps/hand-gesture_ws/install/jetbot_ros/share/jetbot_ros/models/simple_diff_ros/model.sdf
/home/faps/hand-gesture_ws/install/jetbot_ros/share/jetbot_ros/models/dirt_path_curves/model.config
/home/faps/hand-gesture_ws/install/jetbot_ros/share/jetbot_ros/models/dirt_path_curves/ground_stone_ground_0002_02_tiled_1024.jpg
/home/faps/hand-gesture_ws/install/jetbot_ros/share/jetbot_ros/models/dirt_path_curves/grass_grass_0105_02_tiled_1024.jpg
/home/faps/hand-gesture_ws/install/jetbot_ros/share/jetbot_ros/models/dirt_path_curves/model.sdf
/home/faps/hand-gesture_ws/install/jetbot_ros/share/jetbot_ros/models/dirt_path_curves/dirt_path_curves.dae
/home/faps/hand-gesture_ws/install/jetbot_ros/share/jetbot_ros/models/ground_plane_grass/model.config
/home/faps/hand-gesture_ws/install/jetbot_ros/share/jetbot_ros/models/ground_plane_grass/grass_grass_0105_02_tiled_1024.jpg
/home/faps/hand-gesture_ws/install/jetbot_ros/share/jetbot_ros/models/ground_plane_grass/model.sdf
/home/faps/hand-gesture_ws/install/jetbot_ros/share/jetbot_ros/models/ground_plane_grass/ground_plane_grass.blend
/home/faps/hand-gesture_ws/install/jetbot_ros/share/jetbot_ros/models/ground_plane_grass/ground_plane_grass.dae
/home/faps/hand-gesture_ws/install/jetbot_ros/share/jetbot_ros/models/simple_diff/model.config
/home/faps/hand-gesture_ws/install/jetbot_ros/share/jetbot_ros/models/simple_diff/model.sdf
/home/faps/hand-gesture_ws/install/jetbot_ros/share/jetbot_ros/models/dirt_path/dirt_path.dae
/home/faps/hand-gesture_ws/install/jetbot_ros/share/jetbot_ros/models/dirt_path/model.config
/home/faps/hand-gesture_ws/install/jetbot_ros/share/jetbot_ros/models/dirt_path/ground_stone_ground_0002_02_tiled_1024.jpg
/home/faps/hand-gesture_ws/install/jetbot_ros/share/jetbot_ros/models/dirt_path/grass_grass_0105_02_tiled_1024.jpg
/home/faps/hand-gesture_ws/install/jetbot_ros/share/jetbot_ros/models/dirt_path/model.sdf
/home/faps/hand-gesture_ws/install/jetbot_ros/share/jetbot_ros/models/jetbot/model.config
/home/faps/hand-gesture_ws/install/jetbot_ros/share/jetbot_ros/models/jetbot/model.original.sdf
/home/faps/hand-gesture_ws/install/jetbot_ros/share/jetbot_ros/models/jetbot/model.sdf
/home/faps/hand-gesture_ws/install/jetbot_ros/share/jetbot_ros/models/jetbot/meshes/JetBot-v3-Wheel.stl
/home/faps/hand-gesture_ws/install/jetbot_ros/share/jetbot_ros/models/jetbot/meshes/JetBot-v3-Chassis.stl
/home/faps/hand-gesture_ws/install/jetbot_ros/share/jetbot_ros/models/jetbot/meshes/JetBot-v3-Chassis.dae
/home/faps/hand-gesture_ws/install/jetbot_ros/share/jetbot_ros/models/jetbot/meshes/JetBot-v3-Chassis_simplified.stl
/home/faps/hand-gesture_ws/install/jetbot_ros/share/jetbot_ros/models/maze/model.config
/home/faps/hand-gesture_ws/install/jetbot_ros/share/jetbot_ros/models/maze/model.sdf
/home/faps/hand-gesture_ws/install/jetbot_ros/lib/python3.8/site-packages/jetbot_ros-0.0.0-py3.8.egg-info/PKG-INFO
/home/faps/hand-gesture_ws/install/jetbot_ros/lib/python3.8/site-packages/jetbot_ros-0.0.0-py3.8.egg-info/SOURCES.txt
/home/faps/hand-gesture_ws/install/jetbot_ros/lib/python3.8/site-packages/jetbot_ros-0.0.0-py3.8.egg-info/top_level.txt
/home/faps/hand-gesture_ws/install/jetbot_ros/lib/python3.8/site-packages/jetbot_ros-0.0.0-py3.8.egg-info/requires.txt
/home/faps/hand-gesture_ws/install/jetbot_ros/lib/python3.8/site-packages/jetbot_ros-0.0.0-py3.8.egg-info/zip-safe
/home/faps/hand-gesture_ws/install/jetbot_ros/lib/python3.8/site-packages/jetbot_ros-0.0.0-py3.8.egg-info/entry_points.txt
/home/faps/hand-gesture_ws/install/jetbot_ros/lib/python3.8/site-packages/jetbot_ros-0.0.0-py3.8.egg-info/dependency_links.txt
/home/faps/hand-gesture_ws/install/jetbot_ros/lib/jetbot_ros/data_collection
/home/faps/hand-gesture_ws/install/jetbot_ros/lib/jetbot_ros/gazebo_spawn
/home/faps/hand-gesture_ws/install/jetbot_ros/lib/jetbot_ros/motors_nvidia
/home/faps/hand-gesture_ws/install/jetbot_ros/lib/jetbot_ros/motors_sparkfun
/home/faps/hand-gesture_ws/install/jetbot_ros/lib/jetbot_ros/motors_waveshare
/home/faps/hand-gesture_ws/install/jetbot_ros/lib/jetbot_ros/nav_model
/home/faps/hand-gesture_ws/install/jetbot_ros/lib/jetbot_ros/oled_ssd1306
/home/faps/hand-gesture_ws/install/jetbot_ros/lib/jetbot_ros/teleop_keyboard
